INFO - 2022-12-06 13:55:23 --> Config Class Initialized
INFO - 2022-12-06 13:55:23 --> Hooks Class Initialized
DEBUG - 2022-12-06 13:55:23 --> UTF-8 Support Enabled
INFO - 2022-12-06 13:55:23 --> Utf8 Class Initialized
INFO - 2022-12-06 13:55:23 --> URI Class Initialized
INFO - 2022-12-06 13:55:23 --> Router Class Initialized
INFO - 2022-12-06 13:55:23 --> Output Class Initialized
INFO - 2022-12-06 13:55:23 --> Security Class Initialized
DEBUG - 2022-12-06 13:55:23 --> Global POST, GET and COOKIE data sanitized
INFO - 2022-12-06 13:55:23 --> Input Class Initialized
INFO - 2022-12-06 13:55:23 --> Language Class Initialized
INFO - 2022-12-06 13:55:23 --> Loader Class Initialized
INFO - 2022-12-06 13:55:23 --> Helper loaded: url_helper
INFO - 2022-12-06 13:55:23 --> Helper loaded: form_helper
INFO - 2022-12-06 13:55:23 --> Helper loaded: cookie_helper
INFO - 2022-12-06 13:55:23 --> Helper loaded: file_helper
INFO - 2022-12-06 13:55:23 --> Helper loaded: html_helper
INFO - 2022-12-06 13:55:23 --> Database Driver Class Initialized
INFO - 2022-12-06 13:55:23 --> Session: Class initialized using 'files' driver.
INFO - 2022-12-06 13:55:23 --> Form Validation Class Initialized
DEBUG - 2022-12-06 13:55:23 --> Encryption: Auto-configured driver 'openssl'.
INFO - 2022-12-06 13:55:23 --> Encryption: OpenSSL initialized with method AES-128-CBC.
INFO - 2022-12-06 13:55:23 --> Encryption Class Initialized
INFO - 2022-12-06 13:55:23 --> Email Class Initialized
INFO - 2022-12-06 13:55:23 --> Upload Class Initialized
INFO - 2022-12-06 13:55:23 --> Model "UserModel" initialized
INFO - 2022-12-06 13:55:24 --> Model "UtilView" initialized
INFO - 2022-12-06 13:55:24 --> Model "LoaderView" initialized
INFO - 2022-12-06 13:55:24 --> Controller Class Initialized
INFO - 2022-12-06 13:55:24 --> File loaded: /home/mrmaxpomme/Domo/equipe1-1/Casporama/application/views/templates/head.php
INFO - 2022-12-06 13:55:24 --> File loaded: /home/mrmaxpomme/Domo/equipe1-1/Casporama/application/views/templates/header.php
INFO - 2022-12-06 13:55:24 --> File loaded: /home/mrmaxpomme/Domo/equipe1-1/Casporama/application/views/templates/content.php
INFO - 2022-12-06 13:55:24 --> File loaded: /home/mrmaxpomme/Domo/equipe1-1/Casporama/application/views/templates/footer.php
INFO - 2022-12-06 13:55:24 --> Model "ProductModel" initialized
INFO - 2022-12-06 13:55:24 --> File loaded: /home/mrmaxpomme/Domo/equipe1-1/Casporama/application/views/shop/product/head.php
INFO - 2022-12-06 13:55:24 --> File loaded: /home/mrmaxpomme/Domo/equipe1-1/Casporama/application/views/shop/global/header.php
INFO - 2022-12-06 13:55:24 --> File loaded: /home/mrmaxpomme/Domo/equipe1-1/Casporama/application/views/shop/product/productContent.php
INFO - 2022-12-06 13:55:24 --> File loaded: /home/mrmaxpomme/Domo/equipe1-1/Casporama/application/views/templates/blank.php
INFO - 2022-12-06 13:55:24 --> File loaded: /home/mrmaxpomme/Domo/equipe1-1/Casporama/application/views/templates/base.php
INFO - 2022-12-06 13:55:24 --> Final output sent to browser
DEBUG - 2022-12-06 13:55:24 --> Total execution time: 0.3458
INFO - 2022-12-06 13:55:25 --> Config Class Initialized
INFO - 2022-12-06 13:55:25 --> Hooks Class Initialized
DEBUG - 2022-12-06 13:55:25 --> UTF-8 Support Enabled
INFO - 2022-12-06 13:55:25 --> Utf8 Class Initialized
INFO - 2022-12-06 13:55:25 --> URI Class Initialized
INFO - 2022-12-06 13:55:25 --> Router Class Initialized
INFO - 2022-12-06 13:55:25 --> Output Class Initialized
INFO - 2022-12-06 13:55:25 --> Security Class Initialized
DEBUG - 2022-12-06 13:55:25 --> Global POST, GET and COOKIE data sanitized
INFO - 2022-12-06 13:55:25 --> Input Class Initialized
INFO - 2022-12-06 13:55:25 --> Language Class Initialized
INFO - 2022-12-06 13:55:25 --> Loader Class Initialized
INFO - 2022-12-06 13:55:25 --> Helper loaded: url_helper
INFO - 2022-12-06 13:55:25 --> Helper loaded: form_helper
INFO - 2022-12-06 13:55:25 --> Helper loaded: cookie_helper
INFO - 2022-12-06 13:55:25 --> Helper loaded: file_helper
INFO - 2022-12-06 13:55:25 --> Helper loaded: html_helper
INFO - 2022-12-06 13:55:25 --> Database Driver Class Initialized
INFO - 2022-12-06 13:55:25 --> Session: Class initialized using 'files' driver.
INFO - 2022-12-06 13:55:25 --> Form Validation Class Initialized
DEBUG - 2022-12-06 13:55:25 --> Encryption: Auto-configured driver 'openssl'.
INFO - 2022-12-06 13:55:25 --> Encryption: OpenSSL initialized with method AES-128-CBC.
INFO - 2022-12-06 13:55:25 --> Encryption Class Initialized
INFO - 2022-12-06 13:55:25 --> Email Class Initialized
INFO - 2022-12-06 13:55:25 --> Upload Class Initialized
INFO - 2022-12-06 13:55:25 --> Model "UserModel" initialized
INFO - 2022-12-06 13:55:25 --> Model "UtilView" initialized
INFO - 2022-12-06 13:55:25 --> Model "LoaderView" initialized
INFO - 2022-12-06 13:55:25 --> Controller Class Initialized
INFO - 2022-12-06 13:55:25 --> File loaded: /home/mrmaxpomme/Domo/equipe1-1/Casporama/application/views/templates/head.php
INFO - 2022-12-06 13:55:25 --> File loaded: /home/mrmaxpomme/Domo/equipe1-1/Casporama/application/views/templates/header.php
INFO - 2022-12-06 13:55:25 --> File loaded: /home/mrmaxpomme/Domo/equipe1-1/Casporama/application/views/templates/content.php
INFO - 2022-12-06 13:55:25 --> File loaded: /home/mrmaxpomme/Domo/equipe1-1/Casporama/application/views/templates/footer.php
INFO - 2022-12-06 13:55:25 --> Model "ProductModel" initialized
INFO - 2022-12-06 13:55:25 --> File loaded: /home/mrmaxpomme/Domo/equipe1-1/Casporama/application/views/shop/product/head.php
INFO - 2022-12-06 13:55:25 --> File loaded: /home/mrmaxpomme/Domo/equipe1-1/Casporama/application/views/shop/global/header.php
INFO - 2022-12-06 13:55:25 --> File loaded: /home/mrmaxpomme/Domo/equipe1-1/Casporama/application/views/shop/product/productContent.php
INFO - 2022-12-06 13:55:25 --> File loaded: /home/mrmaxpomme/Domo/equipe1-1/Casporama/application/views/templates/blank.php
INFO - 2022-12-06 13:55:25 --> File loaded: /home/mrmaxpomme/Domo/equipe1-1/Casporama/application/views/templates/base.php
INFO - 2022-12-06 13:55:25 --> Final output sent to browser
DEBUG - 2022-12-06 13:55:25 --> Total execution time: 0.2666
INFO - 2022-12-06 16:24:19 --> Config Class Initialized
INFO - 2022-12-06 16:24:19 --> Hooks Class Initialized
DEBUG - 2022-12-06 16:24:19 --> UTF-8 Support Enabled
INFO - 2022-12-06 16:24:19 --> Utf8 Class Initialized
INFO - 2022-12-06 16:24:19 --> URI Class Initialized
INFO - 2022-12-06 16:24:19 --> Router Class Initialized
INFO - 2022-12-06 16:24:19 --> Output Class Initialized
INFO - 2022-12-06 16:24:19 --> Security Class Initialized
DEBUG - 2022-12-06 16:24:19 --> Global POST, GET and COOKIE data sanitized
INFO - 2022-12-06 16:24:19 --> Input Class Initialized
INFO - 2022-12-06 16:24:19 --> Language Class Initialized
INFO - 2022-12-06 16:24:19 --> Loader Class Initialized
INFO - 2022-12-06 16:24:19 --> Helper loaded: url_helper
INFO - 2022-12-06 16:24:19 --> Helper loaded: form_helper
INFO - 2022-12-06 16:24:19 --> Helper loaded: cookie_helper
INFO - 2022-12-06 16:24:19 --> Helper loaded: file_helper
INFO - 2022-12-06 16:24:19 --> Helper loaded: html_helper
INFO - 2022-12-06 16:24:19 --> Database Driver Class Initialized
INFO - 2022-12-06 16:24:19 --> Session: Class initialized using 'files' driver.
INFO - 2022-12-06 16:24:19 --> Form Validation Class Initialized
DEBUG - 2022-12-06 16:24:19 --> Encryption: Auto-configured driver 'openssl'.
INFO - 2022-12-06 16:24:19 --> Encryption: OpenSSL initialized with method AES-128-CBC.
INFO - 2022-12-06 16:24:19 --> Encryption Class Initialized
INFO - 2022-12-06 16:24:19 --> Email Class Initialized
INFO - 2022-12-06 16:24:19 --> Upload Class Initialized
INFO - 2022-12-06 16:24:19 --> Model "UserModel" initialized
INFO - 2022-12-06 16:24:19 --> Model "UtilView" initialized
INFO - 2022-12-06 16:24:19 --> Model "LoaderView" initialized
INFO - 2022-12-06 16:24:19 --> Controller Class Initialized
INFO - 2022-12-06 16:24:19 --> File loaded: /home/mrmaxpomme/Domo/equipe1-1/Casporama/application/views/templates/head.php
INFO - 2022-12-06 16:24:19 --> File loaded: /home/mrmaxpomme/Domo/equipe1-1/Casporama/application/views/templates/header.php
INFO - 2022-12-06 16:24:19 --> File loaded: /home/mrmaxpomme/Domo/equipe1-1/Casporama/application/views/templates/content.php
INFO - 2022-12-06 16:24:19 --> File loaded: /home/mrmaxpomme/Domo/equipe1-1/Casporama/application/views/templates/footer.php
INFO - 2022-12-06 16:24:19 --> Model "ProductModel" initialized
INFO - 2022-12-06 16:24:19 --> File loaded: /home/mrmaxpomme/Domo/equipe1-1/Casporama/application/views/shop/product/head.php
INFO - 2022-12-06 16:24:19 --> File loaded: /home/mrmaxpomme/Domo/equipe1-1/Casporama/application/views/shop/global/header.php
INFO - 2022-12-06 16:24:19 --> File loaded: /home/mrmaxpomme/Domo/equipe1-1/Casporama/application/views/shop/product/productContent.php
INFO - 2022-12-06 16:24:19 --> File loaded: /home/mrmaxpomme/Domo/equipe1-1/Casporama/application/views/templates/blank.php
INFO - 2022-12-06 16:24:19 --> File loaded: /home/mrmaxpomme/Domo/equipe1-1/Casporama/application/views/templates/base.php
INFO - 2022-12-06 16:24:19 --> Final output sent to browser
DEBUG - 2022-12-06 16:24:19 --> Total execution time: 0.3646
INFO - 2022-12-06 16:24:28 --> Config Class Initialized
INFO - 2022-12-06 16:24:28 --> Hooks Class Initialized
DEBUG - 2022-12-06 16:24:28 --> UTF-8 Support Enabled
INFO - 2022-12-06 16:24:28 --> Utf8 Class Initialized
INFO - 2022-12-06 16:24:28 --> URI Class Initialized
INFO - 2022-12-06 16:24:28 --> Router Class Initialized
INFO - 2022-12-06 16:24:28 --> Output Class Initialized
INFO - 2022-12-06 16:24:28 --> Security Class Initialized
DEBUG - 2022-12-06 16:24:28 --> Global POST, GET and COOKIE data sanitized
INFO - 2022-12-06 16:24:28 --> Input Class Initialized
INFO - 2022-12-06 16:24:28 --> Language Class Initialized
INFO - 2022-12-06 16:24:28 --> Loader Class Initialized
INFO - 2022-12-06 16:24:28 --> Helper loaded: url_helper
INFO - 2022-12-06 16:24:28 --> Helper loaded: form_helper
INFO - 2022-12-06 16:24:28 --> Helper loaded: cookie_helper
INFO - 2022-12-06 16:24:28 --> Helper loaded: file_helper
INFO - 2022-12-06 16:24:28 --> Helper loaded: html_helper
INFO - 2022-12-06 16:24:28 --> Database Driver Class Initialized
INFO - 2022-12-06 16:24:28 --> Session: Class initialized using 'files' driver.
INFO - 2022-12-06 16:24:28 --> Form Validation Class Initialized
DEBUG - 2022-12-06 16:24:28 --> Encryption: Auto-configured driver 'openssl'.
INFO - 2022-12-06 16:24:28 --> Encryption: OpenSSL initialized with method AES-128-CBC.
INFO - 2022-12-06 16:24:28 --> Encryption Class Initialized
INFO - 2022-12-06 16:24:28 --> Email Class Initialized
INFO - 2022-12-06 16:24:28 --> Upload Class Initialized
INFO - 2022-12-06 16:24:28 --> Model "UserModel" initialized
INFO - 2022-12-06 16:24:28 --> Model "UtilView" initialized
INFO - 2022-12-06 16:24:28 --> Model "LoaderView" initialized
INFO - 2022-12-06 16:24:28 --> Controller Class Initialized
INFO - 2022-12-06 16:24:28 --> Final output sent to browser
DEBUG - 2022-12-06 16:24:28 --> Total execution time: 0.2169
INFO - 2022-12-06 16:24:28 --> Config Class Initialized
INFO - 2022-12-06 16:24:28 --> Hooks Class Initialized
DEBUG - 2022-12-06 16:24:28 --> UTF-8 Support Enabled
INFO - 2022-12-06 16:24:28 --> Utf8 Class Initialized
INFO - 2022-12-06 16:24:28 --> URI Class Initialized
INFO - 2022-12-06 16:24:28 --> Router Class Initialized
INFO - 2022-12-06 16:24:28 --> Output Class Initialized
INFO - 2022-12-06 16:24:28 --> Security Class Initialized
DEBUG - 2022-12-06 16:24:28 --> Global POST, GET and COOKIE data sanitized
INFO - 2022-12-06 16:24:28 --> Input Class Initialized
INFO - 2022-12-06 16:24:28 --> Language Class Initialized
ERROR - 2022-12-06 16:24:28 --> 404 Page Not Found: Faviconico/index
INFO - 2022-12-06 16:24:38 --> Config Class Initialized
INFO - 2022-12-06 16:24:38 --> Hooks Class Initialized
DEBUG - 2022-12-06 16:24:38 --> UTF-8 Support Enabled
INFO - 2022-12-06 16:24:38 --> Utf8 Class Initialized
INFO - 2022-12-06 16:24:38 --> URI Class Initialized
INFO - 2022-12-06 16:24:38 --> Router Class Initialized
INFO - 2022-12-06 16:24:38 --> Output Class Initialized
INFO - 2022-12-06 16:24:38 --> Security Class Initialized
DEBUG - 2022-12-06 16:24:38 --> Global POST, GET and COOKIE data sanitized
INFO - 2022-12-06 16:24:38 --> Input Class Initialized
INFO - 2022-12-06 16:24:38 --> Language Class Initialized
INFO - 2022-12-06 16:24:38 --> Loader Class Initialized
INFO - 2022-12-06 16:24:38 --> Helper loaded: url_helper
INFO - 2022-12-06 16:24:38 --> Helper loaded: form_helper
INFO - 2022-12-06 16:24:38 --> Helper loaded: cookie_helper
INFO - 2022-12-06 16:24:38 --> Helper loaded: file_helper
INFO - 2022-12-06 16:24:38 --> Helper loaded: html_helper
INFO - 2022-12-06 16:24:38 --> Database Driver Class Initialized
INFO - 2022-12-06 16:24:38 --> Session: Class initialized using 'files' driver.
INFO - 2022-12-06 16:24:38 --> Form Validation Class Initialized
DEBUG - 2022-12-06 16:24:38 --> Encryption: Auto-configured driver 'openssl'.
INFO - 2022-12-06 16:24:38 --> Encryption: OpenSSL initialized with method AES-128-CBC.
INFO - 2022-12-06 16:24:38 --> Encryption Class Initialized
INFO - 2022-12-06 16:24:38 --> Email Class Initialized
INFO - 2022-12-06 16:24:38 --> Upload Class Initialized
INFO - 2022-12-06 16:24:38 --> Model "UserModel" initialized
INFO - 2022-12-06 16:24:38 --> Model "UtilView" initialized
INFO - 2022-12-06 16:24:38 --> Model "LoaderView" initialized
INFO - 2022-12-06 16:24:38 --> Controller Class Initialized
ERROR - 2022-12-06 16:24:38 --> Severity: error --> Exception: Unable to locate the model you have specified: DAO_CSV /home/mrmaxpomme/Domo/equipe1-1/Casporama/system/core/Loader.php 349
INFO - 2022-12-06 16:24:49 --> Config Class Initialized
INFO - 2022-12-06 16:24:49 --> Hooks Class Initialized
DEBUG - 2022-12-06 16:24:49 --> UTF-8 Support Enabled
INFO - 2022-12-06 16:24:49 --> Utf8 Class Initialized
INFO - 2022-12-06 16:24:49 --> URI Class Initialized
INFO - 2022-12-06 16:24:49 --> Router Class Initialized
INFO - 2022-12-06 16:24:49 --> Output Class Initialized
INFO - 2022-12-06 16:24:49 --> Security Class Initialized
DEBUG - 2022-12-06 16:24:49 --> Global POST, GET and COOKIE data sanitized
INFO - 2022-12-06 16:24:49 --> Input Class Initialized
INFO - 2022-12-06 16:24:49 --> Language Class Initialized
INFO - 2022-12-06 16:24:49 --> Loader Class Initialized
INFO - 2022-12-06 16:24:49 --> Helper loaded: url_helper
INFO - 2022-12-06 16:24:49 --> Helper loaded: form_helper
INFO - 2022-12-06 16:24:49 --> Helper loaded: cookie_helper
INFO - 2022-12-06 16:24:49 --> Helper loaded: file_helper
INFO - 2022-12-06 16:24:49 --> Helper loaded: html_helper
INFO - 2022-12-06 16:24:49 --> Database Driver Class Initialized
INFO - 2022-12-06 16:24:49 --> Session: Class initialized using 'files' driver.
INFO - 2022-12-06 16:24:49 --> Form Validation Class Initialized
DEBUG - 2022-12-06 16:24:49 --> Encryption: Auto-configured driver 'openssl'.
INFO - 2022-12-06 16:24:49 --> Encryption: OpenSSL initialized with method AES-128-CBC.
INFO - 2022-12-06 16:24:49 --> Encryption Class Initialized
INFO - 2022-12-06 16:24:49 --> Email Class Initialized
INFO - 2022-12-06 16:24:49 --> Upload Class Initialized
INFO - 2022-12-06 16:24:49 --> Model "UserModel" initialized
INFO - 2022-12-06 16:24:49 --> Model "UtilView" initialized
INFO - 2022-12-06 16:24:49 --> Model "LoaderView" initialized
INFO - 2022-12-06 16:24:49 --> Controller Class Initialized
ERROR - 2022-12-06 16:24:49 --> Severity: error --> Exception: Interface "DAO" not found /home/mrmaxpomme/Domo/equipe1-1/Casporama/application/models/DAO/DAO_CSV.php 3
INFO - 2022-12-06 16:25:31 --> Config Class Initialized
INFO - 2022-12-06 16:25:31 --> Hooks Class Initialized
DEBUG - 2022-12-06 16:25:31 --> UTF-8 Support Enabled
INFO - 2022-12-06 16:25:31 --> Utf8 Class Initialized
INFO - 2022-12-06 16:25:31 --> URI Class Initialized
INFO - 2022-12-06 16:25:31 --> Router Class Initialized
INFO - 2022-12-06 16:25:31 --> Output Class Initialized
INFO - 2022-12-06 16:25:31 --> Security Class Initialized
DEBUG - 2022-12-06 16:25:31 --> Global POST, GET and COOKIE data sanitized
INFO - 2022-12-06 16:25:31 --> Input Class Initialized
INFO - 2022-12-06 16:25:31 --> Language Class Initialized
INFO - 2022-12-06 16:25:31 --> Loader Class Initialized
INFO - 2022-12-06 16:25:31 --> Helper loaded: url_helper
INFO - 2022-12-06 16:25:31 --> Helper loaded: form_helper
INFO - 2022-12-06 16:25:31 --> Helper loaded: cookie_helper
INFO - 2022-12-06 16:25:31 --> Helper loaded: file_helper
INFO - 2022-12-06 16:25:31 --> Helper loaded: html_helper
INFO - 2022-12-06 16:25:31 --> Database Driver Class Initialized
INFO - 2022-12-06 16:25:31 --> Session: Class initialized using 'files' driver.
INFO - 2022-12-06 16:25:31 --> Form Validation Class Initialized
DEBUG - 2022-12-06 16:25:31 --> Encryption: Auto-configured driver 'openssl'.
INFO - 2022-12-06 16:25:31 --> Encryption: OpenSSL initialized with method AES-128-CBC.
INFO - 2022-12-06 16:25:31 --> Encryption Class Initialized
INFO - 2022-12-06 16:25:31 --> Email Class Initialized
INFO - 2022-12-06 16:25:31 --> Upload Class Initialized
INFO - 2022-12-06 16:25:31 --> Model "UserModel" initialized
INFO - 2022-12-06 16:25:31 --> Model "UtilView" initialized
INFO - 2022-12-06 16:25:31 --> Model "LoaderView" initialized
INFO - 2022-12-06 16:25:31 --> Controller Class Initialized
ERROR - 2022-12-06 16:25:31 --> Severity: error --> Exception: Class "DAO" not found /home/mrmaxpomme/Domo/equipe1-1/Casporama/application/models/DAO/DAO_CSV.php 3
INFO - 2022-12-06 16:27:19 --> Config Class Initialized
INFO - 2022-12-06 16:27:19 --> Hooks Class Initialized
DEBUG - 2022-12-06 16:27:19 --> UTF-8 Support Enabled
INFO - 2022-12-06 16:27:19 --> Utf8 Class Initialized
INFO - 2022-12-06 16:27:19 --> URI Class Initialized
INFO - 2022-12-06 16:27:19 --> Router Class Initialized
INFO - 2022-12-06 16:27:19 --> Output Class Initialized
INFO - 2022-12-06 16:27:19 --> Security Class Initialized
DEBUG - 2022-12-06 16:27:19 --> Global POST, GET and COOKIE data sanitized
INFO - 2022-12-06 16:27:19 --> Input Class Initialized
INFO - 2022-12-06 16:27:19 --> Language Class Initialized
INFO - 2022-12-06 16:27:19 --> Loader Class Initialized
INFO - 2022-12-06 16:27:19 --> Helper loaded: url_helper
INFO - 2022-12-06 16:27:19 --> Helper loaded: form_helper
INFO - 2022-12-06 16:27:19 --> Helper loaded: cookie_helper
INFO - 2022-12-06 16:27:19 --> Helper loaded: file_helper
INFO - 2022-12-06 16:27:19 --> Helper loaded: html_helper
INFO - 2022-12-06 16:27:19 --> Database Driver Class Initialized
INFO - 2022-12-06 16:27:19 --> Session: Class initialized using 'files' driver.
INFO - 2022-12-06 16:27:19 --> Form Validation Class Initialized
DEBUG - 2022-12-06 16:27:19 --> Encryption: Auto-configured driver 'openssl'.
INFO - 2022-12-06 16:27:19 --> Encryption: OpenSSL initialized with method AES-128-CBC.
INFO - 2022-12-06 16:27:19 --> Encryption Class Initialized
INFO - 2022-12-06 16:27:19 --> Email Class Initialized
INFO - 2022-12-06 16:27:19 --> Upload Class Initialized
INFO - 2022-12-06 16:27:19 --> Model "UserModel" initialized
INFO - 2022-12-06 16:27:19 --> Model "UtilView" initialized
INFO - 2022-12-06 16:27:19 --> Model "LoaderView" initialized
INFO - 2022-12-06 16:27:19 --> Controller Class Initialized
INFO - 2022-12-06 16:27:19 --> Model "DAO_CSV" initialized
ERROR - 2022-12-06 16:27:19 --> Severity: Warning --> Undefined property: DAO_CSV::$db /home/mrmaxpomme/Domo/equipe1-1/Casporama/application/models/DAO/DAO_CSV.php 24
ERROR - 2022-12-06 16:27:19 --> Severity: error --> Exception: Call to a member function query() on null /home/mrmaxpomme/Domo/equipe1-1/Casporama/application/models/DAO/DAO_CSV.php 24
INFO - 2022-12-06 16:27:32 --> Config Class Initialized
INFO - 2022-12-06 16:27:32 --> Hooks Class Initialized
DEBUG - 2022-12-06 16:27:32 --> UTF-8 Support Enabled
INFO - 2022-12-06 16:27:32 --> Utf8 Class Initialized
INFO - 2022-12-06 16:27:32 --> URI Class Initialized
INFO - 2022-12-06 16:27:32 --> Router Class Initialized
INFO - 2022-12-06 16:27:32 --> Output Class Initialized
INFO - 2022-12-06 16:27:32 --> Security Class Initialized
DEBUG - 2022-12-06 16:27:32 --> Global POST, GET and COOKIE data sanitized
INFO - 2022-12-06 16:27:32 --> Input Class Initialized
INFO - 2022-12-06 16:27:32 --> Language Class Initialized
INFO - 2022-12-06 16:27:32 --> Loader Class Initialized
INFO - 2022-12-06 16:27:32 --> Helper loaded: url_helper
INFO - 2022-12-06 16:27:32 --> Helper loaded: form_helper
INFO - 2022-12-06 16:27:32 --> Helper loaded: cookie_helper
INFO - 2022-12-06 16:27:32 --> Helper loaded: file_helper
INFO - 2022-12-06 16:27:32 --> Helper loaded: html_helper
INFO - 2022-12-06 16:27:32 --> Database Driver Class Initialized
INFO - 2022-12-06 16:27:33 --> Session: Class initialized using 'files' driver.
INFO - 2022-12-06 16:27:33 --> Form Validation Class Initialized
DEBUG - 2022-12-06 16:27:33 --> Encryption: Auto-configured driver 'openssl'.
INFO - 2022-12-06 16:27:33 --> Encryption: OpenSSL initialized with method AES-128-CBC.
INFO - 2022-12-06 16:27:33 --> Encryption Class Initialized
INFO - 2022-12-06 16:27:33 --> Email Class Initialized
INFO - 2022-12-06 16:27:33 --> Upload Class Initialized
INFO - 2022-12-06 16:27:33 --> Model "UserModel" initialized
INFO - 2022-12-06 16:27:33 --> Model "UtilView" initialized
INFO - 2022-12-06 16:27:33 --> Model "LoaderView" initialized
INFO - 2022-12-06 16:27:33 --> Controller Class Initialized
ERROR - 2022-12-06 16:27:33 --> Severity: error --> Exception: Class "DAO" not found /home/mrmaxpomme/Domo/equipe1-1/Casporama/application/models/DAO/DAO_CSV.php 5
INFO - 2022-12-06 16:28:10 --> Config Class Initialized
INFO - 2022-12-06 16:28:10 --> Hooks Class Initialized
DEBUG - 2022-12-06 16:28:10 --> UTF-8 Support Enabled
INFO - 2022-12-06 16:28:10 --> Utf8 Class Initialized
INFO - 2022-12-06 16:28:10 --> URI Class Initialized
INFO - 2022-12-06 16:28:10 --> Router Class Initialized
INFO - 2022-12-06 16:28:10 --> Output Class Initialized
INFO - 2022-12-06 16:28:10 --> Security Class Initialized
DEBUG - 2022-12-06 16:28:10 --> Global POST, GET and COOKIE data sanitized
INFO - 2022-12-06 16:28:10 --> Input Class Initialized
INFO - 2022-12-06 16:28:10 --> Language Class Initialized
INFO - 2022-12-06 16:28:10 --> Loader Class Initialized
INFO - 2022-12-06 16:28:11 --> Helper loaded: url_helper
INFO - 2022-12-06 16:28:11 --> Helper loaded: form_helper
INFO - 2022-12-06 16:28:11 --> Helper loaded: cookie_helper
INFO - 2022-12-06 16:28:11 --> Helper loaded: file_helper
INFO - 2022-12-06 16:28:11 --> Helper loaded: html_helper
INFO - 2022-12-06 16:28:11 --> Database Driver Class Initialized
INFO - 2022-12-06 16:28:11 --> Session: Class initialized using 'files' driver.
INFO - 2022-12-06 16:28:11 --> Form Validation Class Initialized
DEBUG - 2022-12-06 16:28:11 --> Encryption: Auto-configured driver 'openssl'.
INFO - 2022-12-06 16:28:11 --> Encryption: OpenSSL initialized with method AES-128-CBC.
INFO - 2022-12-06 16:28:11 --> Encryption Class Initialized
INFO - 2022-12-06 16:28:11 --> Email Class Initialized
INFO - 2022-12-06 16:28:11 --> Upload Class Initialized
INFO - 2022-12-06 16:28:11 --> Model "UserModel" initialized
INFO - 2022-12-06 16:28:11 --> Model "UtilView" initialized
INFO - 2022-12-06 16:28:11 --> Model "LoaderView" initialized
INFO - 2022-12-06 16:28:11 --> Controller Class Initialized
INFO - 2022-12-06 16:28:11 --> Model "DAO_CSV" initialized
ERROR - 2022-12-06 16:28:11 --> Severity: Warning --> Undefined property: DAO_CSV::$db /home/mrmaxpomme/Domo/equipe1-1/Casporama/application/models/DAO/DAO_CSV.php 10
ERROR - 2022-12-06 16:28:11 --> Severity: error --> Exception: Call to a member function query() on null /home/mrmaxpomme/Domo/equipe1-1/Casporama/application/models/DAO/DAO_CSV.php 10
INFO - 2022-12-06 16:30:09 --> Config Class Initialized
INFO - 2022-12-06 16:30:09 --> Hooks Class Initialized
DEBUG - 2022-12-06 16:30:09 --> UTF-8 Support Enabled
INFO - 2022-12-06 16:30:09 --> Utf8 Class Initialized
INFO - 2022-12-06 16:30:09 --> URI Class Initialized
INFO - 2022-12-06 16:30:09 --> Router Class Initialized
INFO - 2022-12-06 16:30:09 --> Output Class Initialized
INFO - 2022-12-06 16:30:09 --> Security Class Initialized
DEBUG - 2022-12-06 16:30:09 --> Global POST, GET and COOKIE data sanitized
INFO - 2022-12-06 16:30:09 --> Input Class Initialized
INFO - 2022-12-06 16:30:09 --> Language Class Initialized
INFO - 2022-12-06 16:30:09 --> Loader Class Initialized
INFO - 2022-12-06 16:30:09 --> Helper loaded: url_helper
INFO - 2022-12-06 16:30:09 --> Helper loaded: form_helper
INFO - 2022-12-06 16:30:09 --> Helper loaded: cookie_helper
INFO - 2022-12-06 16:30:09 --> Helper loaded: file_helper
INFO - 2022-12-06 16:30:09 --> Helper loaded: html_helper
INFO - 2022-12-06 16:30:09 --> Database Driver Class Initialized
INFO - 2022-12-06 16:30:09 --> Session: Class initialized using 'files' driver.
INFO - 2022-12-06 16:30:09 --> Form Validation Class Initialized
DEBUG - 2022-12-06 16:30:09 --> Encryption: Auto-configured driver 'openssl'.
INFO - 2022-12-06 16:30:09 --> Encryption: OpenSSL initialized with method AES-128-CBC.
INFO - 2022-12-06 16:30:09 --> Encryption Class Initialized
INFO - 2022-12-06 16:30:09 --> Email Class Initialized
INFO - 2022-12-06 16:30:09 --> Upload Class Initialized
INFO - 2022-12-06 16:30:09 --> Model "UserModel" initialized
INFO - 2022-12-06 16:30:09 --> Model "UtilView" initialized
INFO - 2022-12-06 16:30:09 --> Model "LoaderView" initialized
INFO - 2022-12-06 16:30:09 --> Controller Class Initialized
INFO - 2022-12-06 16:30:09 --> Model "DAO_CSV" initialized
ERROR - 2022-12-06 16:30:09 --> Query error: PROCEDURE user.getAlluser does not exist - Invalid query: Call user.getAlluser()
INFO - 2022-12-06 16:30:09 --> Language file loaded: language/english/db_lang.php
INFO - 2022-12-06 16:33:48 --> Config Class Initialized
INFO - 2022-12-06 16:33:48 --> Hooks Class Initialized
DEBUG - 2022-12-06 16:33:48 --> UTF-8 Support Enabled
INFO - 2022-12-06 16:33:48 --> Utf8 Class Initialized
INFO - 2022-12-06 16:33:48 --> URI Class Initialized
INFO - 2022-12-06 16:33:48 --> Router Class Initialized
INFO - 2022-12-06 16:33:48 --> Output Class Initialized
INFO - 2022-12-06 16:33:48 --> Security Class Initialized
DEBUG - 2022-12-06 16:33:48 --> Global POST, GET and COOKIE data sanitized
INFO - 2022-12-06 16:33:48 --> Input Class Initialized
INFO - 2022-12-06 16:33:48 --> Language Class Initialized
INFO - 2022-12-06 16:33:48 --> Loader Class Initialized
INFO - 2022-12-06 16:33:48 --> Helper loaded: url_helper
INFO - 2022-12-06 16:33:48 --> Helper loaded: form_helper
INFO - 2022-12-06 16:33:48 --> Helper loaded: cookie_helper
INFO - 2022-12-06 16:33:48 --> Helper loaded: file_helper
INFO - 2022-12-06 16:33:48 --> Helper loaded: html_helper
INFO - 2022-12-06 16:33:48 --> Database Driver Class Initialized
INFO - 2022-12-06 16:33:48 --> Session: Class initialized using 'files' driver.
INFO - 2022-12-06 16:33:48 --> Form Validation Class Initialized
DEBUG - 2022-12-06 16:33:48 --> Encryption: Auto-configured driver 'openssl'.
INFO - 2022-12-06 16:33:49 --> Encryption: OpenSSL initialized with method AES-128-CBC.
INFO - 2022-12-06 16:33:49 --> Encryption Class Initialized
INFO - 2022-12-06 16:33:49 --> Email Class Initialized
INFO - 2022-12-06 16:33:49 --> Upload Class Initialized
INFO - 2022-12-06 16:33:49 --> Model "UserModel" initialized
INFO - 2022-12-06 16:33:49 --> Model "UtilView" initialized
INFO - 2022-12-06 16:33:49 --> Model "LoaderView" initialized
INFO - 2022-12-06 16:33:49 --> Controller Class Initialized
INFO - 2022-12-06 16:33:49 --> Model "DAO_CSV" initialized
ERROR - 2022-12-06 16:33:49 --> Severity: Warning --> fopen(http://localhost//DAO/export/csv/user/2022-12-06-04:33:49.1.csv): Failed to open stream: HTTP wrapper does not support writeable connections /home/mrmaxpomme/Domo/equipe1-1/Casporama/application/models/DAO/DAO_CSV.php 16
ERROR - 2022-12-06 16:33:49 --> Severity: error --> Exception: fwrite(): Argument #1 ($stream) must be of type resource, bool given /home/mrmaxpomme/Domo/equipe1-1/Casporama/application/models/DAO/DAO_CSV.php 17
INFO - 2022-12-06 16:33:53 --> Config Class Initialized
INFO - 2022-12-06 16:33:53 --> Hooks Class Initialized
DEBUG - 2022-12-06 16:33:53 --> UTF-8 Support Enabled
INFO - 2022-12-06 16:33:53 --> Utf8 Class Initialized
INFO - 2022-12-06 16:33:53 --> URI Class Initialized
INFO - 2022-12-06 16:33:53 --> Router Class Initialized
INFO - 2022-12-06 16:33:53 --> Output Class Initialized
INFO - 2022-12-06 16:33:53 --> Security Class Initialized
DEBUG - 2022-12-06 16:33:53 --> Global POST, GET and COOKIE data sanitized
INFO - 2022-12-06 16:33:53 --> Input Class Initialized
INFO - 2022-12-06 16:33:53 --> Language Class Initialized
INFO - 2022-12-06 16:33:53 --> Loader Class Initialized
INFO - 2022-12-06 16:33:53 --> Helper loaded: url_helper
INFO - 2022-12-06 16:33:53 --> Helper loaded: form_helper
INFO - 2022-12-06 16:33:53 --> Helper loaded: cookie_helper
INFO - 2022-12-06 16:33:53 --> Helper loaded: file_helper
INFO - 2022-12-06 16:33:53 --> Helper loaded: html_helper
INFO - 2022-12-06 16:33:53 --> Database Driver Class Initialized
INFO - 2022-12-06 16:33:53 --> Session: Class initialized using 'files' driver.
INFO - 2022-12-06 16:33:53 --> Form Validation Class Initialized
DEBUG - 2022-12-06 16:33:53 --> Encryption: Auto-configured driver 'openssl'.
INFO - 2022-12-06 16:33:53 --> Encryption: OpenSSL initialized with method AES-128-CBC.
INFO - 2022-12-06 16:33:53 --> Encryption Class Initialized
INFO - 2022-12-06 16:33:53 --> Email Class Initialized
INFO - 2022-12-06 16:33:53 --> Upload Class Initialized
INFO - 2022-12-06 16:33:53 --> Model "UserModel" initialized
INFO - 2022-12-06 16:33:53 --> Model "UtilView" initialized
INFO - 2022-12-06 16:33:53 --> Model "LoaderView" initialized
INFO - 2022-12-06 16:33:53 --> Controller Class Initialized
INFO - 2022-12-06 16:33:53 --> Model "DAO_CSV" initialized
ERROR - 2022-12-06 16:33:53 --> Severity: Warning --> fopen(http://localhost//DAO/export/csv/user/2022-12-06-04:33:53.1.csv): Failed to open stream: HTTP wrapper does not support writeable connections /home/mrmaxpomme/Domo/equipe1-1/Casporama/application/models/DAO/DAO_CSV.php 16
ERROR - 2022-12-06 16:33:53 --> Severity: error --> Exception: fwrite(): Argument #1 ($stream) must be of type resource, bool given /home/mrmaxpomme/Domo/equipe1-1/Casporama/application/models/DAO/DAO_CSV.php 17
INFO - 2022-12-06 16:34:09 --> Config Class Initialized
INFO - 2022-12-06 16:34:09 --> Hooks Class Initialized
DEBUG - 2022-12-06 16:34:09 --> UTF-8 Support Enabled
INFO - 2022-12-06 16:34:09 --> Utf8 Class Initialized
INFO - 2022-12-06 16:34:09 --> URI Class Initialized
INFO - 2022-12-06 16:34:09 --> Router Class Initialized
INFO - 2022-12-06 16:34:09 --> Output Class Initialized
INFO - 2022-12-06 16:34:09 --> Security Class Initialized
DEBUG - 2022-12-06 16:34:09 --> Global POST, GET and COOKIE data sanitized
INFO - 2022-12-06 16:34:09 --> Input Class Initialized
INFO - 2022-12-06 16:34:09 --> Language Class Initialized
INFO - 2022-12-06 16:34:09 --> Loader Class Initialized
INFO - 2022-12-06 16:34:09 --> Helper loaded: url_helper
INFO - 2022-12-06 16:34:09 --> Helper loaded: form_helper
INFO - 2022-12-06 16:34:09 --> Helper loaded: cookie_helper
INFO - 2022-12-06 16:34:09 --> Helper loaded: file_helper
INFO - 2022-12-06 16:34:09 --> Helper loaded: html_helper
INFO - 2022-12-06 16:34:09 --> Database Driver Class Initialized
INFO - 2022-12-06 16:34:10 --> Session: Class initialized using 'files' driver.
INFO - 2022-12-06 16:34:10 --> Form Validation Class Initialized
DEBUG - 2022-12-06 16:34:10 --> Encryption: Auto-configured driver 'openssl'.
INFO - 2022-12-06 16:34:10 --> Encryption: OpenSSL initialized with method AES-128-CBC.
INFO - 2022-12-06 16:34:10 --> Encryption Class Initialized
INFO - 2022-12-06 16:34:10 --> Email Class Initialized
INFO - 2022-12-06 16:34:10 --> Upload Class Initialized
INFO - 2022-12-06 16:34:10 --> Model "UserModel" initialized
INFO - 2022-12-06 16:34:10 --> Model "UtilView" initialized
INFO - 2022-12-06 16:34:10 --> Model "LoaderView" initialized
INFO - 2022-12-06 16:34:10 --> Controller Class Initialized
INFO - 2022-12-06 16:34:10 --> Model "DAO_CSV" initialized
ERROR - 2022-12-06 16:34:10 --> Severity: Warning --> fopen(http://localhost/DAO/export/csv/user/2022-12-06-04:34:10.1.csv): Failed to open stream: HTTP wrapper does not support writeable connections /home/mrmaxpomme/Domo/equipe1-1/Casporama/application/models/DAO/DAO_CSV.php 16
ERROR - 2022-12-06 16:34:10 --> Severity: error --> Exception: fwrite(): Argument #1 ($stream) must be of type resource, bool given /home/mrmaxpomme/Domo/equipe1-1/Casporama/application/models/DAO/DAO_CSV.php 17
INFO - 2022-12-06 16:34:33 --> Config Class Initialized
INFO - 2022-12-06 16:34:33 --> Hooks Class Initialized
DEBUG - 2022-12-06 16:34:33 --> UTF-8 Support Enabled
INFO - 2022-12-06 16:34:33 --> Utf8 Class Initialized
INFO - 2022-12-06 16:34:33 --> URI Class Initialized
INFO - 2022-12-06 16:34:33 --> Router Class Initialized
INFO - 2022-12-06 16:34:33 --> Output Class Initialized
INFO - 2022-12-06 16:34:33 --> Security Class Initialized
DEBUG - 2022-12-06 16:34:33 --> Global POST, GET and COOKIE data sanitized
INFO - 2022-12-06 16:34:33 --> Input Class Initialized
INFO - 2022-12-06 16:34:33 --> Language Class Initialized
INFO - 2022-12-06 16:34:33 --> Loader Class Initialized
INFO - 2022-12-06 16:34:33 --> Helper loaded: url_helper
INFO - 2022-12-06 16:34:33 --> Helper loaded: form_helper
INFO - 2022-12-06 16:34:33 --> Helper loaded: cookie_helper
INFO - 2022-12-06 16:34:33 --> Helper loaded: file_helper
INFO - 2022-12-06 16:34:33 --> Helper loaded: html_helper
INFO - 2022-12-06 16:34:33 --> Database Driver Class Initialized
INFO - 2022-12-06 16:34:33 --> Session: Class initialized using 'files' driver.
INFO - 2022-12-06 16:34:33 --> Form Validation Class Initialized
DEBUG - 2022-12-06 16:34:33 --> Encryption: Auto-configured driver 'openssl'.
INFO - 2022-12-06 16:34:33 --> Encryption: OpenSSL initialized with method AES-128-CBC.
INFO - 2022-12-06 16:34:33 --> Encryption Class Initialized
INFO - 2022-12-06 16:34:33 --> Email Class Initialized
INFO - 2022-12-06 16:34:33 --> Upload Class Initialized
INFO - 2022-12-06 16:34:33 --> Model "UserModel" initialized
INFO - 2022-12-06 16:34:33 --> Model "UtilView" initialized
INFO - 2022-12-06 16:34:33 --> Model "LoaderView" initialized
INFO - 2022-12-06 16:34:33 --> Controller Class Initialized
INFO - 2022-12-06 16:34:33 --> Model "DAO_CSV" initialized
ERROR - 2022-12-06 16:34:33 --> Severity: Warning --> fopen(http://localhost/DAO/export/csv/user/2022-12-06-04:34:33.1.csv): Failed to open stream: HTTP wrapper does not support writeable connections /home/mrmaxpomme/Domo/equipe1-1/Casporama/application/models/DAO/DAO_CSV.php 16
ERROR - 2022-12-06 16:34:33 --> Severity: error --> Exception: fwrite(): Argument #1 ($stream) must be of type resource, bool given /home/mrmaxpomme/Domo/equipe1-1/Casporama/application/models/DAO/DAO_CSV.php 17
INFO - 2022-12-06 16:36:22 --> Config Class Initialized
INFO - 2022-12-06 16:36:22 --> Hooks Class Initialized
DEBUG - 2022-12-06 16:36:22 --> UTF-8 Support Enabled
INFO - 2022-12-06 16:36:22 --> Utf8 Class Initialized
INFO - 2022-12-06 16:36:22 --> URI Class Initialized
INFO - 2022-12-06 16:36:22 --> Router Class Initialized
INFO - 2022-12-06 16:36:22 --> Output Class Initialized
INFO - 2022-12-06 16:36:22 --> Security Class Initialized
DEBUG - 2022-12-06 16:36:22 --> Global POST, GET and COOKIE data sanitized
INFO - 2022-12-06 16:36:22 --> Input Class Initialized
INFO - 2022-12-06 16:36:22 --> Language Class Initialized
INFO - 2022-12-06 16:36:22 --> Loader Class Initialized
INFO - 2022-12-06 16:36:22 --> Helper loaded: url_helper
INFO - 2022-12-06 16:36:22 --> Helper loaded: form_helper
INFO - 2022-12-06 16:36:22 --> Helper loaded: cookie_helper
INFO - 2022-12-06 16:36:22 --> Helper loaded: file_helper
INFO - 2022-12-06 16:36:22 --> Helper loaded: html_helper
INFO - 2022-12-06 16:36:22 --> Database Driver Class Initialized
INFO - 2022-12-06 16:36:22 --> Session: Class initialized using 'files' driver.
INFO - 2022-12-06 16:36:22 --> Form Validation Class Initialized
DEBUG - 2022-12-06 16:36:22 --> Encryption: Auto-configured driver 'openssl'.
INFO - 2022-12-06 16:36:22 --> Encryption: OpenSSL initialized with method AES-128-CBC.
INFO - 2022-12-06 16:36:22 --> Encryption Class Initialized
INFO - 2022-12-06 16:36:22 --> Email Class Initialized
INFO - 2022-12-06 16:36:22 --> Upload Class Initialized
INFO - 2022-12-06 16:36:22 --> Model "UserModel" initialized
INFO - 2022-12-06 16:36:22 --> Model "UtilView" initialized
INFO - 2022-12-06 16:36:22 --> Model "LoaderView" initialized
INFO - 2022-12-06 16:36:22 --> Controller Class Initialized
INFO - 2022-12-06 16:36:22 --> Model "DAO_CSV" initialized
ERROR - 2022-12-06 16:36:22 --> Severity: Warning --> fopen(../DAO/export/csv/user/2022-12-06-04:36:22.1.csv): Failed to open stream: No such file or directory /home/mrmaxpomme/Domo/equipe1-1/Casporama/application/models/DAO/DAO_CSV.php 16
ERROR - 2022-12-06 16:36:22 --> Severity: error --> Exception: fwrite(): Argument #1 ($stream) must be of type resource, bool given /home/mrmaxpomme/Domo/equipe1-1/Casporama/application/models/DAO/DAO_CSV.php 17
INFO - 2022-12-06 16:36:28 --> Config Class Initialized
INFO - 2022-12-06 16:36:28 --> Hooks Class Initialized
DEBUG - 2022-12-06 16:36:28 --> UTF-8 Support Enabled
INFO - 2022-12-06 16:36:28 --> Utf8 Class Initialized
INFO - 2022-12-06 16:36:28 --> URI Class Initialized
INFO - 2022-12-06 16:36:28 --> Router Class Initialized
INFO - 2022-12-06 16:36:28 --> Output Class Initialized
INFO - 2022-12-06 16:36:28 --> Security Class Initialized
DEBUG - 2022-12-06 16:36:28 --> Global POST, GET and COOKIE data sanitized
INFO - 2022-12-06 16:36:28 --> Input Class Initialized
INFO - 2022-12-06 16:36:28 --> Language Class Initialized
INFO - 2022-12-06 16:36:28 --> Loader Class Initialized
INFO - 2022-12-06 16:36:28 --> Helper loaded: url_helper
INFO - 2022-12-06 16:36:28 --> Helper loaded: form_helper
INFO - 2022-12-06 16:36:28 --> Helper loaded: cookie_helper
INFO - 2022-12-06 16:36:28 --> Helper loaded: file_helper
INFO - 2022-12-06 16:36:28 --> Helper loaded: html_helper
INFO - 2022-12-06 16:36:28 --> Database Driver Class Initialized
INFO - 2022-12-06 16:36:28 --> Session: Class initialized using 'files' driver.
INFO - 2022-12-06 16:36:28 --> Form Validation Class Initialized
DEBUG - 2022-12-06 16:36:28 --> Encryption: Auto-configured driver 'openssl'.
INFO - 2022-12-06 16:36:28 --> Encryption: OpenSSL initialized with method AES-128-CBC.
INFO - 2022-12-06 16:36:28 --> Encryption Class Initialized
INFO - 2022-12-06 16:36:28 --> Email Class Initialized
INFO - 2022-12-06 16:36:28 --> Upload Class Initialized
INFO - 2022-12-06 16:36:28 --> Model "UserModel" initialized
INFO - 2022-12-06 16:36:28 --> Model "UtilView" initialized
INFO - 2022-12-06 16:36:28 --> Model "LoaderView" initialized
INFO - 2022-12-06 16:36:28 --> Controller Class Initialized
INFO - 2022-12-06 16:36:28 --> Model "DAO_CSV" initialized
ERROR - 2022-12-06 16:36:28 --> Severity: error --> Exception: fwrite(): Argument #2 ($data) must be of type string, CI_DB_mysqli_result given /home/mrmaxpomme/Domo/equipe1-1/Casporama/application/models/DAO/DAO_CSV.php 17
INFO - 2022-12-06 16:37:36 --> Config Class Initialized
INFO - 2022-12-06 16:37:36 --> Hooks Class Initialized
DEBUG - 2022-12-06 16:37:36 --> UTF-8 Support Enabled
INFO - 2022-12-06 16:37:36 --> Utf8 Class Initialized
INFO - 2022-12-06 16:37:36 --> URI Class Initialized
INFO - 2022-12-06 16:37:36 --> Router Class Initialized
INFO - 2022-12-06 16:37:36 --> Output Class Initialized
INFO - 2022-12-06 16:37:36 --> Security Class Initialized
DEBUG - 2022-12-06 16:37:36 --> Global POST, GET and COOKIE data sanitized
INFO - 2022-12-06 16:37:36 --> Input Class Initialized
INFO - 2022-12-06 16:37:36 --> Language Class Initialized
INFO - 2022-12-06 16:37:36 --> Loader Class Initialized
INFO - 2022-12-06 16:37:36 --> Helper loaded: url_helper
INFO - 2022-12-06 16:37:36 --> Helper loaded: form_helper
INFO - 2022-12-06 16:37:36 --> Helper loaded: cookie_helper
INFO - 2022-12-06 16:37:36 --> Helper loaded: file_helper
INFO - 2022-12-06 16:37:36 --> Helper loaded: html_helper
INFO - 2022-12-06 16:37:36 --> Database Driver Class Initialized
INFO - 2022-12-06 16:37:36 --> Session: Class initialized using 'files' driver.
INFO - 2022-12-06 16:37:36 --> Form Validation Class Initialized
DEBUG - 2022-12-06 16:37:36 --> Encryption: Auto-configured driver 'openssl'.
INFO - 2022-12-06 16:37:36 --> Encryption: OpenSSL initialized with method AES-128-CBC.
INFO - 2022-12-06 16:37:36 --> Encryption Class Initialized
INFO - 2022-12-06 16:37:36 --> Email Class Initialized
INFO - 2022-12-06 16:37:36 --> Upload Class Initialized
INFO - 2022-12-06 16:37:36 --> Model "UserModel" initialized
INFO - 2022-12-06 16:37:36 --> Model "UtilView" initialized
INFO - 2022-12-06 16:37:36 --> Model "LoaderView" initialized
INFO - 2022-12-06 16:37:36 --> Controller Class Initialized
INFO - 2022-12-06 16:37:36 --> Model "DAO_CSV" initialized
ERROR - 2022-12-06 16:37:36 --> Severity: error --> Exception: fwrite(): Argument #2 ($data) must be of type string, CI_DB_mysqli_result given /home/mrmaxpomme/Domo/equipe1-1/Casporama/application/models/DAO/DAO_CSV.php 18
INFO - 2022-12-06 16:38:29 --> Config Class Initialized
INFO - 2022-12-06 16:38:29 --> Hooks Class Initialized
DEBUG - 2022-12-06 16:38:29 --> UTF-8 Support Enabled
INFO - 2022-12-06 16:38:29 --> Utf8 Class Initialized
INFO - 2022-12-06 16:38:29 --> URI Class Initialized
INFO - 2022-12-06 16:38:29 --> Router Class Initialized
INFO - 2022-12-06 16:38:29 --> Output Class Initialized
INFO - 2022-12-06 16:38:29 --> Security Class Initialized
DEBUG - 2022-12-06 16:38:29 --> Global POST, GET and COOKIE data sanitized
INFO - 2022-12-06 16:38:29 --> Input Class Initialized
INFO - 2022-12-06 16:38:29 --> Language Class Initialized
INFO - 2022-12-06 16:38:29 --> Loader Class Initialized
INFO - 2022-12-06 16:38:29 --> Helper loaded: url_helper
INFO - 2022-12-06 16:38:29 --> Helper loaded: form_helper
INFO - 2022-12-06 16:38:29 --> Helper loaded: cookie_helper
INFO - 2022-12-06 16:38:29 --> Helper loaded: file_helper
INFO - 2022-12-06 16:38:29 --> Helper loaded: html_helper
INFO - 2022-12-06 16:38:29 --> Database Driver Class Initialized
INFO - 2022-12-06 16:38:30 --> Session: Class initialized using 'files' driver.
INFO - 2022-12-06 16:38:30 --> Form Validation Class Initialized
DEBUG - 2022-12-06 16:38:30 --> Encryption: Auto-configured driver 'openssl'.
INFO - 2022-12-06 16:38:30 --> Encryption: OpenSSL initialized with method AES-128-CBC.
INFO - 2022-12-06 16:38:30 --> Encryption Class Initialized
INFO - 2022-12-06 16:38:30 --> Email Class Initialized
INFO - 2022-12-06 16:38:30 --> Upload Class Initialized
INFO - 2022-12-06 16:38:30 --> Model "UserModel" initialized
INFO - 2022-12-06 16:38:30 --> Model "UtilView" initialized
INFO - 2022-12-06 16:38:30 --> Model "LoaderView" initialized
INFO - 2022-12-06 16:38:30 --> Controller Class Initialized
INFO - 2022-12-06 16:38:30 --> Model "DAO_CSV" initialized
ERROR - 2022-12-06 16:38:30 --> Severity: error --> Exception: fwrite(): Argument #2 ($data) must be of type string, array given /home/mrmaxpomme/Domo/equipe1-1/Casporama/application/models/DAO/DAO_CSV.php 17
INFO - 2022-12-06 16:38:46 --> Config Class Initialized
INFO - 2022-12-06 16:38:46 --> Hooks Class Initialized
DEBUG - 2022-12-06 16:38:46 --> UTF-8 Support Enabled
INFO - 2022-12-06 16:38:46 --> Utf8 Class Initialized
INFO - 2022-12-06 16:38:46 --> URI Class Initialized
INFO - 2022-12-06 16:38:46 --> Router Class Initialized
INFO - 2022-12-06 16:38:46 --> Output Class Initialized
INFO - 2022-12-06 16:38:46 --> Security Class Initialized
DEBUG - 2022-12-06 16:38:46 --> Global POST, GET and COOKIE data sanitized
INFO - 2022-12-06 16:38:46 --> Input Class Initialized
INFO - 2022-12-06 16:38:46 --> Language Class Initialized
INFO - 2022-12-06 16:38:46 --> Loader Class Initialized
INFO - 2022-12-06 16:38:46 --> Helper loaded: url_helper
INFO - 2022-12-06 16:38:46 --> Helper loaded: form_helper
INFO - 2022-12-06 16:38:46 --> Helper loaded: cookie_helper
INFO - 2022-12-06 16:38:46 --> Helper loaded: file_helper
INFO - 2022-12-06 16:38:46 --> Helper loaded: html_helper
INFO - 2022-12-06 16:38:46 --> Database Driver Class Initialized
INFO - 2022-12-06 16:38:46 --> Session: Class initialized using 'files' driver.
INFO - 2022-12-06 16:38:46 --> Form Validation Class Initialized
DEBUG - 2022-12-06 16:38:46 --> Encryption: Auto-configured driver 'openssl'.
INFO - 2022-12-06 16:38:46 --> Encryption: OpenSSL initialized with method AES-128-CBC.
INFO - 2022-12-06 16:38:46 --> Encryption Class Initialized
INFO - 2022-12-06 16:38:46 --> Email Class Initialized
INFO - 2022-12-06 16:38:46 --> Upload Class Initialized
INFO - 2022-12-06 16:38:46 --> Model "UserModel" initialized
INFO - 2022-12-06 16:38:46 --> Model "UtilView" initialized
INFO - 2022-12-06 16:38:46 --> Model "LoaderView" initialized
INFO - 2022-12-06 16:38:46 --> Controller Class Initialized
INFO - 2022-12-06 16:38:46 --> Model "DAO_CSV" initialized
ERROR - 2022-12-06 16:38:46 --> Severity: error --> Exception: var_dump() expects at least 1 argument, 0 given /home/mrmaxpomme/Domo/equipe1-1/Casporama/application/models/DAO/DAO_CSV.php 17
INFO - 2022-12-06 16:38:50 --> Config Class Initialized
INFO - 2022-12-06 16:38:50 --> Hooks Class Initialized
DEBUG - 2022-12-06 16:38:50 --> UTF-8 Support Enabled
INFO - 2022-12-06 16:38:50 --> Utf8 Class Initialized
INFO - 2022-12-06 16:38:50 --> URI Class Initialized
INFO - 2022-12-06 16:38:50 --> Router Class Initialized
INFO - 2022-12-06 16:38:50 --> Output Class Initialized
INFO - 2022-12-06 16:38:50 --> Security Class Initialized
DEBUG - 2022-12-06 16:38:50 --> Global POST, GET and COOKIE data sanitized
INFO - 2022-12-06 16:38:50 --> Input Class Initialized
INFO - 2022-12-06 16:38:50 --> Language Class Initialized
INFO - 2022-12-06 16:38:50 --> Loader Class Initialized
INFO - 2022-12-06 16:38:50 --> Helper loaded: url_helper
INFO - 2022-12-06 16:38:50 --> Helper loaded: form_helper
INFO - 2022-12-06 16:38:50 --> Helper loaded: cookie_helper
INFO - 2022-12-06 16:38:50 --> Helper loaded: file_helper
INFO - 2022-12-06 16:38:50 --> Helper loaded: html_helper
INFO - 2022-12-06 16:38:50 --> Database Driver Class Initialized
INFO - 2022-12-06 16:38:50 --> Session: Class initialized using 'files' driver.
INFO - 2022-12-06 16:38:50 --> Form Validation Class Initialized
DEBUG - 2022-12-06 16:38:50 --> Encryption: Auto-configured driver 'openssl'.
INFO - 2022-12-06 16:38:50 --> Encryption: OpenSSL initialized with method AES-128-CBC.
INFO - 2022-12-06 16:38:50 --> Encryption Class Initialized
INFO - 2022-12-06 16:38:50 --> Email Class Initialized
INFO - 2022-12-06 16:38:50 --> Upload Class Initialized
INFO - 2022-12-06 16:38:50 --> Model "UserModel" initialized
INFO - 2022-12-06 16:38:50 --> Model "UtilView" initialized
INFO - 2022-12-06 16:38:50 --> Model "LoaderView" initialized
INFO - 2022-12-06 16:38:50 --> Controller Class Initialized
INFO - 2022-12-06 16:38:50 --> Model "DAO_CSV" initialized
ERROR - 2022-12-06 16:38:50 --> Severity: error --> Exception: fwrite(): Argument #2 ($data) must be of type string, CI_DB_mysqli_result given /home/mrmaxpomme/Domo/equipe1-1/Casporama/application/models/DAO/DAO_CSV.php 18
INFO - 2022-12-06 16:40:44 --> Config Class Initialized
INFO - 2022-12-06 16:40:44 --> Hooks Class Initialized
DEBUG - 2022-12-06 16:40:44 --> UTF-8 Support Enabled
INFO - 2022-12-06 16:40:44 --> Utf8 Class Initialized
INFO - 2022-12-06 16:40:44 --> URI Class Initialized
INFO - 2022-12-06 16:40:44 --> Router Class Initialized
INFO - 2022-12-06 16:40:44 --> Output Class Initialized
INFO - 2022-12-06 16:40:44 --> Security Class Initialized
DEBUG - 2022-12-06 16:40:44 --> Global POST, GET and COOKIE data sanitized
INFO - 2022-12-06 16:40:44 --> Input Class Initialized
INFO - 2022-12-06 16:40:44 --> Language Class Initialized
INFO - 2022-12-06 16:40:44 --> Loader Class Initialized
INFO - 2022-12-06 16:40:44 --> Helper loaded: url_helper
INFO - 2022-12-06 16:40:44 --> Helper loaded: form_helper
INFO - 2022-12-06 16:40:44 --> Helper loaded: cookie_helper
INFO - 2022-12-06 16:40:44 --> Helper loaded: file_helper
INFO - 2022-12-06 16:40:44 --> Helper loaded: html_helper
INFO - 2022-12-06 16:40:44 --> Database Driver Class Initialized
INFO - 2022-12-06 16:40:44 --> Session: Class initialized using 'files' driver.
INFO - 2022-12-06 16:40:44 --> Form Validation Class Initialized
DEBUG - 2022-12-06 16:40:44 --> Encryption: Auto-configured driver 'openssl'.
INFO - 2022-12-06 16:40:44 --> Encryption: OpenSSL initialized with method AES-128-CBC.
INFO - 2022-12-06 16:40:44 --> Encryption Class Initialized
INFO - 2022-12-06 16:40:44 --> Email Class Initialized
INFO - 2022-12-06 16:40:44 --> Upload Class Initialized
INFO - 2022-12-06 16:40:44 --> Model "UserModel" initialized
INFO - 2022-12-06 16:40:44 --> Model "UtilView" initialized
INFO - 2022-12-06 16:40:44 --> Model "LoaderView" initialized
INFO - 2022-12-06 16:40:44 --> Controller Class Initialized
INFO - 2022-12-06 16:40:44 --> Model "DAO_CSV" initialized
ERROR - 2022-12-06 16:40:44 --> Severity: error --> Exception: fwrite(): Argument #2 ($data) must be of type string, array given /home/mrmaxpomme/Domo/equipe1-1/Casporama/application/models/DAO/DAO_CSV.php 18
INFO - 2022-12-06 16:41:38 --> Config Class Initialized
INFO - 2022-12-06 16:41:38 --> Hooks Class Initialized
DEBUG - 2022-12-06 16:41:38 --> UTF-8 Support Enabled
INFO - 2022-12-06 16:41:38 --> Utf8 Class Initialized
INFO - 2022-12-06 16:41:38 --> URI Class Initialized
INFO - 2022-12-06 16:41:38 --> Router Class Initialized
INFO - 2022-12-06 16:41:38 --> Output Class Initialized
INFO - 2022-12-06 16:41:38 --> Security Class Initialized
DEBUG - 2022-12-06 16:41:38 --> Global POST, GET and COOKIE data sanitized
INFO - 2022-12-06 16:41:38 --> Input Class Initialized
INFO - 2022-12-06 16:41:38 --> Language Class Initialized
INFO - 2022-12-06 16:41:38 --> Loader Class Initialized
INFO - 2022-12-06 16:41:38 --> Helper loaded: url_helper
INFO - 2022-12-06 16:41:38 --> Helper loaded: form_helper
INFO - 2022-12-06 16:41:38 --> Helper loaded: cookie_helper
INFO - 2022-12-06 16:41:38 --> Helper loaded: file_helper
INFO - 2022-12-06 16:41:38 --> Helper loaded: html_helper
INFO - 2022-12-06 16:41:38 --> Database Driver Class Initialized
INFO - 2022-12-06 16:41:39 --> Session: Class initialized using 'files' driver.
INFO - 2022-12-06 16:41:39 --> Form Validation Class Initialized
DEBUG - 2022-12-06 16:41:39 --> Encryption: Auto-configured driver 'openssl'.
INFO - 2022-12-06 16:41:39 --> Encryption: OpenSSL initialized with method AES-128-CBC.
INFO - 2022-12-06 16:41:39 --> Encryption Class Initialized
INFO - 2022-12-06 16:41:39 --> Email Class Initialized
INFO - 2022-12-06 16:41:39 --> Upload Class Initialized
INFO - 2022-12-06 16:41:39 --> Model "UserModel" initialized
INFO - 2022-12-06 16:41:39 --> Model "UtilView" initialized
INFO - 2022-12-06 16:41:39 --> Model "LoaderView" initialized
INFO - 2022-12-06 16:41:39 --> Controller Class Initialized
ERROR - 2022-12-06 16:41:39 --> Severity: error --> Exception: syntax error, unexpected identifier "fwrite" /home/mrmaxpomme/Domo/equipe1-1/Casporama/application/models/DAO/DAO_CSV.php 19
INFO - 2022-12-06 16:41:46 --> Config Class Initialized
INFO - 2022-12-06 16:41:46 --> Hooks Class Initialized
DEBUG - 2022-12-06 16:41:46 --> UTF-8 Support Enabled
INFO - 2022-12-06 16:41:46 --> Utf8 Class Initialized
INFO - 2022-12-06 16:41:46 --> URI Class Initialized
INFO - 2022-12-06 16:41:46 --> Router Class Initialized
INFO - 2022-12-06 16:41:46 --> Output Class Initialized
INFO - 2022-12-06 16:41:46 --> Security Class Initialized
DEBUG - 2022-12-06 16:41:46 --> Global POST, GET and COOKIE data sanitized
INFO - 2022-12-06 16:41:46 --> Input Class Initialized
INFO - 2022-12-06 16:41:46 --> Language Class Initialized
INFO - 2022-12-06 16:41:46 --> Loader Class Initialized
INFO - 2022-12-06 16:41:46 --> Helper loaded: url_helper
INFO - 2022-12-06 16:41:46 --> Helper loaded: form_helper
INFO - 2022-12-06 16:41:46 --> Helper loaded: cookie_helper
INFO - 2022-12-06 16:41:46 --> Helper loaded: file_helper
INFO - 2022-12-06 16:41:46 --> Helper loaded: html_helper
INFO - 2022-12-06 16:41:46 --> Database Driver Class Initialized
INFO - 2022-12-06 16:41:46 --> Session: Class initialized using 'files' driver.
INFO - 2022-12-06 16:41:46 --> Form Validation Class Initialized
DEBUG - 2022-12-06 16:41:46 --> Encryption: Auto-configured driver 'openssl'.
INFO - 2022-12-06 16:41:46 --> Encryption: OpenSSL initialized with method AES-128-CBC.
INFO - 2022-12-06 16:41:46 --> Encryption Class Initialized
INFO - 2022-12-06 16:41:46 --> Email Class Initialized
INFO - 2022-12-06 16:41:46 --> Upload Class Initialized
INFO - 2022-12-06 16:41:46 --> Model "UserModel" initialized
INFO - 2022-12-06 16:41:46 --> Model "UtilView" initialized
INFO - 2022-12-06 16:41:46 --> Model "LoaderView" initialized
INFO - 2022-12-06 16:41:46 --> Controller Class Initialized
INFO - 2022-12-06 16:41:46 --> Model "DAO_CSV" initialized
ERROR - 2022-12-06 16:41:46 --> Severity: error --> Exception: fwrite(): Argument #2 ($data) must be of type string, array given /home/mrmaxpomme/Domo/equipe1-1/Casporama/application/models/DAO/DAO_CSV.php 19
INFO - 2022-12-06 16:43:24 --> Config Class Initialized
INFO - 2022-12-06 16:43:24 --> Hooks Class Initialized
DEBUG - 2022-12-06 16:43:24 --> UTF-8 Support Enabled
INFO - 2022-12-06 16:43:24 --> Utf8 Class Initialized
INFO - 2022-12-06 16:43:24 --> URI Class Initialized
INFO - 2022-12-06 16:43:24 --> Router Class Initialized
INFO - 2022-12-06 16:43:24 --> Output Class Initialized
INFO - 2022-12-06 16:43:24 --> Security Class Initialized
DEBUG - 2022-12-06 16:43:24 --> Global POST, GET and COOKIE data sanitized
INFO - 2022-12-06 16:43:24 --> Input Class Initialized
INFO - 2022-12-06 16:43:24 --> Language Class Initialized
INFO - 2022-12-06 16:43:24 --> Loader Class Initialized
INFO - 2022-12-06 16:43:24 --> Helper loaded: url_helper
INFO - 2022-12-06 16:43:24 --> Helper loaded: form_helper
INFO - 2022-12-06 16:43:24 --> Helper loaded: cookie_helper
INFO - 2022-12-06 16:43:24 --> Helper loaded: file_helper
INFO - 2022-12-06 16:43:24 --> Helper loaded: html_helper
INFO - 2022-12-06 16:43:24 --> Database Driver Class Initialized
INFO - 2022-12-06 16:43:24 --> Session: Class initialized using 'files' driver.
INFO - 2022-12-06 16:43:24 --> Form Validation Class Initialized
DEBUG - 2022-12-06 16:43:24 --> Encryption: Auto-configured driver 'openssl'.
INFO - 2022-12-06 16:43:24 --> Encryption: OpenSSL initialized with method AES-128-CBC.
INFO - 2022-12-06 16:43:24 --> Encryption Class Initialized
INFO - 2022-12-06 16:43:24 --> Email Class Initialized
INFO - 2022-12-06 16:43:24 --> Upload Class Initialized
INFO - 2022-12-06 16:43:24 --> Model "UserModel" initialized
INFO - 2022-12-06 16:43:24 --> Model "UtilView" initialized
INFO - 2022-12-06 16:43:24 --> Model "LoaderView" initialized
INFO - 2022-12-06 16:43:24 --> Controller Class Initialized
INFO - 2022-12-06 16:43:24 --> Model "DAO_CSV" initialized
INFO - 2022-12-06 16:43:24 --> Final output sent to browser
DEBUG - 2022-12-06 16:43:24 --> Total execution time: 0.1694
INFO - 2022-12-06 16:46:45 --> Config Class Initialized
INFO - 2022-12-06 16:46:45 --> Hooks Class Initialized
DEBUG - 2022-12-06 16:46:45 --> UTF-8 Support Enabled
INFO - 2022-12-06 16:46:45 --> Utf8 Class Initialized
INFO - 2022-12-06 16:46:45 --> URI Class Initialized
INFO - 2022-12-06 16:46:45 --> Router Class Initialized
INFO - 2022-12-06 16:46:45 --> Output Class Initialized
INFO - 2022-12-06 16:46:45 --> Security Class Initialized
DEBUG - 2022-12-06 16:46:45 --> Global POST, GET and COOKIE data sanitized
INFO - 2022-12-06 16:46:45 --> Input Class Initialized
INFO - 2022-12-06 16:46:45 --> Language Class Initialized
INFO - 2022-12-06 16:46:45 --> Loader Class Initialized
INFO - 2022-12-06 16:46:45 --> Helper loaded: url_helper
INFO - 2022-12-06 16:46:45 --> Helper loaded: form_helper
INFO - 2022-12-06 16:46:45 --> Helper loaded: cookie_helper
INFO - 2022-12-06 16:46:45 --> Helper loaded: file_helper
INFO - 2022-12-06 16:46:45 --> Helper loaded: html_helper
INFO - 2022-12-06 16:46:45 --> Database Driver Class Initialized
INFO - 2022-12-06 16:46:46 --> Session: Class initialized using 'files' driver.
INFO - 2022-12-06 16:46:46 --> Form Validation Class Initialized
DEBUG - 2022-12-06 16:46:46 --> Encryption: Auto-configured driver 'openssl'.
INFO - 2022-12-06 16:46:46 --> Encryption: OpenSSL initialized with method AES-128-CBC.
INFO - 2022-12-06 16:46:46 --> Encryption Class Initialized
INFO - 2022-12-06 16:46:46 --> Email Class Initialized
INFO - 2022-12-06 16:46:46 --> Upload Class Initialized
INFO - 2022-12-06 16:46:46 --> Model "UserModel" initialized
INFO - 2022-12-06 16:46:46 --> Model "UtilView" initialized
INFO - 2022-12-06 16:46:46 --> Model "LoaderView" initialized
INFO - 2022-12-06 16:46:46 --> Controller Class Initialized
INFO - 2022-12-06 16:46:46 --> Model "DAO_CSV" initialized
INFO - 2022-12-06 16:46:46 --> Final output sent to browser
DEBUG - 2022-12-06 16:46:46 --> Total execution time: 0.2313
INFO - 2022-12-06 16:46:46 --> Config Class Initialized
INFO - 2022-12-06 16:46:46 --> Hooks Class Initialized
DEBUG - 2022-12-06 16:46:46 --> UTF-8 Support Enabled
INFO - 2022-12-06 16:46:46 --> Utf8 Class Initialized
INFO - 2022-12-06 16:46:46 --> URI Class Initialized
INFO - 2022-12-06 16:46:46 --> Router Class Initialized
INFO - 2022-12-06 16:46:46 --> Output Class Initialized
INFO - 2022-12-06 16:46:46 --> Security Class Initialized
DEBUG - 2022-12-06 16:46:46 --> Global POST, GET and COOKIE data sanitized
INFO - 2022-12-06 16:46:46 --> Input Class Initialized
INFO - 2022-12-06 16:46:46 --> Language Class Initialized
ERROR - 2022-12-06 16:46:46 --> 404 Page Not Found: Faviconico/index
INFO - 2022-12-06 16:49:34 --> Config Class Initialized
INFO - 2022-12-06 16:49:34 --> Hooks Class Initialized
DEBUG - 2022-12-06 16:49:34 --> UTF-8 Support Enabled
INFO - 2022-12-06 16:49:34 --> Utf8 Class Initialized
INFO - 2022-12-06 16:49:34 --> URI Class Initialized
INFO - 2022-12-06 16:49:34 --> Router Class Initialized
INFO - 2022-12-06 16:49:34 --> Output Class Initialized
INFO - 2022-12-06 16:49:34 --> Security Class Initialized
DEBUG - 2022-12-06 16:49:34 --> Global POST, GET and COOKIE data sanitized
INFO - 2022-12-06 16:49:34 --> Input Class Initialized
INFO - 2022-12-06 16:49:34 --> Language Class Initialized
INFO - 2022-12-06 16:49:34 --> Loader Class Initialized
INFO - 2022-12-06 16:49:34 --> Helper loaded: url_helper
INFO - 2022-12-06 16:49:34 --> Helper loaded: form_helper
INFO - 2022-12-06 16:49:34 --> Helper loaded: cookie_helper
INFO - 2022-12-06 16:49:34 --> Helper loaded: file_helper
INFO - 2022-12-06 16:49:34 --> Helper loaded: html_helper
INFO - 2022-12-06 16:49:34 --> Database Driver Class Initialized
INFO - 2022-12-06 16:49:34 --> Session: Class initialized using 'files' driver.
INFO - 2022-12-06 16:49:34 --> Form Validation Class Initialized
DEBUG - 2022-12-06 16:49:34 --> Encryption: Auto-configured driver 'openssl'.
INFO - 2022-12-06 16:49:34 --> Encryption: OpenSSL initialized with method AES-128-CBC.
INFO - 2022-12-06 16:49:34 --> Encryption Class Initialized
INFO - 2022-12-06 16:49:34 --> Email Class Initialized
INFO - 2022-12-06 16:49:34 --> Upload Class Initialized
INFO - 2022-12-06 16:49:34 --> Model "UserModel" initialized
INFO - 2022-12-06 16:49:34 --> Model "UtilView" initialized
INFO - 2022-12-06 16:49:34 --> Model "LoaderView" initialized
INFO - 2022-12-06 16:49:34 --> Controller Class Initialized
INFO - 2022-12-06 16:49:34 --> Model "DAO_CSV" initialized
INFO - 2022-12-06 16:49:34 --> Final output sent to browser
DEBUG - 2022-12-06 16:49:34 --> Total execution time: 0.2265
INFO - 2022-12-06 16:50:53 --> Config Class Initialized
INFO - 2022-12-06 16:50:53 --> Hooks Class Initialized
DEBUG - 2022-12-06 16:50:53 --> UTF-8 Support Enabled
INFO - 2022-12-06 16:50:53 --> Utf8 Class Initialized
INFO - 2022-12-06 16:50:53 --> URI Class Initialized
INFO - 2022-12-06 16:50:53 --> Router Class Initialized
INFO - 2022-12-06 16:50:53 --> Output Class Initialized
INFO - 2022-12-06 16:50:53 --> Security Class Initialized
DEBUG - 2022-12-06 16:50:53 --> Global POST, GET and COOKIE data sanitized
INFO - 2022-12-06 16:50:53 --> Input Class Initialized
INFO - 2022-12-06 16:50:53 --> Language Class Initialized
INFO - 2022-12-06 16:50:53 --> Loader Class Initialized
INFO - 2022-12-06 16:50:53 --> Helper loaded: url_helper
INFO - 2022-12-06 16:50:53 --> Helper loaded: form_helper
INFO - 2022-12-06 16:50:53 --> Helper loaded: cookie_helper
INFO - 2022-12-06 16:50:53 --> Helper loaded: file_helper
INFO - 2022-12-06 16:50:53 --> Helper loaded: html_helper
INFO - 2022-12-06 16:50:53 --> Database Driver Class Initialized
INFO - 2022-12-06 16:50:53 --> Session: Class initialized using 'files' driver.
INFO - 2022-12-06 16:50:53 --> Form Validation Class Initialized
DEBUG - 2022-12-06 16:50:53 --> Encryption: Auto-configured driver 'openssl'.
INFO - 2022-12-06 16:50:53 --> Encryption: OpenSSL initialized with method AES-128-CBC.
INFO - 2022-12-06 16:50:53 --> Encryption Class Initialized
INFO - 2022-12-06 16:50:53 --> Email Class Initialized
INFO - 2022-12-06 16:50:53 --> Upload Class Initialized
INFO - 2022-12-06 16:50:53 --> Model "UserModel" initialized
INFO - 2022-12-06 16:50:53 --> Model "UtilView" initialized
INFO - 2022-12-06 16:50:53 --> Model "LoaderView" initialized
INFO - 2022-12-06 16:50:53 --> Controller Class Initialized
INFO - 2022-12-06 16:50:53 --> Model "DAO_CSV" initialized
INFO - 2022-12-06 16:50:53 --> Final output sent to browser
DEBUG - 2022-12-06 16:50:53 --> Total execution time: 0.1906
INFO - 2022-12-06 16:54:50 --> Config Class Initialized
INFO - 2022-12-06 16:54:50 --> Hooks Class Initialized
DEBUG - 2022-12-06 16:54:50 --> UTF-8 Support Enabled
INFO - 2022-12-06 16:54:50 --> Utf8 Class Initialized
INFO - 2022-12-06 16:54:50 --> URI Class Initialized
INFO - 2022-12-06 16:54:50 --> Router Class Initialized
INFO - 2022-12-06 16:54:50 --> Output Class Initialized
INFO - 2022-12-06 16:54:50 --> Security Class Initialized
DEBUG - 2022-12-06 16:54:50 --> Global POST, GET and COOKIE data sanitized
INFO - 2022-12-06 16:54:50 --> Input Class Initialized
INFO - 2022-12-06 16:54:50 --> Language Class Initialized
INFO - 2022-12-06 16:54:50 --> Loader Class Initialized
INFO - 2022-12-06 16:54:50 --> Helper loaded: url_helper
INFO - 2022-12-06 16:54:50 --> Helper loaded: form_helper
INFO - 2022-12-06 16:54:50 --> Helper loaded: cookie_helper
INFO - 2022-12-06 16:54:50 --> Helper loaded: file_helper
INFO - 2022-12-06 16:54:50 --> Helper loaded: html_helper
INFO - 2022-12-06 16:54:50 --> Database Driver Class Initialized
INFO - 2022-12-06 16:54:51 --> Session: Class initialized using 'files' driver.
INFO - 2022-12-06 16:54:51 --> Form Validation Class Initialized
DEBUG - 2022-12-06 16:54:51 --> Encryption: Auto-configured driver 'openssl'.
INFO - 2022-12-06 16:54:51 --> Encryption: OpenSSL initialized with method AES-128-CBC.
INFO - 2022-12-06 16:54:51 --> Encryption Class Initialized
INFO - 2022-12-06 16:54:51 --> Email Class Initialized
INFO - 2022-12-06 16:54:51 --> Upload Class Initialized
INFO - 2022-12-06 16:54:51 --> Model "UserModel" initialized
INFO - 2022-12-06 16:54:51 --> Model "UtilView" initialized
INFO - 2022-12-06 16:54:51 --> Model "LoaderView" initialized
INFO - 2022-12-06 16:54:51 --> Controller Class Initialized
INFO - 2022-12-06 16:54:51 --> Model "DAO_CSV" initialized
INFO - 2022-12-06 16:54:51 --> Final output sent to browser
DEBUG - 2022-12-06 16:54:51 --> Total execution time: 0.2160
INFO - 2022-12-06 16:54:51 --> Config Class Initialized
INFO - 2022-12-06 16:54:51 --> Hooks Class Initialized
DEBUG - 2022-12-06 16:54:51 --> UTF-8 Support Enabled
INFO - 2022-12-06 16:54:51 --> Utf8 Class Initialized
INFO - 2022-12-06 16:54:51 --> URI Class Initialized
INFO - 2022-12-06 16:54:51 --> Router Class Initialized
INFO - 2022-12-06 16:54:51 --> Output Class Initialized
INFO - 2022-12-06 16:54:51 --> Security Class Initialized
DEBUG - 2022-12-06 16:54:51 --> Global POST, GET and COOKIE data sanitized
INFO - 2022-12-06 16:54:51 --> Input Class Initialized
INFO - 2022-12-06 16:54:51 --> Language Class Initialized
ERROR - 2022-12-06 16:54:51 --> 404 Page Not Found: Faviconico/index
INFO - 2022-12-06 16:56:34 --> Config Class Initialized
INFO - 2022-12-06 16:56:34 --> Hooks Class Initialized
DEBUG - 2022-12-06 16:56:34 --> UTF-8 Support Enabled
INFO - 2022-12-06 16:56:34 --> Utf8 Class Initialized
INFO - 2022-12-06 16:56:34 --> URI Class Initialized
INFO - 2022-12-06 16:56:34 --> Router Class Initialized
INFO - 2022-12-06 16:56:34 --> Output Class Initialized
INFO - 2022-12-06 16:56:34 --> Security Class Initialized
DEBUG - 2022-12-06 16:56:34 --> Global POST, GET and COOKIE data sanitized
INFO - 2022-12-06 16:56:34 --> Input Class Initialized
INFO - 2022-12-06 16:56:34 --> Language Class Initialized
INFO - 2022-12-06 16:56:34 --> Loader Class Initialized
INFO - 2022-12-06 16:56:34 --> Helper loaded: url_helper
INFO - 2022-12-06 16:56:34 --> Helper loaded: form_helper
INFO - 2022-12-06 16:56:34 --> Helper loaded: cookie_helper
INFO - 2022-12-06 16:56:34 --> Helper loaded: file_helper
INFO - 2022-12-06 16:56:34 --> Helper loaded: html_helper
INFO - 2022-12-06 16:56:34 --> Database Driver Class Initialized
INFO - 2022-12-06 16:56:34 --> Session: Class initialized using 'files' driver.
INFO - 2022-12-06 16:56:34 --> Form Validation Class Initialized
DEBUG - 2022-12-06 16:56:34 --> Encryption: Auto-configured driver 'openssl'.
INFO - 2022-12-06 16:56:34 --> Encryption: OpenSSL initialized with method AES-128-CBC.
INFO - 2022-12-06 16:56:34 --> Encryption Class Initialized
INFO - 2022-12-06 16:56:34 --> Email Class Initialized
INFO - 2022-12-06 16:56:34 --> Upload Class Initialized
INFO - 2022-12-06 16:56:34 --> Model "UserModel" initialized
INFO - 2022-12-06 16:56:34 --> Model "UtilView" initialized
INFO - 2022-12-06 16:56:34 --> Model "LoaderView" initialized
INFO - 2022-12-06 16:56:34 --> Controller Class Initialized
INFO - 2022-12-06 16:56:34 --> Model "DAO_CSV" initialized
ERROR - 2022-12-06 16:56:34 --> Severity: error --> Exception: Unsupported operand types: array + string /home/mrmaxpomme/Domo/equipe1-1/Casporama/application/models/DAO/DAO_CSV.php 23
INFO - 2022-12-06 16:58:29 --> Config Class Initialized
INFO - 2022-12-06 16:58:29 --> Hooks Class Initialized
DEBUG - 2022-12-06 16:58:29 --> UTF-8 Support Enabled
INFO - 2022-12-06 16:58:29 --> Utf8 Class Initialized
INFO - 2022-12-06 16:58:29 --> URI Class Initialized
INFO - 2022-12-06 16:58:29 --> Router Class Initialized
INFO - 2022-12-06 16:58:29 --> Output Class Initialized
INFO - 2022-12-06 16:58:29 --> Security Class Initialized
DEBUG - 2022-12-06 16:58:29 --> Global POST, GET and COOKIE data sanitized
INFO - 2022-12-06 16:58:29 --> Input Class Initialized
INFO - 2022-12-06 16:58:29 --> Language Class Initialized
INFO - 2022-12-06 16:58:29 --> Loader Class Initialized
INFO - 2022-12-06 16:58:29 --> Helper loaded: url_helper
INFO - 2022-12-06 16:58:29 --> Helper loaded: form_helper
INFO - 2022-12-06 16:58:29 --> Helper loaded: cookie_helper
INFO - 2022-12-06 16:58:29 --> Helper loaded: file_helper
INFO - 2022-12-06 16:58:29 --> Helper loaded: html_helper
INFO - 2022-12-06 16:58:29 --> Database Driver Class Initialized
INFO - 2022-12-06 16:58:30 --> Session: Class initialized using 'files' driver.
INFO - 2022-12-06 16:58:30 --> Form Validation Class Initialized
DEBUG - 2022-12-06 16:58:30 --> Encryption: Auto-configured driver 'openssl'.
INFO - 2022-12-06 16:58:30 --> Encryption: OpenSSL initialized with method AES-128-CBC.
INFO - 2022-12-06 16:58:30 --> Encryption Class Initialized
INFO - 2022-12-06 16:58:30 --> Email Class Initialized
INFO - 2022-12-06 16:58:30 --> Upload Class Initialized
INFO - 2022-12-06 16:58:30 --> Model "UserModel" initialized
INFO - 2022-12-06 16:58:30 --> Model "UtilView" initialized
INFO - 2022-12-06 16:58:30 --> Model "LoaderView" initialized
INFO - 2022-12-06 16:58:30 --> Controller Class Initialized
INFO - 2022-12-06 16:58:30 --> Model "DAO_CSV" initialized
INFO - 2022-12-06 16:58:30 --> Final output sent to browser
DEBUG - 2022-12-06 16:58:30 --> Total execution time: 0.2095
INFO - 2022-12-06 16:58:50 --> Config Class Initialized
INFO - 2022-12-06 16:58:50 --> Hooks Class Initialized
DEBUG - 2022-12-06 16:58:50 --> UTF-8 Support Enabled
INFO - 2022-12-06 16:58:50 --> Utf8 Class Initialized
INFO - 2022-12-06 16:58:50 --> URI Class Initialized
INFO - 2022-12-06 16:58:50 --> Router Class Initialized
INFO - 2022-12-06 16:58:50 --> Output Class Initialized
INFO - 2022-12-06 16:58:50 --> Security Class Initialized
DEBUG - 2022-12-06 16:58:50 --> Global POST, GET and COOKIE data sanitized
INFO - 2022-12-06 16:58:50 --> Input Class Initialized
INFO - 2022-12-06 16:58:50 --> Language Class Initialized
INFO - 2022-12-06 16:58:50 --> Loader Class Initialized
INFO - 2022-12-06 16:58:50 --> Helper loaded: url_helper
INFO - 2022-12-06 16:58:50 --> Helper loaded: form_helper
INFO - 2022-12-06 16:58:50 --> Helper loaded: cookie_helper
INFO - 2022-12-06 16:58:50 --> Helper loaded: file_helper
INFO - 2022-12-06 16:58:50 --> Helper loaded: html_helper
INFO - 2022-12-06 16:58:50 --> Database Driver Class Initialized
INFO - 2022-12-06 16:58:50 --> Session: Class initialized using 'files' driver.
INFO - 2022-12-06 16:58:50 --> Form Validation Class Initialized
DEBUG - 2022-12-06 16:58:50 --> Encryption: Auto-configured driver 'openssl'.
INFO - 2022-12-06 16:58:50 --> Encryption: OpenSSL initialized with method AES-128-CBC.
INFO - 2022-12-06 16:58:50 --> Encryption Class Initialized
INFO - 2022-12-06 16:58:50 --> Email Class Initialized
INFO - 2022-12-06 16:58:50 --> Upload Class Initialized
INFO - 2022-12-06 16:58:50 --> Model "UserModel" initialized
INFO - 2022-12-06 16:58:50 --> Model "UtilView" initialized
INFO - 2022-12-06 16:58:50 --> Model "LoaderView" initialized
INFO - 2022-12-06 16:58:50 --> Controller Class Initialized
INFO - 2022-12-06 16:58:50 --> Model "DAO_CSV" initialized
INFO - 2022-12-06 16:58:50 --> Final output sent to browser
DEBUG - 2022-12-06 16:58:50 --> Total execution time: 0.1884
INFO - 2022-12-06 16:59:08 --> Config Class Initialized
INFO - 2022-12-06 16:59:08 --> Hooks Class Initialized
DEBUG - 2022-12-06 16:59:08 --> UTF-8 Support Enabled
INFO - 2022-12-06 16:59:08 --> Utf8 Class Initialized
INFO - 2022-12-06 16:59:08 --> URI Class Initialized
INFO - 2022-12-06 16:59:08 --> Router Class Initialized
INFO - 2022-12-06 16:59:08 --> Output Class Initialized
INFO - 2022-12-06 16:59:08 --> Security Class Initialized
DEBUG - 2022-12-06 16:59:08 --> Global POST, GET and COOKIE data sanitized
INFO - 2022-12-06 16:59:08 --> Input Class Initialized
INFO - 2022-12-06 16:59:08 --> Language Class Initialized
INFO - 2022-12-06 16:59:08 --> Loader Class Initialized
INFO - 2022-12-06 16:59:08 --> Helper loaded: url_helper
INFO - 2022-12-06 16:59:08 --> Helper loaded: form_helper
INFO - 2022-12-06 16:59:08 --> Helper loaded: cookie_helper
INFO - 2022-12-06 16:59:08 --> Helper loaded: file_helper
INFO - 2022-12-06 16:59:08 --> Helper loaded: html_helper
INFO - 2022-12-06 16:59:08 --> Database Driver Class Initialized
INFO - 2022-12-06 16:59:08 --> Session: Class initialized using 'files' driver.
INFO - 2022-12-06 16:59:08 --> Form Validation Class Initialized
DEBUG - 2022-12-06 16:59:08 --> Encryption: Auto-configured driver 'openssl'.
INFO - 2022-12-06 16:59:08 --> Encryption: OpenSSL initialized with method AES-128-CBC.
INFO - 2022-12-06 16:59:08 --> Encryption Class Initialized
INFO - 2022-12-06 16:59:08 --> Email Class Initialized
INFO - 2022-12-06 16:59:08 --> Upload Class Initialized
INFO - 2022-12-06 16:59:08 --> Model "UserModel" initialized
INFO - 2022-12-06 16:59:08 --> Model "UtilView" initialized
INFO - 2022-12-06 16:59:08 --> Model "LoaderView" initialized
INFO - 2022-12-06 16:59:08 --> Controller Class Initialized
INFO - 2022-12-06 16:59:08 --> Model "DAO_CSV" initialized
INFO - 2022-12-06 16:59:08 --> Final output sent to browser
DEBUG - 2022-12-06 16:59:08 --> Total execution time: 0.1672
INFO - 2022-12-06 17:20:58 --> Config Class Initialized
INFO - 2022-12-06 17:20:58 --> Hooks Class Initialized
DEBUG - 2022-12-06 17:20:58 --> UTF-8 Support Enabled
INFO - 2022-12-06 17:20:58 --> Utf8 Class Initialized
INFO - 2022-12-06 17:20:58 --> URI Class Initialized
INFO - 2022-12-06 17:20:58 --> Router Class Initialized
INFO - 2022-12-06 17:20:58 --> Output Class Initialized
INFO - 2022-12-06 17:20:58 --> Security Class Initialized
DEBUG - 2022-12-06 17:20:58 --> Global POST, GET and COOKIE data sanitized
INFO - 2022-12-06 17:20:58 --> Input Class Initialized
INFO - 2022-12-06 17:20:58 --> Language Class Initialized
INFO - 2022-12-06 17:20:58 --> Loader Class Initialized
INFO - 2022-12-06 17:20:58 --> Helper loaded: url_helper
INFO - 2022-12-06 17:20:58 --> Helper loaded: form_helper
INFO - 2022-12-06 17:20:58 --> Helper loaded: cookie_helper
INFO - 2022-12-06 17:20:58 --> Helper loaded: file_helper
INFO - 2022-12-06 17:20:58 --> Helper loaded: html_helper
INFO - 2022-12-06 17:20:58 --> Database Driver Class Initialized
INFO - 2022-12-06 17:20:58 --> Session: Class initialized using 'files' driver.
INFO - 2022-12-06 17:20:58 --> Form Validation Class Initialized
DEBUG - 2022-12-06 17:20:58 --> Encryption: Auto-configured driver 'openssl'.
INFO - 2022-12-06 17:20:58 --> Encryption: OpenSSL initialized with method AES-128-CBC.
INFO - 2022-12-06 17:20:58 --> Encryption Class Initialized
INFO - 2022-12-06 17:20:58 --> Email Class Initialized
INFO - 2022-12-06 17:20:58 --> Upload Class Initialized
INFO - 2022-12-06 17:20:58 --> Model "UserModel" initialized
INFO - 2022-12-06 17:20:58 --> Model "UtilView" initialized
INFO - 2022-12-06 17:20:58 --> Model "LoaderView" initialized
INFO - 2022-12-06 17:20:58 --> Controller Class Initialized
INFO - 2022-12-06 17:20:58 --> Model "DAO_CSV" initialized
ERROR - 2022-12-06 17:20:59 --> Query error: PROCEDURE LOCATION.getAll does not exist - Invalid query: Call LOCATION.getAll()
INFO - 2022-12-06 17:20:59 --> Language file loaded: language/english/db_lang.php
INFO - 2022-12-06 17:20:59 --> Config Class Initialized
INFO - 2022-12-06 17:20:59 --> Hooks Class Initialized
DEBUG - 2022-12-06 17:20:59 --> UTF-8 Support Enabled
INFO - 2022-12-06 17:20:59 --> Utf8 Class Initialized
INFO - 2022-12-06 17:20:59 --> URI Class Initialized
INFO - 2022-12-06 17:20:59 --> Router Class Initialized
INFO - 2022-12-06 17:20:59 --> Output Class Initialized
INFO - 2022-12-06 17:20:59 --> Security Class Initialized
DEBUG - 2022-12-06 17:20:59 --> Global POST, GET and COOKIE data sanitized
INFO - 2022-12-06 17:20:59 --> Input Class Initialized
INFO - 2022-12-06 17:20:59 --> Language Class Initialized
ERROR - 2022-12-06 17:20:59 --> 404 Page Not Found: Faviconico/index
INFO - 2022-12-06 17:21:36 --> Config Class Initialized
INFO - 2022-12-06 17:21:36 --> Hooks Class Initialized
DEBUG - 2022-12-06 17:21:36 --> UTF-8 Support Enabled
INFO - 2022-12-06 17:21:36 --> Utf8 Class Initialized
INFO - 2022-12-06 17:21:36 --> URI Class Initialized
INFO - 2022-12-06 17:21:36 --> Router Class Initialized
INFO - 2022-12-06 17:21:36 --> Output Class Initialized
INFO - 2022-12-06 17:21:36 --> Security Class Initialized
DEBUG - 2022-12-06 17:21:36 --> Global POST, GET and COOKIE data sanitized
INFO - 2022-12-06 17:21:36 --> Input Class Initialized
INFO - 2022-12-06 17:21:36 --> Language Class Initialized
INFO - 2022-12-06 17:21:36 --> Loader Class Initialized
INFO - 2022-12-06 17:21:36 --> Helper loaded: url_helper
INFO - 2022-12-06 17:21:36 --> Helper loaded: form_helper
INFO - 2022-12-06 17:21:36 --> Helper loaded: cookie_helper
INFO - 2022-12-06 17:21:36 --> Helper loaded: file_helper
INFO - 2022-12-06 17:21:36 --> Helper loaded: html_helper
INFO - 2022-12-06 17:21:36 --> Database Driver Class Initialized
INFO - 2022-12-06 17:21:36 --> Session: Class initialized using 'files' driver.
INFO - 2022-12-06 17:21:36 --> Form Validation Class Initialized
DEBUG - 2022-12-06 17:21:36 --> Encryption: Auto-configured driver 'openssl'.
INFO - 2022-12-06 17:21:36 --> Encryption: OpenSSL initialized with method AES-128-CBC.
INFO - 2022-12-06 17:21:36 --> Encryption Class Initialized
INFO - 2022-12-06 17:21:36 --> Email Class Initialized
INFO - 2022-12-06 17:21:36 --> Upload Class Initialized
INFO - 2022-12-06 17:21:36 --> Model "UserModel" initialized
INFO - 2022-12-06 17:21:36 --> Model "UtilView" initialized
INFO - 2022-12-06 17:21:36 --> Model "LoaderView" initialized
INFO - 2022-12-06 17:21:36 --> Controller Class Initialized
INFO - 2022-12-06 17:21:36 --> Model "DAO_CSV" initialized
ERROR - 2022-12-06 17:21:36 --> Severity: Warning --> fopen(./DAO/export/csv/LOCATION/2022-12-06-05:21:36.1.csv): Failed to open stream: No such file or directory /home/mrmaxpomme/Domo/equipe1-1/Casporama/application/models/DAO/DAO_CSV.php 16
ERROR - 2022-12-06 17:21:36 --> Severity: error --> Exception: fputcsv(): Argument #1 ($stream) must be of type resource, bool given /home/mrmaxpomme/Domo/equipe1-1/Casporama/application/models/DAO/DAO_CSV.php 27
INFO - 2022-12-06 17:21:45 --> Config Class Initialized
INFO - 2022-12-06 17:21:45 --> Hooks Class Initialized
DEBUG - 2022-12-06 17:21:45 --> UTF-8 Support Enabled
INFO - 2022-12-06 17:21:45 --> Utf8 Class Initialized
INFO - 2022-12-06 17:21:45 --> URI Class Initialized
INFO - 2022-12-06 17:21:45 --> Router Class Initialized
INFO - 2022-12-06 17:21:45 --> Output Class Initialized
INFO - 2022-12-06 17:21:45 --> Security Class Initialized
DEBUG - 2022-12-06 17:21:45 --> Global POST, GET and COOKIE data sanitized
INFO - 2022-12-06 17:21:45 --> Input Class Initialized
INFO - 2022-12-06 17:21:45 --> Language Class Initialized
INFO - 2022-12-06 17:21:45 --> Loader Class Initialized
INFO - 2022-12-06 17:21:45 --> Helper loaded: url_helper
INFO - 2022-12-06 17:21:45 --> Helper loaded: form_helper
INFO - 2022-12-06 17:21:45 --> Helper loaded: cookie_helper
INFO - 2022-12-06 17:21:45 --> Helper loaded: file_helper
INFO - 2022-12-06 17:21:45 --> Helper loaded: html_helper
INFO - 2022-12-06 17:21:45 --> Database Driver Class Initialized
INFO - 2022-12-06 17:21:45 --> Session: Class initialized using 'files' driver.
INFO - 2022-12-06 17:21:45 --> Form Validation Class Initialized
DEBUG - 2022-12-06 17:21:45 --> Encryption: Auto-configured driver 'openssl'.
INFO - 2022-12-06 17:21:45 --> Encryption: OpenSSL initialized with method AES-128-CBC.
INFO - 2022-12-06 17:21:45 --> Encryption Class Initialized
INFO - 2022-12-06 17:21:45 --> Email Class Initialized
INFO - 2022-12-06 17:21:45 --> Upload Class Initialized
INFO - 2022-12-06 17:21:45 --> Model "UserModel" initialized
INFO - 2022-12-06 17:21:45 --> Model "UtilView" initialized
INFO - 2022-12-06 17:21:45 --> Model "LoaderView" initialized
INFO - 2022-12-06 17:21:45 --> Controller Class Initialized
INFO - 2022-12-06 17:21:45 --> Model "DAO_CSV" initialized
ERROR - 2022-12-06 17:21:45 --> Query error: PROCEDURE LOCATION.getAll does not exist - Invalid query: Call LOCATION.getAll()
INFO - 2022-12-06 17:21:45 --> Language file loaded: language/english/db_lang.php
INFO - 2022-12-06 17:21:54 --> Config Class Initialized
INFO - 2022-12-06 17:21:54 --> Hooks Class Initialized
DEBUG - 2022-12-06 17:21:54 --> UTF-8 Support Enabled
INFO - 2022-12-06 17:21:54 --> Utf8 Class Initialized
INFO - 2022-12-06 17:21:54 --> URI Class Initialized
INFO - 2022-12-06 17:21:54 --> Router Class Initialized
INFO - 2022-12-06 17:21:54 --> Output Class Initialized
INFO - 2022-12-06 17:21:54 --> Security Class Initialized
DEBUG - 2022-12-06 17:21:54 --> Global POST, GET and COOKIE data sanitized
INFO - 2022-12-06 17:21:54 --> Input Class Initialized
INFO - 2022-12-06 17:21:54 --> Language Class Initialized
INFO - 2022-12-06 17:21:54 --> Loader Class Initialized
INFO - 2022-12-06 17:21:54 --> Helper loaded: url_helper
INFO - 2022-12-06 17:21:54 --> Helper loaded: form_helper
INFO - 2022-12-06 17:21:54 --> Helper loaded: cookie_helper
INFO - 2022-12-06 17:21:54 --> Helper loaded: file_helper
INFO - 2022-12-06 17:21:54 --> Helper loaded: html_helper
INFO - 2022-12-06 17:21:54 --> Database Driver Class Initialized
INFO - 2022-12-06 17:21:54 --> Session: Class initialized using 'files' driver.
INFO - 2022-12-06 17:21:54 --> Form Validation Class Initialized
DEBUG - 2022-12-06 17:21:54 --> Encryption: Auto-configured driver 'openssl'.
INFO - 2022-12-06 17:21:54 --> Encryption: OpenSSL initialized with method AES-128-CBC.
INFO - 2022-12-06 17:21:54 --> Encryption Class Initialized
INFO - 2022-12-06 17:21:54 --> Email Class Initialized
INFO - 2022-12-06 17:21:54 --> Upload Class Initialized
INFO - 2022-12-06 17:21:54 --> Model "UserModel" initialized
INFO - 2022-12-06 17:21:54 --> Model "UtilView" initialized
INFO - 2022-12-06 17:21:54 --> Model "LoaderView" initialized
INFO - 2022-12-06 17:21:54 --> Controller Class Initialized
INFO - 2022-12-06 17:21:54 --> Model "DAO_CSV" initialized
INFO - 2022-12-06 17:21:54 --> Final output sent to browser
DEBUG - 2022-12-06 17:21:54 --> Total execution time: 0.2144
INFO - 2022-12-06 18:29:29 --> Config Class Initialized
INFO - 2022-12-06 18:29:29 --> Hooks Class Initialized
DEBUG - 2022-12-06 18:29:29 --> UTF-8 Support Enabled
INFO - 2022-12-06 18:29:29 --> Utf8 Class Initialized
INFO - 2022-12-06 18:29:29 --> URI Class Initialized
INFO - 2022-12-06 18:29:29 --> Router Class Initialized
INFO - 2022-12-06 18:29:29 --> Output Class Initialized
INFO - 2022-12-06 18:29:29 --> Security Class Initialized
DEBUG - 2022-12-06 18:29:29 --> Global POST, GET and COOKIE data sanitized
INFO - 2022-12-06 18:29:29 --> Input Class Initialized
INFO - 2022-12-06 18:29:29 --> Language Class Initialized
INFO - 2022-12-06 18:29:29 --> Loader Class Initialized
INFO - 2022-12-06 18:29:29 --> Helper loaded: url_helper
INFO - 2022-12-06 18:29:29 --> Helper loaded: form_helper
INFO - 2022-12-06 18:29:29 --> Helper loaded: cookie_helper
INFO - 2022-12-06 18:29:29 --> Helper loaded: file_helper
INFO - 2022-12-06 18:29:29 --> Helper loaded: html_helper
INFO - 2022-12-06 18:29:29 --> Database Driver Class Initialized
INFO - 2022-12-06 18:29:29 --> Session: Class initialized using 'files' driver.
INFO - 2022-12-06 18:29:29 --> Form Validation Class Initialized
DEBUG - 2022-12-06 18:29:29 --> Encryption: Auto-configured driver 'openssl'.
INFO - 2022-12-06 18:29:29 --> Encryption: OpenSSL initialized with method AES-128-CBC.
INFO - 2022-12-06 18:29:29 --> Encryption Class Initialized
INFO - 2022-12-06 18:29:29 --> Email Class Initialized
INFO - 2022-12-06 18:29:29 --> Upload Class Initialized
INFO - 2022-12-06 18:29:29 --> Model "UserModel" initialized
INFO - 2022-12-06 18:29:29 --> Model "UtilView" initialized
INFO - 2022-12-06 18:29:29 --> Model "LoaderView" initialized
INFO - 2022-12-06 18:29:29 --> Controller Class Initialized
INFO - 2022-12-06 18:29:29 --> Model "DAO_CSV" initialized
INFO - 2022-12-06 18:29:29 --> Final output sent to browser
DEBUG - 2022-12-06 18:29:29 --> Total execution time: 0.2401
INFO - 2022-12-06 18:31:41 --> Config Class Initialized
INFO - 2022-12-06 18:31:41 --> Hooks Class Initialized
DEBUG - 2022-12-06 18:31:41 --> UTF-8 Support Enabled
INFO - 2022-12-06 18:31:41 --> Utf8 Class Initialized
INFO - 2022-12-06 18:31:41 --> URI Class Initialized
INFO - 2022-12-06 18:31:41 --> Router Class Initialized
INFO - 2022-12-06 18:31:41 --> Output Class Initialized
INFO - 2022-12-06 18:31:41 --> Security Class Initialized
DEBUG - 2022-12-06 18:31:41 --> Global POST, GET and COOKIE data sanitized
INFO - 2022-12-06 18:31:41 --> Input Class Initialized
INFO - 2022-12-06 18:31:41 --> Language Class Initialized
INFO - 2022-12-06 18:31:41 --> Loader Class Initialized
INFO - 2022-12-06 18:31:41 --> Helper loaded: url_helper
INFO - 2022-12-06 18:31:41 --> Helper loaded: form_helper
INFO - 2022-12-06 18:31:41 --> Helper loaded: cookie_helper
INFO - 2022-12-06 18:31:41 --> Helper loaded: file_helper
INFO - 2022-12-06 18:31:41 --> Helper loaded: html_helper
INFO - 2022-12-06 18:31:41 --> Database Driver Class Initialized
INFO - 2022-12-06 18:31:41 --> Session: Class initialized using 'files' driver.
INFO - 2022-12-06 18:31:41 --> Form Validation Class Initialized
DEBUG - 2022-12-06 18:31:41 --> Encryption: Auto-configured driver 'openssl'.
INFO - 2022-12-06 18:31:41 --> Encryption: OpenSSL initialized with method AES-128-CBC.
INFO - 2022-12-06 18:31:41 --> Encryption Class Initialized
INFO - 2022-12-06 18:31:41 --> Email Class Initialized
INFO - 2022-12-06 18:31:41 --> Upload Class Initialized
INFO - 2022-12-06 18:31:41 --> Model "UserModel" initialized
INFO - 2022-12-06 18:31:41 --> Model "UtilView" initialized
INFO - 2022-12-06 18:31:41 --> Model "LoaderView" initialized
INFO - 2022-12-06 18:31:41 --> Controller Class Initialized
INFO - 2022-12-06 18:31:41 --> Model "DAO_CSV" initialized
ERROR - 2022-12-06 18:31:41 --> Query error: You have an error in your SQL syntax; check the manual that corresponds to your MariaDB server version for the right syntax to use near '?,?,)' at line 1 - Invalid query: Call sport.addsport(?,?,)
INFO - 2022-12-06 18:31:41 --> Language file loaded: language/english/db_lang.php
INFO - 2022-12-06 18:31:41 --> Config Class Initialized
INFO - 2022-12-06 18:31:41 --> Hooks Class Initialized
DEBUG - 2022-12-06 18:31:41 --> UTF-8 Support Enabled
INFO - 2022-12-06 18:31:41 --> Utf8 Class Initialized
INFO - 2022-12-06 18:31:41 --> URI Class Initialized
INFO - 2022-12-06 18:31:41 --> Router Class Initialized
INFO - 2022-12-06 18:31:41 --> Output Class Initialized
INFO - 2022-12-06 18:31:41 --> Security Class Initialized
DEBUG - 2022-12-06 18:31:41 --> Global POST, GET and COOKIE data sanitized
INFO - 2022-12-06 18:31:41 --> Input Class Initialized
INFO - 2022-12-06 18:31:41 --> Language Class Initialized
ERROR - 2022-12-06 18:31:41 --> 404 Page Not Found: Faviconico/index
INFO - 2022-12-06 18:33:39 --> Config Class Initialized
INFO - 2022-12-06 18:33:39 --> Hooks Class Initialized
DEBUG - 2022-12-06 18:33:39 --> UTF-8 Support Enabled
INFO - 2022-12-06 18:33:39 --> Utf8 Class Initialized
INFO - 2022-12-06 18:33:39 --> URI Class Initialized
INFO - 2022-12-06 18:33:39 --> Router Class Initialized
INFO - 2022-12-06 18:33:39 --> Output Class Initialized
INFO - 2022-12-06 18:33:39 --> Security Class Initialized
DEBUG - 2022-12-06 18:33:39 --> Global POST, GET and COOKIE data sanitized
INFO - 2022-12-06 18:33:39 --> Input Class Initialized
INFO - 2022-12-06 18:33:39 --> Language Class Initialized
INFO - 2022-12-06 18:33:39 --> Loader Class Initialized
INFO - 2022-12-06 18:33:39 --> Helper loaded: url_helper
INFO - 2022-12-06 18:33:39 --> Helper loaded: form_helper
INFO - 2022-12-06 18:33:39 --> Helper loaded: cookie_helper
INFO - 2022-12-06 18:33:39 --> Helper loaded: file_helper
INFO - 2022-12-06 18:33:39 --> Helper loaded: html_helper
INFO - 2022-12-06 18:33:39 --> Database Driver Class Initialized
INFO - 2022-12-06 18:33:40 --> Session: Class initialized using 'files' driver.
INFO - 2022-12-06 18:33:40 --> Form Validation Class Initialized
DEBUG - 2022-12-06 18:33:40 --> Encryption: Auto-configured driver 'openssl'.
INFO - 2022-12-06 18:33:40 --> Encryption: OpenSSL initialized with method AES-128-CBC.
INFO - 2022-12-06 18:33:40 --> Encryption Class Initialized
INFO - 2022-12-06 18:33:40 --> Email Class Initialized
INFO - 2022-12-06 18:33:40 --> Upload Class Initialized
INFO - 2022-12-06 18:33:40 --> Model "UserModel" initialized
INFO - 2022-12-06 18:33:40 --> Model "UtilView" initialized
INFO - 2022-12-06 18:33:40 --> Model "LoaderView" initialized
INFO - 2022-12-06 18:33:40 --> Controller Class Initialized
INFO - 2022-12-06 18:33:40 --> Model "DAO_CSV" initialized
ERROR - 2022-12-06 18:33:40 --> Query error: You have an error in your SQL syntax; check the manual that corresponds to your MariaDB server version for the right syntax to use near '?,?)' at line 1 - Invalid query: Call sport.addsport(?,?)
INFO - 2022-12-06 18:33:40 --> Language file loaded: language/english/db_lang.php
INFO - 2022-12-06 18:34:12 --> Config Class Initialized
INFO - 2022-12-06 18:34:12 --> Hooks Class Initialized
DEBUG - 2022-12-06 18:34:12 --> UTF-8 Support Enabled
INFO - 2022-12-06 18:34:12 --> Utf8 Class Initialized
INFO - 2022-12-06 18:34:12 --> URI Class Initialized
INFO - 2022-12-06 18:34:12 --> Router Class Initialized
INFO - 2022-12-06 18:34:12 --> Output Class Initialized
INFO - 2022-12-06 18:34:12 --> Security Class Initialized
DEBUG - 2022-12-06 18:34:12 --> Global POST, GET and COOKIE data sanitized
INFO - 2022-12-06 18:34:12 --> Input Class Initialized
INFO - 2022-12-06 18:34:12 --> Language Class Initialized
INFO - 2022-12-06 18:34:12 --> Loader Class Initialized
INFO - 2022-12-06 18:34:12 --> Helper loaded: url_helper
INFO - 2022-12-06 18:34:12 --> Helper loaded: form_helper
INFO - 2022-12-06 18:34:12 --> Helper loaded: cookie_helper
INFO - 2022-12-06 18:34:12 --> Helper loaded: file_helper
INFO - 2022-12-06 18:34:12 --> Helper loaded: html_helper
INFO - 2022-12-06 18:34:12 --> Database Driver Class Initialized
INFO - 2022-12-06 18:34:12 --> Session: Class initialized using 'files' driver.
INFO - 2022-12-06 18:34:12 --> Form Validation Class Initialized
DEBUG - 2022-12-06 18:34:12 --> Encryption: Auto-configured driver 'openssl'.
INFO - 2022-12-06 18:34:12 --> Encryption: OpenSSL initialized with method AES-128-CBC.
INFO - 2022-12-06 18:34:12 --> Encryption Class Initialized
INFO - 2022-12-06 18:34:12 --> Email Class Initialized
INFO - 2022-12-06 18:34:12 --> Upload Class Initialized
INFO - 2022-12-06 18:34:12 --> Model "UserModel" initialized
INFO - 2022-12-06 18:34:12 --> Model "UtilView" initialized
INFO - 2022-12-06 18:34:12 --> Model "LoaderView" initialized
INFO - 2022-12-06 18:34:12 --> Controller Class Initialized
INFO - 2022-12-06 18:34:12 --> Model "DAO_CSV" initialized
ERROR - 2022-12-06 18:34:12 --> Query error: Duplicate entry '2' for key 'PRIMARY' - Invalid query: Call sport.addsport('2','lobortis')
INFO - 2022-12-06 18:34:12 --> Language file loaded: language/english/db_lang.php
INFO - 2022-12-06 18:35:22 --> Config Class Initialized
INFO - 2022-12-06 18:35:22 --> Hooks Class Initialized
DEBUG - 2022-12-06 18:35:22 --> UTF-8 Support Enabled
INFO - 2022-12-06 18:35:22 --> Utf8 Class Initialized
INFO - 2022-12-06 18:35:22 --> URI Class Initialized
INFO - 2022-12-06 18:35:22 --> Router Class Initialized
INFO - 2022-12-06 18:35:22 --> Output Class Initialized
INFO - 2022-12-06 18:35:22 --> Security Class Initialized
DEBUG - 2022-12-06 18:35:22 --> Global POST, GET and COOKIE data sanitized
INFO - 2022-12-06 18:35:22 --> Input Class Initialized
INFO - 2022-12-06 18:35:22 --> Language Class Initialized
INFO - 2022-12-06 18:35:22 --> Loader Class Initialized
INFO - 2022-12-06 18:35:22 --> Helper loaded: url_helper
INFO - 2022-12-06 18:35:22 --> Helper loaded: form_helper
INFO - 2022-12-06 18:35:22 --> Helper loaded: cookie_helper
INFO - 2022-12-06 18:35:22 --> Helper loaded: file_helper
INFO - 2022-12-06 18:35:22 --> Helper loaded: html_helper
INFO - 2022-12-06 18:35:22 --> Database Driver Class Initialized
INFO - 2022-12-06 18:35:22 --> Session: Class initialized using 'files' driver.
INFO - 2022-12-06 18:35:22 --> Form Validation Class Initialized
DEBUG - 2022-12-06 18:35:22 --> Encryption: Auto-configured driver 'openssl'.
INFO - 2022-12-06 18:35:22 --> Encryption: OpenSSL initialized with method AES-128-CBC.
INFO - 2022-12-06 18:35:22 --> Encryption Class Initialized
INFO - 2022-12-06 18:35:22 --> Email Class Initialized
INFO - 2022-12-06 18:35:22 --> Upload Class Initialized
INFO - 2022-12-06 18:35:22 --> Model "UserModel" initialized
INFO - 2022-12-06 18:35:22 --> Model "UtilView" initialized
INFO - 2022-12-06 18:35:22 --> Model "LoaderView" initialized
INFO - 2022-12-06 18:35:22 --> Controller Class Initialized
INFO - 2022-12-06 18:35:22 --> Model "DAO_CSV" initialized
INFO - 2022-12-06 18:35:23 --> Final output sent to browser
DEBUG - 2022-12-06 18:35:23 --> Total execution time: 0.4302
