INFO - 2022-12-09 13:46:58 --> Config Class Initialized
INFO - 2022-12-09 13:46:58 --> Hooks Class Initialized
DEBUG - 2022-12-09 13:46:58 --> UTF-8 Support Enabled
INFO - 2022-12-09 13:46:58 --> Utf8 Class Initialized
INFO - 2022-12-09 13:46:58 --> URI Class Initialized
INFO - 2022-12-09 13:46:58 --> Router Class Initialized
INFO - 2022-12-09 13:46:58 --> Output Class Initialized
INFO - 2022-12-09 13:46:58 --> Security Class Initialized
DEBUG - 2022-12-09 13:46:58 --> Global POST, GET and COOKIE data sanitized
INFO - 2022-12-09 13:46:58 --> Input Class Initialized
INFO - 2022-12-09 13:46:58 --> Language Class Initialized
INFO - 2022-12-09 13:46:58 --> Loader Class Initialized
INFO - 2022-12-09 13:46:58 --> Helper loaded: url_helper
INFO - 2022-12-09 13:46:58 --> Helper loaded: form_helper
INFO - 2022-12-09 13:46:58 --> Helper loaded: cookie_helper
INFO - 2022-12-09 13:46:58 --> Helper loaded: file_helper
INFO - 2022-12-09 13:46:58 --> Helper loaded: html_helper
INFO - 2022-12-09 13:46:58 --> Helper loaded: date_helper
INFO - 2022-12-09 13:46:58 --> Database Driver Class Initialized
ERROR - 2022-12-09 13:46:58 --> Severity: Warning --> mysqli::real_connect(): (HY000/2002): Network is unreachable /home/mrmaxpomme/Domo/equipe1-1/Casporama/system/database/drivers/mysqli/mysqli_driver.php 211
ERROR - 2022-12-09 13:46:58 --> Unable to connect to the database
INFO - 2022-12-09 13:46:58 --> Language file loaded: language/english/db_lang.php
INFO - 2022-12-09 13:47:00 --> Config Class Initialized
INFO - 2022-12-09 13:47:00 --> Hooks Class Initialized
DEBUG - 2022-12-09 13:47:00 --> UTF-8 Support Enabled
INFO - 2022-12-09 13:47:00 --> Utf8 Class Initialized
INFO - 2022-12-09 13:47:00 --> URI Class Initialized
INFO - 2022-12-09 13:47:00 --> Router Class Initialized
INFO - 2022-12-09 13:47:00 --> Output Class Initialized
INFO - 2022-12-09 13:47:00 --> Security Class Initialized
DEBUG - 2022-12-09 13:47:00 --> Global POST, GET and COOKIE data sanitized
INFO - 2022-12-09 13:47:00 --> Input Class Initialized
INFO - 2022-12-09 13:47:00 --> Language Class Initialized
INFO - 2022-12-09 13:47:00 --> Loader Class Initialized
INFO - 2022-12-09 13:47:00 --> Helper loaded: url_helper
INFO - 2022-12-09 13:47:00 --> Helper loaded: form_helper
INFO - 2022-12-09 13:47:00 --> Helper loaded: cookie_helper
INFO - 2022-12-09 13:47:00 --> Helper loaded: file_helper
INFO - 2022-12-09 13:47:00 --> Helper loaded: html_helper
INFO - 2022-12-09 13:47:00 --> Helper loaded: date_helper
INFO - 2022-12-09 13:47:00 --> Database Driver Class Initialized
ERROR - 2022-12-09 13:47:00 --> Severity: Warning --> mysqli::real_connect(): (HY000/2002): Network is unreachable /home/mrmaxpomme/Domo/equipe1-1/Casporama/system/database/drivers/mysqli/mysqli_driver.php 211
ERROR - 2022-12-09 13:47:00 --> Unable to connect to the database
INFO - 2022-12-09 13:47:00 --> Language file loaded: language/english/db_lang.php
INFO - 2022-12-09 13:47:07 --> Config Class Initialized
INFO - 2022-12-09 13:47:07 --> Hooks Class Initialized
DEBUG - 2022-12-09 13:47:07 --> UTF-8 Support Enabled
INFO - 2022-12-09 13:47:07 --> Utf8 Class Initialized
INFO - 2022-12-09 13:47:07 --> URI Class Initialized
INFO - 2022-12-09 13:47:07 --> Router Class Initialized
INFO - 2022-12-09 13:47:07 --> Output Class Initialized
INFO - 2022-12-09 13:47:07 --> Security Class Initialized
DEBUG - 2022-12-09 13:47:07 --> Global POST, GET and COOKIE data sanitized
INFO - 2022-12-09 13:47:07 --> Input Class Initialized
INFO - 2022-12-09 13:47:07 --> Language Class Initialized
INFO - 2022-12-09 13:47:07 --> Loader Class Initialized
INFO - 2022-12-09 13:47:07 --> Helper loaded: url_helper
INFO - 2022-12-09 13:47:07 --> Helper loaded: form_helper
INFO - 2022-12-09 13:47:07 --> Helper loaded: cookie_helper
INFO - 2022-12-09 13:47:07 --> Helper loaded: file_helper
INFO - 2022-12-09 13:47:07 --> Helper loaded: html_helper
INFO - 2022-12-09 13:47:07 --> Helper loaded: date_helper
INFO - 2022-12-09 13:47:07 --> Database Driver Class Initialized
ERROR - 2022-12-09 13:47:07 --> Severity: Warning --> mysqli::real_connect(): (HY000/2002): Network is unreachable /home/mrmaxpomme/Domo/equipe1-1/Casporama/system/database/drivers/mysqli/mysqli_driver.php 211
ERROR - 2022-12-09 13:47:07 --> Unable to connect to the database
INFO - 2022-12-09 13:47:07 --> Language file loaded: language/english/db_lang.php
INFO - 2022-12-09 13:47:23 --> Config Class Initialized
INFO - 2022-12-09 13:47:23 --> Hooks Class Initialized
DEBUG - 2022-12-09 13:47:23 --> UTF-8 Support Enabled
INFO - 2022-12-09 13:47:23 --> Utf8 Class Initialized
INFO - 2022-12-09 13:47:23 --> URI Class Initialized
INFO - 2022-12-09 13:47:23 --> Router Class Initialized
INFO - 2022-12-09 13:47:23 --> Output Class Initialized
INFO - 2022-12-09 13:47:23 --> Security Class Initialized
DEBUG - 2022-12-09 13:47:23 --> Global POST, GET and COOKIE data sanitized
INFO - 2022-12-09 13:47:23 --> Input Class Initialized
INFO - 2022-12-09 13:47:23 --> Language Class Initialized
INFO - 2022-12-09 13:47:23 --> Loader Class Initialized
INFO - 2022-12-09 13:47:23 --> Helper loaded: url_helper
INFO - 2022-12-09 13:47:23 --> Helper loaded: form_helper
INFO - 2022-12-09 13:47:23 --> Helper loaded: cookie_helper
INFO - 2022-12-09 13:47:23 --> Helper loaded: file_helper
INFO - 2022-12-09 13:47:23 --> Helper loaded: html_helper
INFO - 2022-12-09 13:47:23 --> Helper loaded: date_helper
INFO - 2022-12-09 13:47:23 --> Database Driver Class Initialized
INFO - 2022-12-09 13:47:23 --> Session: Class initialized using 'files' driver.
INFO - 2022-12-09 13:47:23 --> Form Validation Class Initialized
DEBUG - 2022-12-09 13:47:23 --> Encryption: Auto-configured driver 'openssl'.
INFO - 2022-12-09 13:47:23 --> Encryption: OpenSSL initialized with method AES-128-CBC.
INFO - 2022-12-09 13:47:23 --> Encryption Class Initialized
INFO - 2022-12-09 13:47:23 --> Upload Class Initialized
INFO - 2022-12-09 13:47:23 --> Model "UserModel" initialized
INFO - 2022-12-09 13:47:23 --> Model "UtilView" initialized
INFO - 2022-12-09 13:47:23 --> Model "LoaderView" initialized
INFO - 2022-12-09 13:47:23 --> Controller Class Initialized
INFO - 2022-12-09 13:47:23 --> Model "Dao_csv" initialized
INFO - 2022-12-09 13:47:23 --> Model "Dao_json" initialized
INFO - 2022-12-09 13:47:23 --> Model "Dao_xml" initialized
INFO - 2022-12-09 13:47:23 --> Model "Dao_yaml" initialized
INFO - 2022-12-09 13:47:23 --> File loaded: /home/mrmaxpomme/Domo/equipe1-1/Casporama/application/views/test/testDAO.php
INFO - 2022-12-09 13:47:23 --> Final output sent to browser
DEBUG - 2022-12-09 13:47:23 --> Total execution time: 0.4537
