INFO - 2022-12-24 13:55:07 --> Config Class Initialized
INFO - 2022-12-24 13:55:07 --> Hooks Class Initialized
DEBUG - 2022-12-24 13:55:07 --> UTF-8 Support Enabled
INFO - 2022-12-24 13:55:07 --> Utf8 Class Initialized
INFO - 2022-12-24 13:55:07 --> URI Class Initialized
INFO - 2022-12-24 13:55:07 --> Router Class Initialized
INFO - 2022-12-24 13:55:07 --> Output Class Initialized
INFO - 2022-12-24 13:55:07 --> Security Class Initialized
DEBUG - 2022-12-24 13:55:07 --> Global POST, GET and COOKIE data sanitized
INFO - 2022-12-24 13:55:07 --> Input Class Initialized
INFO - 2022-12-24 13:55:07 --> Language Class Initialized
INFO - 2022-12-24 13:55:07 --> Loader Class Initialized
INFO - 2022-12-24 13:55:07 --> Helper loaded: url_helper
INFO - 2022-12-24 13:55:07 --> Helper loaded: form_helper
INFO - 2022-12-24 13:55:07 --> Helper loaded: cookie_helper
INFO - 2022-12-24 13:55:07 --> Helper loaded: file_helper
INFO - 2022-12-24 13:55:07 --> Helper loaded: html_helper
INFO - 2022-12-24 13:55:07 --> Helper loaded: date_helper
INFO - 2022-12-24 13:55:07 --> Database Driver Class Initialized
INFO - 2022-12-24 13:55:08 --> Session: Class initialized using 'files' driver.
INFO - 2022-12-24 13:55:08 --> Form Validation Class Initialized
DEBUG - 2022-12-24 13:55:08 --> Encryption: Auto-configured driver 'openssl'.
INFO - 2022-12-24 13:55:08 --> Encryption: OpenSSL initialized with method AES-128-CBC.
INFO - 2022-12-24 13:55:08 --> Encryption Class Initialized
INFO - 2022-12-24 13:55:08 --> Upload Class Initialized
INFO - 2022-12-24 13:55:09 --> Model "UserModel" initialized
INFO - 2022-12-24 13:55:09 --> Model "UtilView" initialized
INFO - 2022-12-24 13:55:09 --> Model "LoaderView" initialized
INFO - 2022-12-24 13:55:09 --> Controller Class Initialized
INFO - 2022-12-24 13:55:09 --> File loaded: /home/mrmaxpomme/Domo/equipe1-1/Casporama/application/views/templates/head.php
INFO - 2022-12-24 13:55:09 --> File loaded: /home/mrmaxpomme/Domo/equipe1-1/Casporama/application/views/templates/header.php
INFO - 2022-12-24 13:55:09 --> File loaded: /home/mrmaxpomme/Domo/equipe1-1/Casporama/application/views/templates/content.php
INFO - 2022-12-24 13:55:09 --> File loaded: /home/mrmaxpomme/Domo/equipe1-1/Casporama/application/views/templates/footer.php
INFO - 2022-12-24 13:55:09 --> Model "ProductModel" initialized
INFO - 2022-12-24 13:55:09 --> File loaded: /home/mrmaxpomme/Domo/equipe1-1/Casporama/application/views/errors/html/error_404.php
INFO - 2022-12-24 13:55:09 --> Final output sent to browser
DEBUG - 2022-12-24 13:55:09 --> Total execution time: 1.5154
INFO - 2022-12-24 13:55:19 --> Config Class Initialized
INFO - 2022-12-24 13:55:19 --> Hooks Class Initialized
DEBUG - 2022-12-24 13:55:19 --> UTF-8 Support Enabled
INFO - 2022-12-24 13:55:19 --> Utf8 Class Initialized
INFO - 2022-12-24 13:55:19 --> URI Class Initialized
DEBUG - 2022-12-24 13:55:19 --> No URI present. Default controller set.
INFO - 2022-12-24 13:55:19 --> Router Class Initialized
INFO - 2022-12-24 13:55:19 --> Output Class Initialized
INFO - 2022-12-24 13:55:19 --> Security Class Initialized
DEBUG - 2022-12-24 13:55:19 --> Global POST, GET and COOKIE data sanitized
INFO - 2022-12-24 13:55:19 --> Input Class Initialized
INFO - 2022-12-24 13:55:19 --> Language Class Initialized
INFO - 2022-12-24 13:55:19 --> Loader Class Initialized
INFO - 2022-12-24 13:55:19 --> Helper loaded: url_helper
INFO - 2022-12-24 13:55:19 --> Helper loaded: form_helper
INFO - 2022-12-24 13:55:19 --> Helper loaded: cookie_helper
INFO - 2022-12-24 13:55:19 --> Helper loaded: file_helper
INFO - 2022-12-24 13:55:19 --> Helper loaded: html_helper
INFO - 2022-12-24 13:55:19 --> Helper loaded: date_helper
INFO - 2022-12-24 13:55:19 --> Database Driver Class Initialized
INFO - 2022-12-24 13:55:20 --> Session: Class initialized using 'files' driver.
INFO - 2022-12-24 13:55:20 --> Form Validation Class Initialized
DEBUG - 2022-12-24 13:55:20 --> Encryption: Auto-configured driver 'openssl'.
INFO - 2022-12-24 13:55:20 --> Encryption: OpenSSL initialized with method AES-128-CBC.
INFO - 2022-12-24 13:55:20 --> Encryption Class Initialized
INFO - 2022-12-24 13:55:20 --> Upload Class Initialized
INFO - 2022-12-24 13:55:20 --> Model "UserModel" initialized
INFO - 2022-12-24 13:55:20 --> Model "UtilView" initialized
INFO - 2022-12-24 13:55:20 --> Model "LoaderView" initialized
INFO - 2022-12-24 13:55:20 --> Controller Class Initialized
INFO - 2022-12-24 13:55:20 --> File loaded: /home/mrmaxpomme/Domo/equipe1-1/Casporama/application/views/home/head.php
INFO - 2022-12-24 13:55:20 --> File loaded: /home/mrmaxpomme/Domo/equipe1-1/Casporama/application/views/templates/blank.php
INFO - 2022-12-24 13:55:20 --> File loaded: /home/mrmaxpomme/Domo/equipe1-1/Casporama/application/views/home/home.php
INFO - 2022-12-24 13:55:20 --> File loaded: /home/mrmaxpomme/Domo/equipe1-1/Casporama/application/views/templates/blank.php
INFO - 2022-12-24 13:55:20 --> File loaded: /home/mrmaxpomme/Domo/equipe1-1/Casporama/application/views/templates/base.php
INFO - 2022-12-24 13:55:20 --> Final output sent to browser
DEBUG - 2022-12-24 13:55:20 --> Total execution time: 0.8059
