INFO - 2022-12-02 08:03:23 --> Config Class Initialized
INFO - 2022-12-02 08:03:23 --> Hooks Class Initialized
DEBUG - 2022-12-02 08:03:23 --> UTF-8 Support Enabled
INFO - 2022-12-02 08:03:23 --> Utf8 Class Initialized
INFO - 2022-12-02 08:03:23 --> URI Class Initialized
INFO - 2022-12-02 08:03:23 --> Router Class Initialized
INFO - 2022-12-02 08:03:23 --> Output Class Initialized
INFO - 2022-12-02 08:03:23 --> Security Class Initialized
DEBUG - 2022-12-02 08:03:23 --> Global POST, GET and COOKIE data sanitized
INFO - 2022-12-02 08:03:23 --> Input Class Initialized
INFO - 2022-12-02 08:03:23 --> Language Class Initialized
INFO - 2022-12-02 08:03:23 --> Loader Class Initialized
INFO - 2022-12-02 08:03:23 --> Helper loaded: url_helper
INFO - 2022-12-02 08:03:23 --> Helper loaded: form_helper
INFO - 2022-12-02 08:03:23 --> Helper loaded: cookie_helper
INFO - 2022-12-02 08:03:23 --> Helper loaded: file_helper
INFO - 2022-12-02 08:03:23 --> Helper loaded: html_helper
INFO - 2022-12-02 08:03:23 --> Database Driver Class Initialized
INFO - 2022-12-02 08:03:23 --> Session: Class initialized using 'files' driver.
INFO - 2022-12-02 08:03:23 --> Form Validation Class Initialized
DEBUG - 2022-12-02 08:03:23 --> Encryption: Auto-configured driver 'openssl'.
INFO - 2022-12-02 08:03:23 --> Encryption: OpenSSL initialized with method AES-128-CBC.
INFO - 2022-12-02 08:03:23 --> Encryption Class Initialized
INFO - 2022-12-02 08:03:23 --> Email Class Initialized
INFO - 2022-12-02 08:03:23 --> Upload Class Initialized
INFO - 2022-12-02 08:03:23 --> Model "UserModel" initialized
INFO - 2022-12-02 08:03:23 --> Model "UtilView" initialized
INFO - 2022-12-02 08:03:23 --> Model "LoaderView" initialized
INFO - 2022-12-02 08:03:23 --> Controller Class Initialized
INFO - 2022-12-02 08:03:23 --> File loaded: /home/mrmaxpomme/Domo/equipe1-1/Casporama/application/views/templates/head.php
INFO - 2022-12-02 08:03:23 --> File loaded: /home/mrmaxpomme/Domo/equipe1-1/Casporama/application/views/templates/header.php
INFO - 2022-12-02 08:03:23 --> File loaded: /home/mrmaxpomme/Domo/equipe1-1/Casporama/application/views/templates/content.php
INFO - 2022-12-02 08:03:23 --> File loaded: /home/mrmaxpomme/Domo/equipe1-1/Casporama/application/views/templates/footer.php
INFO - 2022-12-02 08:03:23 --> Model "ProductModel" initialized
INFO - 2022-12-02 08:03:23 --> File loaded: /home/mrmaxpomme/Domo/equipe1-1/Casporama/application/views/shop/product/head.php
INFO - 2022-12-02 08:03:23 --> File loaded: /home/mrmaxpomme/Domo/equipe1-1/Casporama/application/views/shop/global/header.php
INFO - 2022-12-02 08:03:23 --> File loaded: /home/mrmaxpomme/Domo/equipe1-1/Casporama/application/views/shop/product/productContent.php
INFO - 2022-12-02 08:03:23 --> File loaded: /home/mrmaxpomme/Domo/equipe1-1/Casporama/application/views/templates/blank.php
INFO - 2022-12-02 08:03:23 --> File loaded: /home/mrmaxpomme/Domo/equipe1-1/Casporama/application/views/templates/base.php
INFO - 2022-12-02 08:03:23 --> Final output sent to browser
DEBUG - 2022-12-02 08:03:23 --> Total execution time: 0.7119
INFO - 2022-12-02 09:46:33 --> Config Class Initialized
INFO - 2022-12-02 09:46:33 --> Hooks Class Initialized
DEBUG - 2022-12-02 09:46:33 --> UTF-8 Support Enabled
INFO - 2022-12-02 09:46:33 --> Utf8 Class Initialized
INFO - 2022-12-02 09:46:33 --> URI Class Initialized
INFO - 2022-12-02 09:46:33 --> Router Class Initialized
INFO - 2022-12-02 09:46:33 --> Output Class Initialized
INFO - 2022-12-02 09:46:33 --> Security Class Initialized
DEBUG - 2022-12-02 09:46:33 --> Global POST, GET and COOKIE data sanitized
INFO - 2022-12-02 09:46:33 --> Input Class Initialized
INFO - 2022-12-02 09:46:33 --> Language Class Initialized
INFO - 2022-12-02 09:46:33 --> Loader Class Initialized
INFO - 2022-12-02 09:46:33 --> Helper loaded: url_helper
INFO - 2022-12-02 09:46:33 --> Helper loaded: form_helper
INFO - 2022-12-02 09:46:33 --> Helper loaded: cookie_helper
INFO - 2022-12-02 09:46:33 --> Helper loaded: file_helper
INFO - 2022-12-02 09:46:33 --> Helper loaded: html_helper
INFO - 2022-12-02 09:46:33 --> Database Driver Class Initialized
INFO - 2022-12-02 09:46:33 --> Session: Class initialized using 'files' driver.
INFO - 2022-12-02 09:46:33 --> Form Validation Class Initialized
DEBUG - 2022-12-02 09:46:33 --> Encryption: Auto-configured driver 'openssl'.
INFO - 2022-12-02 09:46:33 --> Encryption: OpenSSL initialized with method AES-128-CBC.
INFO - 2022-12-02 09:46:33 --> Encryption Class Initialized
INFO - 2022-12-02 09:46:33 --> Email Class Initialized
INFO - 2022-12-02 09:46:33 --> Upload Class Initialized
INFO - 2022-12-02 09:46:33 --> Model "UserModel" initialized
INFO - 2022-12-02 09:46:33 --> Model "UtilView" initialized
INFO - 2022-12-02 09:46:33 --> Model "LoaderView" initialized
INFO - 2022-12-02 09:46:33 --> Controller Class Initialized
INFO - 2022-12-02 09:46:33 --> File loaded: /home/mrmaxpomme/Domo/equipe1-1/Casporama/application/views/templates/head.php
INFO - 2022-12-02 09:46:33 --> File loaded: /home/mrmaxpomme/Domo/equipe1-1/Casporama/application/views/templates/header.php
INFO - 2022-12-02 09:46:33 --> File loaded: /home/mrmaxpomme/Domo/equipe1-1/Casporama/application/views/templates/content.php
INFO - 2022-12-02 09:46:33 --> File loaded: /home/mrmaxpomme/Domo/equipe1-1/Casporama/application/views/templates/footer.php
INFO - 2022-12-02 09:46:33 --> Model "ProductModel" initialized
INFO - 2022-12-02 09:46:33 --> File loaded: /home/mrmaxpomme/Domo/equipe1-1/Casporama/application/views/shop/product/head.php
INFO - 2022-12-02 09:46:33 --> File loaded: /home/mrmaxpomme/Domo/equipe1-1/Casporama/application/views/shop/global/header.php
INFO - 2022-12-02 09:46:33 --> File loaded: /home/mrmaxpomme/Domo/equipe1-1/Casporama/application/views/shop/product/productContent.php
INFO - 2022-12-02 09:46:33 --> File loaded: /home/mrmaxpomme/Domo/equipe1-1/Casporama/application/views/templates/blank.php
INFO - 2022-12-02 09:46:33 --> File loaded: /home/mrmaxpomme/Domo/equipe1-1/Casporama/application/views/templates/base.php
INFO - 2022-12-02 09:46:33 --> Final output sent to browser
DEBUG - 2022-12-02 09:46:33 --> Total execution time: 0.5914
INFO - 2022-12-02 10:17:27 --> Config Class Initialized
INFO - 2022-12-02 10:17:27 --> Hooks Class Initialized
DEBUG - 2022-12-02 10:17:27 --> UTF-8 Support Enabled
INFO - 2022-12-02 10:17:27 --> Utf8 Class Initialized
INFO - 2022-12-02 10:17:27 --> URI Class Initialized
DEBUG - 2022-12-02 10:17:27 --> No URI present. Default controller set.
INFO - 2022-12-02 10:17:27 --> Router Class Initialized
INFO - 2022-12-02 10:17:27 --> Output Class Initialized
INFO - 2022-12-02 10:17:27 --> Security Class Initialized
DEBUG - 2022-12-02 10:17:27 --> Global POST, GET and COOKIE data sanitized
INFO - 2022-12-02 10:17:27 --> Input Class Initialized
INFO - 2022-12-02 10:17:27 --> Language Class Initialized
INFO - 2022-12-02 10:17:27 --> Loader Class Initialized
INFO - 2022-12-02 10:17:27 --> Helper loaded: url_helper
INFO - 2022-12-02 10:17:27 --> Helper loaded: form_helper
INFO - 2022-12-02 10:17:27 --> Helper loaded: cookie_helper
INFO - 2022-12-02 10:17:27 --> Helper loaded: file_helper
INFO - 2022-12-02 10:17:27 --> Helper loaded: html_helper
INFO - 2022-12-02 10:17:27 --> Database Driver Class Initialized
INFO - 2022-12-02 10:17:28 --> Session: Class initialized using 'files' driver.
INFO - 2022-12-02 10:17:28 --> Form Validation Class Initialized
DEBUG - 2022-12-02 10:17:28 --> Encryption: Auto-configured driver 'openssl'.
INFO - 2022-12-02 10:17:28 --> Encryption: OpenSSL initialized with method AES-128-CBC.
INFO - 2022-12-02 10:17:28 --> Encryption Class Initialized
INFO - 2022-12-02 10:17:28 --> Email Class Initialized
INFO - 2022-12-02 10:17:28 --> Upload Class Initialized
INFO - 2022-12-02 10:17:28 --> Model "UserModel" initialized
INFO - 2022-12-02 10:17:28 --> Model "UtilView" initialized
INFO - 2022-12-02 10:17:28 --> Model "LoaderView" initialized
INFO - 2022-12-02 10:17:28 --> Controller Class Initialized
INFO - 2022-12-02 10:17:28 --> File loaded: /home/mrmaxpomme/Domo/equipe1-1/Casporama/application/views/home/head.php
INFO - 2022-12-02 10:17:28 --> File loaded: /home/mrmaxpomme/Domo/equipe1-1/Casporama/application/views/templates/blank.php
INFO - 2022-12-02 10:17:28 --> File loaded: /home/mrmaxpomme/Domo/equipe1-1/Casporama/application/views/home/home.php
INFO - 2022-12-02 10:17:28 --> File loaded: /home/mrmaxpomme/Domo/equipe1-1/Casporama/application/views/templates/blank.php
INFO - 2022-12-02 10:17:28 --> File loaded: /home/mrmaxpomme/Domo/equipe1-1/Casporama/application/views/templates/base.php
INFO - 2022-12-02 10:17:28 --> Final output sent to browser
DEBUG - 2022-12-02 10:17:28 --> Total execution time: 0.4607
INFO - 2022-12-02 10:17:29 --> Config Class Initialized
INFO - 2022-12-02 10:17:29 --> Hooks Class Initialized
DEBUG - 2022-12-02 10:17:29 --> UTF-8 Support Enabled
INFO - 2022-12-02 10:17:29 --> Utf8 Class Initialized
INFO - 2022-12-02 10:17:29 --> URI Class Initialized
INFO - 2022-12-02 10:17:29 --> Router Class Initialized
INFO - 2022-12-02 10:17:29 --> Output Class Initialized
INFO - 2022-12-02 10:17:29 --> Security Class Initialized
DEBUG - 2022-12-02 10:17:29 --> Global POST, GET and COOKIE data sanitized
INFO - 2022-12-02 10:17:29 --> Input Class Initialized
INFO - 2022-12-02 10:17:29 --> Language Class Initialized
INFO - 2022-12-02 10:17:29 --> Loader Class Initialized
INFO - 2022-12-02 10:17:29 --> Helper loaded: url_helper
INFO - 2022-12-02 10:17:29 --> Helper loaded: form_helper
INFO - 2022-12-02 10:17:29 --> Helper loaded: cookie_helper
INFO - 2022-12-02 10:17:29 --> Helper loaded: file_helper
INFO - 2022-12-02 10:17:29 --> Helper loaded: html_helper
INFO - 2022-12-02 10:17:29 --> Database Driver Class Initialized
INFO - 2022-12-02 10:17:29 --> Session: Class initialized using 'files' driver.
INFO - 2022-12-02 10:17:29 --> Form Validation Class Initialized
DEBUG - 2022-12-02 10:17:29 --> Encryption: Auto-configured driver 'openssl'.
INFO - 2022-12-02 10:17:29 --> Encryption: OpenSSL initialized with method AES-128-CBC.
INFO - 2022-12-02 10:17:29 --> Encryption Class Initialized
INFO - 2022-12-02 10:17:29 --> Email Class Initialized
INFO - 2022-12-02 10:17:29 --> Upload Class Initialized
INFO - 2022-12-02 10:17:29 --> Model "UserModel" initialized
INFO - 2022-12-02 10:17:29 --> Model "UtilView" initialized
INFO - 2022-12-02 10:17:29 --> Model "LoaderView" initialized
INFO - 2022-12-02 10:17:29 --> Controller Class Initialized
INFO - 2022-12-02 10:17:29 --> File loaded: /home/mrmaxpomme/Domo/equipe1-1/Casporama/application/views/templates/head.php
INFO - 2022-12-02 10:17:29 --> File loaded: /home/mrmaxpomme/Domo/equipe1-1/Casporama/application/views/templates/header.php
INFO - 2022-12-02 10:17:29 --> File loaded: /home/mrmaxpomme/Domo/equipe1-1/Casporama/application/views/templates/content.php
INFO - 2022-12-02 10:17:29 --> File loaded: /home/mrmaxpomme/Domo/equipe1-1/Casporama/application/views/templates/footer.php
INFO - 2022-12-02 10:17:29 --> Model "ProductModel" initialized
INFO - 2022-12-02 10:17:29 --> File loaded: /home/mrmaxpomme/Domo/equipe1-1/Casporama/application/views/shop/home/head.php
INFO - 2022-12-02 10:17:29 --> File loaded: /home/mrmaxpomme/Domo/equipe1-1/Casporama/application/views/shop/Football/homeHead.php
INFO - 2022-12-02 10:17:29 --> File loaded: /home/mrmaxpomme/Domo/equipe1-1/Casporama/application/views/shop/global/header.php
INFO - 2022-12-02 10:17:29 --> File loaded: /home/mrmaxpomme/Domo/equipe1-1/Casporama/application/views/shop/Football/homeContent.php
INFO - 2022-12-02 10:17:29 --> File loaded: /home/mrmaxpomme/Domo/equipe1-1/Casporama/application/views/templates/blank.php
INFO - 2022-12-02 10:17:29 --> File loaded: /home/mrmaxpomme/Domo/equipe1-1/Casporama/application/views/shop/global/homeTemplate.php
INFO - 2022-12-02 10:17:29 --> Final output sent to browser
DEBUG - 2022-12-02 10:17:29 --> Total execution time: 0.3701
INFO - 2022-12-02 10:17:29 --> Config Class Initialized
INFO - 2022-12-02 10:17:29 --> Hooks Class Initialized
DEBUG - 2022-12-02 10:17:29 --> UTF-8 Support Enabled
INFO - 2022-12-02 10:17:29 --> Utf8 Class Initialized
INFO - 2022-12-02 10:17:29 --> URI Class Initialized
INFO - 2022-12-02 10:17:29 --> Router Class Initialized
INFO - 2022-12-02 10:17:29 --> Output Class Initialized
INFO - 2022-12-02 10:17:29 --> Security Class Initialized
DEBUG - 2022-12-02 10:17:29 --> Global POST, GET and COOKIE data sanitized
INFO - 2022-12-02 10:17:29 --> Input Class Initialized
INFO - 2022-12-02 10:17:29 --> Language Class Initialized
ERROR - 2022-12-02 10:17:29 --> 404 Page Not Found: Static/css
INFO - 2022-12-02 10:17:29 --> Config Class Initialized
INFO - 2022-12-02 10:17:29 --> Hooks Class Initialized
DEBUG - 2022-12-02 10:17:29 --> UTF-8 Support Enabled
INFO - 2022-12-02 10:17:29 --> Utf8 Class Initialized
INFO - 2022-12-02 10:17:29 --> URI Class Initialized
INFO - 2022-12-02 10:17:29 --> Config Class Initialized
INFO - 2022-12-02 10:17:29 --> Router Class Initialized
INFO - 2022-12-02 10:17:29 --> Hooks Class Initialized
INFO - 2022-12-02 10:17:29 --> Output Class Initialized
DEBUG - 2022-12-02 10:17:29 --> UTF-8 Support Enabled
INFO - 2022-12-02 10:17:29 --> Utf8 Class Initialized
INFO - 2022-12-02 10:17:29 --> Security Class Initialized
DEBUG - 2022-12-02 10:17:29 --> Global POST, GET and COOKIE data sanitized
INFO - 2022-12-02 10:17:29 --> URI Class Initialized
INFO - 2022-12-02 10:17:29 --> Input Class Initialized
INFO - 2022-12-02 10:17:29 --> Language Class Initialized
INFO - 2022-12-02 10:17:29 --> Router Class Initialized
ERROR - 2022-12-02 10:17:29 --> 404 Page Not Found: Static/fonts
INFO - 2022-12-02 10:17:29 --> Output Class Initialized
INFO - 2022-12-02 10:17:29 --> Security Class Initialized
DEBUG - 2022-12-02 10:17:29 --> Global POST, GET and COOKIE data sanitized
INFO - 2022-12-02 10:17:29 --> Input Class Initialized
INFO - 2022-12-02 10:17:29 --> Language Class Initialized
ERROR - 2022-12-02 10:17:29 --> 404 Page Not Found: Static/fonts
INFO - 2022-12-02 10:17:30 --> Config Class Initialized
INFO - 2022-12-02 10:17:30 --> Hooks Class Initialized
DEBUG - 2022-12-02 10:17:30 --> UTF-8 Support Enabled
INFO - 2022-12-02 10:17:30 --> Utf8 Class Initialized
INFO - 2022-12-02 10:17:30 --> URI Class Initialized
INFO - 2022-12-02 10:17:30 --> Router Class Initialized
INFO - 2022-12-02 10:17:30 --> Output Class Initialized
INFO - 2022-12-02 10:17:30 --> Security Class Initialized
DEBUG - 2022-12-02 10:17:30 --> Global POST, GET and COOKIE data sanitized
INFO - 2022-12-02 10:17:30 --> Input Class Initialized
INFO - 2022-12-02 10:17:30 --> Language Class Initialized
INFO - 2022-12-02 10:17:30 --> Loader Class Initialized
INFO - 2022-12-02 10:17:30 --> Helper loaded: url_helper
INFO - 2022-12-02 10:17:30 --> Helper loaded: form_helper
INFO - 2022-12-02 10:17:30 --> Helper loaded: cookie_helper
INFO - 2022-12-02 10:17:30 --> Helper loaded: file_helper
INFO - 2022-12-02 10:17:30 --> Helper loaded: html_helper
INFO - 2022-12-02 10:17:30 --> Database Driver Class Initialized
INFO - 2022-12-02 10:17:31 --> Session: Class initialized using 'files' driver.
INFO - 2022-12-02 10:17:31 --> Form Validation Class Initialized
DEBUG - 2022-12-02 10:17:31 --> Encryption: Auto-configured driver 'openssl'.
INFO - 2022-12-02 10:17:31 --> Encryption: OpenSSL initialized with method AES-128-CBC.
INFO - 2022-12-02 10:17:31 --> Encryption Class Initialized
INFO - 2022-12-02 10:17:31 --> Email Class Initialized
INFO - 2022-12-02 10:17:31 --> Upload Class Initialized
INFO - 2022-12-02 10:17:31 --> Model "UserModel" initialized
INFO - 2022-12-02 10:17:31 --> Model "UtilView" initialized
INFO - 2022-12-02 10:17:31 --> Model "LoaderView" initialized
INFO - 2022-12-02 10:17:31 --> Controller Class Initialized
INFO - 2022-12-02 10:17:31 --> File loaded: /home/mrmaxpomme/Domo/equipe1-1/Casporama/application/views/templates/head.php
INFO - 2022-12-02 10:17:31 --> File loaded: /home/mrmaxpomme/Domo/equipe1-1/Casporama/application/views/templates/header.php
INFO - 2022-12-02 10:17:31 --> File loaded: /home/mrmaxpomme/Domo/equipe1-1/Casporama/application/views/templates/content.php
INFO - 2022-12-02 10:17:31 --> File loaded: /home/mrmaxpomme/Domo/equipe1-1/Casporama/application/views/templates/footer.php
INFO - 2022-12-02 10:17:31 --> Model "ProductModel" initialized
INFO - 2022-12-02 10:17:31 --> File loaded: /home/mrmaxpomme/Domo/equipe1-1/Casporama/application/views/shop/view/head.php
INFO - 2022-12-02 10:17:31 --> File loaded: /home/mrmaxpomme/Domo/equipe1-1/Casporama/application/views/shop/global/header.php
INFO - 2022-12-02 10:17:31 --> File loaded: /home/mrmaxpomme/Domo/equipe1-1/Casporama/application/views/shop/global/viewContent.php
INFO - 2022-12-02 10:17:31 --> File loaded: /home/mrmaxpomme/Domo/equipe1-1/Casporama/application/views/templates/blank.php
INFO - 2022-12-02 10:17:31 --> File loaded: /home/mrmaxpomme/Domo/equipe1-1/Casporama/application/views/templates/base.php
INFO - 2022-12-02 10:17:31 --> Final output sent to browser
DEBUG - 2022-12-02 10:17:31 --> Total execution time: 0.6588
INFO - 2022-12-02 10:17:32 --> Config Class Initialized
INFO - 2022-12-02 10:17:32 --> Hooks Class Initialized
DEBUG - 2022-12-02 10:17:32 --> UTF-8 Support Enabled
INFO - 2022-12-02 10:17:32 --> Utf8 Class Initialized
INFO - 2022-12-02 10:17:32 --> URI Class Initialized
INFO - 2022-12-02 10:17:32 --> Router Class Initialized
INFO - 2022-12-02 10:17:32 --> Output Class Initialized
INFO - 2022-12-02 10:17:32 --> Security Class Initialized
DEBUG - 2022-12-02 10:17:32 --> Global POST, GET and COOKIE data sanitized
INFO - 2022-12-02 10:17:32 --> Input Class Initialized
INFO - 2022-12-02 10:17:32 --> Language Class Initialized
INFO - 2022-12-02 10:17:32 --> Loader Class Initialized
INFO - 2022-12-02 10:17:32 --> Helper loaded: url_helper
INFO - 2022-12-02 10:17:32 --> Helper loaded: form_helper
INFO - 2022-12-02 10:17:32 --> Helper loaded: cookie_helper
INFO - 2022-12-02 10:17:32 --> Helper loaded: file_helper
INFO - 2022-12-02 10:17:32 --> Helper loaded: html_helper
INFO - 2022-12-02 10:17:32 --> Database Driver Class Initialized
INFO - 2022-12-02 10:17:32 --> Session: Class initialized using 'files' driver.
INFO - 2022-12-02 10:17:32 --> Form Validation Class Initialized
DEBUG - 2022-12-02 10:17:32 --> Encryption: Auto-configured driver 'openssl'.
INFO - 2022-12-02 10:17:32 --> Encryption: OpenSSL initialized with method AES-128-CBC.
INFO - 2022-12-02 10:17:32 --> Encryption Class Initialized
INFO - 2022-12-02 10:17:32 --> Email Class Initialized
INFO - 2022-12-02 10:17:32 --> Upload Class Initialized
INFO - 2022-12-02 10:17:32 --> Model "UserModel" initialized
INFO - 2022-12-02 10:17:32 --> Model "UtilView" initialized
INFO - 2022-12-02 10:17:32 --> Model "LoaderView" initialized
INFO - 2022-12-02 10:17:32 --> Controller Class Initialized
INFO - 2022-12-02 10:17:32 --> File loaded: /home/mrmaxpomme/Domo/equipe1-1/Casporama/application/views/templates/head.php
INFO - 2022-12-02 10:17:32 --> File loaded: /home/mrmaxpomme/Domo/equipe1-1/Casporama/application/views/templates/header.php
INFO - 2022-12-02 10:17:32 --> File loaded: /home/mrmaxpomme/Domo/equipe1-1/Casporama/application/views/templates/content.php
INFO - 2022-12-02 10:17:32 --> File loaded: /home/mrmaxpomme/Domo/equipe1-1/Casporama/application/views/templates/footer.php
INFO - 2022-12-02 10:17:32 --> Model "ProductModel" initialized
INFO - 2022-12-02 10:17:32 --> File loaded: /home/mrmaxpomme/Domo/equipe1-1/Casporama/application/views/shop/product/head.php
INFO - 2022-12-02 10:17:32 --> File loaded: /home/mrmaxpomme/Domo/equipe1-1/Casporama/application/views/shop/global/header.php
INFO - 2022-12-02 10:17:32 --> File loaded: /home/mrmaxpomme/Domo/equipe1-1/Casporama/application/views/shop/product/productContent.php
INFO - 2022-12-02 10:17:32 --> File loaded: /home/mrmaxpomme/Domo/equipe1-1/Casporama/application/views/templates/blank.php
INFO - 2022-12-02 10:17:32 --> File loaded: /home/mrmaxpomme/Domo/equipe1-1/Casporama/application/views/templates/base.php
INFO - 2022-12-02 10:17:32 --> Final output sent to browser
DEBUG - 2022-12-02 10:17:32 --> Total execution time: 0.6824
INFO - 2022-12-02 10:32:37 --> Config Class Initialized
INFO - 2022-12-02 10:32:37 --> Hooks Class Initialized
DEBUG - 2022-12-02 10:32:37 --> UTF-8 Support Enabled
INFO - 2022-12-02 10:32:37 --> Utf8 Class Initialized
INFO - 2022-12-02 10:32:37 --> URI Class Initialized
INFO - 2022-12-02 10:32:37 --> Router Class Initialized
INFO - 2022-12-02 10:32:37 --> Output Class Initialized
INFO - 2022-12-02 10:32:37 --> Security Class Initialized
DEBUG - 2022-12-02 10:32:37 --> Global POST, GET and COOKIE data sanitized
INFO - 2022-12-02 10:32:37 --> Input Class Initialized
INFO - 2022-12-02 10:32:37 --> Language Class Initialized
ERROR - 2022-12-02 10:32:37 --> 404 Page Not Found: User/panier
INFO - 2022-12-02 10:32:39 --> Config Class Initialized
INFO - 2022-12-02 10:32:39 --> Hooks Class Initialized
DEBUG - 2022-12-02 10:32:39 --> UTF-8 Support Enabled
INFO - 2022-12-02 10:32:39 --> Utf8 Class Initialized
INFO - 2022-12-02 10:32:39 --> URI Class Initialized
INFO - 2022-12-02 10:32:39 --> Router Class Initialized
INFO - 2022-12-02 10:32:39 --> Output Class Initialized
INFO - 2022-12-02 10:32:39 --> Security Class Initialized
DEBUG - 2022-12-02 10:32:39 --> Global POST, GET and COOKIE data sanitized
INFO - 2022-12-02 10:32:39 --> Input Class Initialized
INFO - 2022-12-02 10:32:39 --> Language Class Initialized
INFO - 2022-12-02 10:32:39 --> Loader Class Initialized
INFO - 2022-12-02 10:32:39 --> Helper loaded: url_helper
INFO - 2022-12-02 10:32:39 --> Helper loaded: form_helper
INFO - 2022-12-02 10:32:39 --> Helper loaded: cookie_helper
INFO - 2022-12-02 10:32:39 --> Helper loaded: file_helper
INFO - 2022-12-02 10:32:39 --> Helper loaded: html_helper
INFO - 2022-12-02 10:32:39 --> Database Driver Class Initialized
INFO - 2022-12-02 10:32:39 --> Session: Class initialized using 'files' driver.
INFO - 2022-12-02 10:32:39 --> Form Validation Class Initialized
DEBUG - 2022-12-02 10:32:39 --> Encryption: Auto-configured driver 'openssl'.
INFO - 2022-12-02 10:32:39 --> Encryption: OpenSSL initialized with method AES-128-CBC.
INFO - 2022-12-02 10:32:39 --> Encryption Class Initialized
INFO - 2022-12-02 10:32:39 --> Email Class Initialized
INFO - 2022-12-02 10:32:39 --> Upload Class Initialized
INFO - 2022-12-02 10:32:39 --> Model "UserModel" initialized
INFO - 2022-12-02 10:32:39 --> Model "UtilView" initialized
INFO - 2022-12-02 10:32:39 --> Model "LoaderView" initialized
INFO - 2022-12-02 10:32:39 --> Controller Class Initialized
INFO - 2022-12-02 10:32:39 --> File loaded: /home/mrmaxpomme/Domo/equipe1-1/Casporama/application/views/templates/head.php
INFO - 2022-12-02 10:32:39 --> File loaded: /home/mrmaxpomme/Domo/equipe1-1/Casporama/application/views/templates/header.php
INFO - 2022-12-02 10:32:39 --> File loaded: /home/mrmaxpomme/Domo/equipe1-1/Casporama/application/views/templates/content.php
INFO - 2022-12-02 10:32:39 --> File loaded: /home/mrmaxpomme/Domo/equipe1-1/Casporama/application/views/templates/footer.php
INFO - 2022-12-02 10:32:39 --> Model "ProductModel" initialized
INFO - 2022-12-02 10:32:39 --> File loaded: /home/mrmaxpomme/Domo/equipe1-1/Casporama/application/views/shop/product/head.php
INFO - 2022-12-02 10:32:39 --> File loaded: /home/mrmaxpomme/Domo/equipe1-1/Casporama/application/views/shop/global/header.php
INFO - 2022-12-02 10:32:39 --> File loaded: /home/mrmaxpomme/Domo/equipe1-1/Casporama/application/views/shop/product/productContent.php
INFO - 2022-12-02 10:32:39 --> File loaded: /home/mrmaxpomme/Domo/equipe1-1/Casporama/application/views/templates/blank.php
INFO - 2022-12-02 10:32:39 --> File loaded: /home/mrmaxpomme/Domo/equipe1-1/Casporama/application/views/templates/base.php
INFO - 2022-12-02 10:32:39 --> Final output sent to browser
DEBUG - 2022-12-02 10:32:39 --> Total execution time: 0.4851
INFO - 2022-12-02 14:07:08 --> Config Class Initialized
INFO - 2022-12-02 14:07:08 --> Hooks Class Initialized
DEBUG - 2022-12-02 14:07:08 --> UTF-8 Support Enabled
INFO - 2022-12-02 14:07:08 --> Utf8 Class Initialized
INFO - 2022-12-02 14:07:08 --> URI Class Initialized
INFO - 2022-12-02 14:07:08 --> Router Class Initialized
INFO - 2022-12-02 14:07:08 --> Output Class Initialized
INFO - 2022-12-02 14:07:08 --> Security Class Initialized
DEBUG - 2022-12-02 14:07:08 --> Global POST, GET and COOKIE data sanitized
INFO - 2022-12-02 14:07:08 --> Input Class Initialized
INFO - 2022-12-02 14:07:08 --> Language Class Initialized
INFO - 2022-12-02 14:07:08 --> Loader Class Initialized
INFO - 2022-12-02 14:07:08 --> Helper loaded: url_helper
INFO - 2022-12-02 14:07:08 --> Helper loaded: form_helper
INFO - 2022-12-02 14:07:08 --> Helper loaded: cookie_helper
INFO - 2022-12-02 14:07:08 --> Helper loaded: file_helper
INFO - 2022-12-02 14:07:08 --> Helper loaded: html_helper
INFO - 2022-12-02 14:07:08 --> Database Driver Class Initialized
INFO - 2022-12-02 14:07:09 --> Session: Class initialized using 'files' driver.
INFO - 2022-12-02 14:07:09 --> Form Validation Class Initialized
DEBUG - 2022-12-02 14:07:09 --> Encryption: Auto-configured driver 'openssl'.
INFO - 2022-12-02 14:07:09 --> Encryption: OpenSSL initialized with method AES-128-CBC.
INFO - 2022-12-02 14:07:09 --> Encryption Class Initialized
INFO - 2022-12-02 14:07:09 --> Email Class Initialized
INFO - 2022-12-02 14:07:09 --> Upload Class Initialized
INFO - 2022-12-02 14:07:09 --> Model "UserModel" initialized
INFO - 2022-12-02 14:07:09 --> Model "UtilView" initialized
INFO - 2022-12-02 14:07:09 --> Model "LoaderView" initialized
INFO - 2022-12-02 14:07:09 --> Controller Class Initialized
INFO - 2022-12-02 14:07:09 --> File loaded: /home/mrmaxpomme/Domo/equipe1-1/Casporama/application/views/templates/head.php
INFO - 2022-12-02 14:07:09 --> File loaded: /home/mrmaxpomme/Domo/equipe1-1/Casporama/application/views/templates/header.php
INFO - 2022-12-02 14:07:09 --> File loaded: /home/mrmaxpomme/Domo/equipe1-1/Casporama/application/views/templates/content.php
INFO - 2022-12-02 14:07:09 --> File loaded: /home/mrmaxpomme/Domo/equipe1-1/Casporama/application/views/templates/footer.php
INFO - 2022-12-02 14:07:09 --> Model "ProductModel" initialized
INFO - 2022-12-02 14:07:09 --> File loaded: /home/mrmaxpomme/Domo/equipe1-1/Casporama/application/views/shop/product/head.php
INFO - 2022-12-02 14:07:09 --> File loaded: /home/mrmaxpomme/Domo/equipe1-1/Casporama/application/views/shop/global/header.php
INFO - 2022-12-02 14:07:09 --> File loaded: /home/mrmaxpomme/Domo/equipe1-1/Casporama/application/views/shop/product/productContent.php
INFO - 2022-12-02 14:07:09 --> File loaded: /home/mrmaxpomme/Domo/equipe1-1/Casporama/application/views/templates/blank.php
INFO - 2022-12-02 14:07:09 --> File loaded: /home/mrmaxpomme/Domo/equipe1-1/Casporama/application/views/templates/base.php
INFO - 2022-12-02 14:07:09 --> Final output sent to browser
DEBUG - 2022-12-02 14:07:09 --> Total execution time: 0.6992
