INFO - 2022-12-15 16:08:18 --> Config Class Initialized
INFO - 2022-12-15 16:08:18 --> Hooks Class Initialized
DEBUG - 2022-12-15 16:08:18 --> UTF-8 Support Enabled
INFO - 2022-12-15 16:08:18 --> Utf8 Class Initialized
INFO - 2022-12-15 16:08:18 --> URI Class Initialized
INFO - 2022-12-15 16:08:18 --> Router Class Initialized
INFO - 2022-12-15 16:08:18 --> Output Class Initialized
INFO - 2022-12-15 16:08:18 --> Security Class Initialized
DEBUG - 2022-12-15 16:08:18 --> Global POST, GET and COOKIE data sanitized
INFO - 2022-12-15 16:08:18 --> Input Class Initialized
INFO - 2022-12-15 16:08:18 --> Language Class Initialized
INFO - 2022-12-15 16:08:18 --> Loader Class Initialized
INFO - 2022-12-15 16:08:18 --> Helper loaded: url_helper
INFO - 2022-12-15 16:08:18 --> Helper loaded: form_helper
INFO - 2022-12-15 16:08:18 --> Helper loaded: cookie_helper
INFO - 2022-12-15 16:08:18 --> Helper loaded: file_helper
INFO - 2022-12-15 16:08:18 --> Helper loaded: html_helper
INFO - 2022-12-15 16:08:18 --> Helper loaded: date_helper
INFO - 2022-12-15 16:08:18 --> Database Driver Class Initialized
INFO - 2022-12-15 16:08:18 --> Session: Class initialized using 'files' driver.
INFO - 2022-12-15 16:08:18 --> Form Validation Class Initialized
DEBUG - 2022-12-15 16:08:18 --> Encryption: Auto-configured driver 'openssl'.
INFO - 2022-12-15 16:08:18 --> Encryption: OpenSSL initialized with method AES-128-CBC.
INFO - 2022-12-15 16:08:18 --> Encryption Class Initialized
INFO - 2022-12-15 16:08:18 --> Upload Class Initialized
INFO - 2022-12-15 16:08:18 --> Model "UserModel" initialized
INFO - 2022-12-15 16:08:18 --> Model "UtilView" initialized
INFO - 2022-12-15 16:08:18 --> Model "LoaderView" initialized
INFO - 2022-12-15 16:08:18 --> Controller Class Initialized
INFO - 2022-12-15 16:08:18 --> Model "CaptchaModel" initialized
INFO - 2022-12-15 16:08:18 --> Helper loaded: captcha_helper
INFO - 2022-12-15 16:08:18 --> File loaded: /home/mrmaxpomme/Domo/equipe1-1/Casporama/application/views/user/login/error/head.php
INFO - 2022-12-15 16:08:18 --> File loaded: /home/mrmaxpomme/Domo/equipe1-1/Casporama/application/views/templates/blank.php
INFO - 2022-12-15 16:08:18 --> File loaded: /home/mrmaxpomme/Domo/equipe1-1/Casporama/application/views/user/login/loginContent.php
INFO - 2022-12-15 16:08:18 --> File loaded: /home/mrmaxpomme/Domo/equipe1-1/Casporama/application/views/templates/blank.php
INFO - 2022-12-15 16:08:18 --> File loaded: /home/mrmaxpomme/Domo/equipe1-1/Casporama/application/views/templates/base.php
INFO - 2022-12-15 16:08:18 --> Final output sent to browser
DEBUG - 2022-12-15 16:08:18 --> Total execution time: 0.2560
