INFO - 2022-11-24 10:53:30 --> Config Class Initialized
INFO - 2022-11-24 10:53:30 --> Hooks Class Initialized
DEBUG - 2022-11-24 10:53:30 --> UTF-8 Support Enabled
INFO - 2022-11-24 10:53:30 --> Utf8 Class Initialized
INFO - 2022-11-24 10:53:30 --> URI Class Initialized
DEBUG - 2022-11-24 10:53:30 --> No URI present. Default controller set.
INFO - 2022-11-24 10:53:30 --> Router Class Initialized
INFO - 2022-11-24 10:53:30 --> Output Class Initialized
INFO - 2022-11-24 10:53:30 --> Security Class Initialized
DEBUG - 2022-11-24 10:53:30 --> Global POST, GET and COOKIE data sanitized
INFO - 2022-11-24 10:53:30 --> Input Class Initialized
INFO - 2022-11-24 10:53:30 --> Language Class Initialized
INFO - 2022-11-24 10:53:30 --> Loader Class Initialized
INFO - 2022-11-24 10:53:30 --> Helper loaded: url_helper
INFO - 2022-11-24 10:53:30 --> Helper loaded: form_helper
INFO - 2022-11-24 10:53:30 --> Helper loaded: cookie_helper
INFO - 2022-11-24 10:53:30 --> Helper loaded: file_helper
INFO - 2022-11-24 10:53:30 --> Helper loaded: html_helper
INFO - 2022-11-24 10:53:30 --> Database Driver Class Initialized
INFO - 2022-11-24 10:53:31 --> Session: Class initialized using 'files' driver.
INFO - 2022-11-24 10:53:31 --> Form Validation Class Initialized
DEBUG - 2022-11-24 10:53:31 --> Encryption: Auto-configured driver 'openssl'.
INFO - 2022-11-24 10:53:31 --> Encryption: OpenSSL initialized with method AES-128-CBC.
INFO - 2022-11-24 10:53:31 --> Encryption Class Initialized
INFO - 2022-11-24 10:53:31 --> Email Class Initialized
INFO - 2022-11-24 10:53:31 --> Upload Class Initialized
INFO - 2022-11-24 10:53:31 --> Model "UserModel" initialized
INFO - 2022-11-24 10:53:31 --> Model "UtilView" initialized
INFO - 2022-11-24 10:53:31 --> Model "LoaderView" initialized
INFO - 2022-11-24 10:53:31 --> Controller Class Initialized
INFO - 2022-11-24 10:53:31 --> File loaded: /home/mrmaxpomme/Domo/equipe1-1/Casporama/application/views/home/head.php
INFO - 2022-11-24 10:53:31 --> File loaded: /home/mrmaxpomme/Domo/equipe1-1/Casporama/application/views/templates/blank.php
INFO - 2022-11-24 10:53:31 --> File loaded: /home/mrmaxpomme/Domo/equipe1-1/Casporama/application/views/home/home.php
INFO - 2022-11-24 10:53:31 --> File loaded: /home/mrmaxpomme/Domo/equipe1-1/Casporama/application/views/templates/blank.php
INFO - 2022-11-24 10:53:31 --> File loaded: /home/mrmaxpomme/Domo/equipe1-1/Casporama/application/views/templates/base.php
INFO - 2022-11-24 10:53:31 --> Final output sent to browser
DEBUG - 2022-11-24 10:53:31 --> Total execution time: 0.5196
INFO - 2022-11-24 10:53:34 --> Config Class Initialized
INFO - 2022-11-24 10:53:34 --> Hooks Class Initialized
DEBUG - 2022-11-24 10:53:34 --> UTF-8 Support Enabled
INFO - 2022-11-24 10:53:34 --> Utf8 Class Initialized
INFO - 2022-11-24 10:53:34 --> URI Class Initialized
INFO - 2022-11-24 10:53:34 --> Router Class Initialized
INFO - 2022-11-24 10:53:34 --> Output Class Initialized
INFO - 2022-11-24 10:53:34 --> Security Class Initialized
DEBUG - 2022-11-24 10:53:34 --> Global POST, GET and COOKIE data sanitized
INFO - 2022-11-24 10:53:34 --> Input Class Initialized
INFO - 2022-11-24 10:53:34 --> Language Class Initialized
INFO - 2022-11-24 10:53:34 --> Loader Class Initialized
INFO - 2022-11-24 10:53:34 --> Helper loaded: url_helper
INFO - 2022-11-24 10:53:34 --> Helper loaded: form_helper
INFO - 2022-11-24 10:53:34 --> Helper loaded: cookie_helper
INFO - 2022-11-24 10:53:34 --> Helper loaded: file_helper
INFO - 2022-11-24 10:53:34 --> Helper loaded: html_helper
INFO - 2022-11-24 10:53:34 --> Database Driver Class Initialized
INFO - 2022-11-24 10:53:35 --> Session: Class initialized using 'files' driver.
INFO - 2022-11-24 10:53:35 --> Form Validation Class Initialized
DEBUG - 2022-11-24 10:53:35 --> Encryption: Auto-configured driver 'openssl'.
INFO - 2022-11-24 10:53:35 --> Encryption: OpenSSL initialized with method AES-128-CBC.
INFO - 2022-11-24 10:53:35 --> Encryption Class Initialized
INFO - 2022-11-24 10:53:35 --> Email Class Initialized
INFO - 2022-11-24 10:53:35 --> Upload Class Initialized
INFO - 2022-11-24 10:53:35 --> Model "UserModel" initialized
INFO - 2022-11-24 10:53:35 --> Model "UtilView" initialized
INFO - 2022-11-24 10:53:35 --> Model "LoaderView" initialized
INFO - 2022-11-24 10:53:35 --> Controller Class Initialized
INFO - 2022-11-24 10:53:35 --> File loaded: /home/mrmaxpomme/Domo/equipe1-1/Casporama/application/views/templates/head.php
INFO - 2022-11-24 10:53:35 --> File loaded: /home/mrmaxpomme/Domo/equipe1-1/Casporama/application/views/templates/header.php
INFO - 2022-11-24 10:53:35 --> File loaded: /home/mrmaxpomme/Domo/equipe1-1/Casporama/application/views/templates/content.php
INFO - 2022-11-24 10:53:35 --> File loaded: /home/mrmaxpomme/Domo/equipe1-1/Casporama/application/views/templates/footer.php
INFO - 2022-11-24 10:53:35 --> Model "ProductModel" initialized
INFO - 2022-11-24 10:53:35 --> File loaded: /home/mrmaxpomme/Domo/equipe1-1/Casporama/application/views/shop/home/head.php
INFO - 2022-11-24 10:53:35 --> File loaded: /home/mrmaxpomme/Domo/equipe1-1/Casporama/application/views/shop/Football/homeHead.php
INFO - 2022-11-24 10:53:35 --> File loaded: /home/mrmaxpomme/Domo/equipe1-1/Casporama/application/views/shop/global/header.php
INFO - 2022-11-24 10:53:35 --> File loaded: /home/mrmaxpomme/Domo/equipe1-1/Casporama/application/views/shop/Football/homeContent.php
INFO - 2022-11-24 10:53:35 --> File loaded: /home/mrmaxpomme/Domo/equipe1-1/Casporama/application/views/templates/blank.php
INFO - 2022-11-24 10:53:35 --> File loaded: /home/mrmaxpomme/Domo/equipe1-1/Casporama/application/views/shop/global/homeTemplate.php
INFO - 2022-11-24 10:53:35 --> Final output sent to browser
DEBUG - 2022-11-24 10:53:35 --> Total execution time: 0.2581
INFO - 2022-11-24 10:53:35 --> Config Class Initialized
INFO - 2022-11-24 10:53:35 --> Hooks Class Initialized
DEBUG - 2022-11-24 10:53:35 --> UTF-8 Support Enabled
INFO - 2022-11-24 10:53:35 --> Utf8 Class Initialized
INFO - 2022-11-24 10:53:35 --> URI Class Initialized
INFO - 2022-11-24 10:53:35 --> Router Class Initialized
INFO - 2022-11-24 10:53:35 --> Output Class Initialized
INFO - 2022-11-24 10:53:35 --> Security Class Initialized
DEBUG - 2022-11-24 10:53:35 --> Global POST, GET and COOKIE data sanitized
INFO - 2022-11-24 10:53:35 --> Input Class Initialized
INFO - 2022-11-24 10:53:35 --> Language Class Initialized
ERROR - 2022-11-24 10:53:35 --> 404 Page Not Found: Static/css
INFO - 2022-11-24 10:53:35 --> Config Class Initialized
INFO - 2022-11-24 10:53:35 --> Hooks Class Initialized
DEBUG - 2022-11-24 10:53:35 --> UTF-8 Support Enabled
INFO - 2022-11-24 10:53:35 --> Utf8 Class Initialized
INFO - 2022-11-24 10:53:35 --> URI Class Initialized
INFO - 2022-11-24 10:53:35 --> Router Class Initialized
INFO - 2022-11-24 10:53:35 --> Output Class Initialized
INFO - 2022-11-24 10:53:35 --> Security Class Initialized
DEBUG - 2022-11-24 10:53:35 --> Global POST, GET and COOKIE data sanitized
INFO - 2022-11-24 10:53:35 --> Config Class Initialized
INFO - 2022-11-24 10:53:35 --> Input Class Initialized
INFO - 2022-11-24 10:53:35 --> Hooks Class Initialized
INFO - 2022-11-24 10:53:35 --> Language Class Initialized
ERROR - 2022-11-24 10:53:35 --> 404 Page Not Found: Static/fonts
DEBUG - 2022-11-24 10:53:35 --> UTF-8 Support Enabled
INFO - 2022-11-24 10:53:35 --> Utf8 Class Initialized
INFO - 2022-11-24 10:53:35 --> URI Class Initialized
INFO - 2022-11-24 10:53:35 --> Router Class Initialized
INFO - 2022-11-24 10:53:35 --> Output Class Initialized
INFO - 2022-11-24 10:53:35 --> Security Class Initialized
DEBUG - 2022-11-24 10:53:35 --> Global POST, GET and COOKIE data sanitized
INFO - 2022-11-24 10:53:35 --> Input Class Initialized
INFO - 2022-11-24 10:53:35 --> Language Class Initialized
ERROR - 2022-11-24 10:53:35 --> 404 Page Not Found: Static/fonts
INFO - 2022-11-24 11:09:09 --> Config Class Initialized
INFO - 2022-11-24 11:09:09 --> Hooks Class Initialized
DEBUG - 2022-11-24 11:09:09 --> UTF-8 Support Enabled
INFO - 2022-11-24 11:09:09 --> Utf8 Class Initialized
INFO - 2022-11-24 11:09:09 --> URI Class Initialized
INFO - 2022-11-24 11:09:09 --> Router Class Initialized
INFO - 2022-11-24 11:09:09 --> Output Class Initialized
INFO - 2022-11-24 11:09:09 --> Security Class Initialized
DEBUG - 2022-11-24 11:09:09 --> Global POST, GET and COOKIE data sanitized
INFO - 2022-11-24 11:09:09 --> Input Class Initialized
INFO - 2022-11-24 11:09:09 --> Language Class Initialized
INFO - 2022-11-24 11:09:09 --> Loader Class Initialized
INFO - 2022-11-24 11:09:09 --> Helper loaded: url_helper
INFO - 2022-11-24 11:09:09 --> Helper loaded: form_helper
INFO - 2022-11-24 11:09:09 --> Helper loaded: cookie_helper
INFO - 2022-11-24 11:09:09 --> Helper loaded: file_helper
INFO - 2022-11-24 11:09:09 --> Helper loaded: html_helper
INFO - 2022-11-24 11:09:09 --> Database Driver Class Initialized
INFO - 2022-11-24 11:09:09 --> Session: Class initialized using 'files' driver.
INFO - 2022-11-24 11:09:09 --> Form Validation Class Initialized
DEBUG - 2022-11-24 11:09:09 --> Encryption: Auto-configured driver 'openssl'.
INFO - 2022-11-24 11:09:09 --> Encryption: OpenSSL initialized with method AES-128-CBC.
INFO - 2022-11-24 11:09:09 --> Encryption Class Initialized
INFO - 2022-11-24 11:09:09 --> Email Class Initialized
INFO - 2022-11-24 11:09:09 --> Upload Class Initialized
INFO - 2022-11-24 11:09:09 --> Model "UserModel" initialized
INFO - 2022-11-24 11:09:09 --> Model "UtilView" initialized
INFO - 2022-11-24 11:09:09 --> Model "LoaderView" initialized
INFO - 2022-11-24 11:09:09 --> Controller Class Initialized
INFO - 2022-11-24 11:09:09 --> File loaded: /home/mrmaxpomme/Domo/equipe1-1/Casporama/application/views/templates/head.php
INFO - 2022-11-24 11:09:09 --> File loaded: /home/mrmaxpomme/Domo/equipe1-1/Casporama/application/views/templates/header.php
INFO - 2022-11-24 11:09:09 --> File loaded: /home/mrmaxpomme/Domo/equipe1-1/Casporama/application/views/templates/content.php
INFO - 2022-11-24 11:09:09 --> File loaded: /home/mrmaxpomme/Domo/equipe1-1/Casporama/application/views/templates/footer.php
INFO - 2022-11-24 11:09:09 --> Model "ProductModel" initialized
INFO - 2022-11-24 11:09:09 --> File loaded: /home/mrmaxpomme/Domo/equipe1-1/Casporama/application/views/shop/home/head.php
INFO - 2022-11-24 11:09:09 --> File loaded: /home/mrmaxpomme/Domo/equipe1-1/Casporama/application/views/shop/Football/homeHead.php
INFO - 2022-11-24 11:09:09 --> File loaded: /home/mrmaxpomme/Domo/equipe1-1/Casporama/application/views/shop/global/header.php
INFO - 2022-11-24 11:09:09 --> File loaded: /home/mrmaxpomme/Domo/equipe1-1/Casporama/application/views/shop/Football/homeContent.php
INFO - 2022-11-24 11:09:09 --> File loaded: /home/mrmaxpomme/Domo/equipe1-1/Casporama/application/views/templates/blank.php
INFO - 2022-11-24 11:09:09 --> File loaded: /home/mrmaxpomme/Domo/equipe1-1/Casporama/application/views/shop/global/homeTemplate.php
INFO - 2022-11-24 11:09:09 --> Final output sent to browser
DEBUG - 2022-11-24 11:09:09 --> Total execution time: 0.2573
INFO - 2022-11-24 11:09:09 --> Config Class Initialized
INFO - 2022-11-24 11:09:09 --> Hooks Class Initialized
DEBUG - 2022-11-24 11:09:09 --> UTF-8 Support Enabled
INFO - 2022-11-24 11:09:09 --> Utf8 Class Initialized
INFO - 2022-11-24 11:09:09 --> URI Class Initialized
INFO - 2022-11-24 11:09:09 --> Router Class Initialized
INFO - 2022-11-24 11:09:09 --> Output Class Initialized
INFO - 2022-11-24 11:09:09 --> Security Class Initialized
DEBUG - 2022-11-24 11:09:09 --> Global POST, GET and COOKIE data sanitized
INFO - 2022-11-24 11:09:09 --> Input Class Initialized
INFO - 2022-11-24 11:09:09 --> Language Class Initialized
ERROR - 2022-11-24 11:09:09 --> 404 Page Not Found: Static/css
INFO - 2022-11-24 11:09:09 --> Config Class Initialized
INFO - 2022-11-24 11:09:09 --> Hooks Class Initialized
DEBUG - 2022-11-24 11:09:09 --> UTF-8 Support Enabled
INFO - 2022-11-24 11:09:09 --> Config Class Initialized
INFO - 2022-11-24 11:09:09 --> Utf8 Class Initialized
INFO - 2022-11-24 11:09:09 --> Hooks Class Initialized
DEBUG - 2022-11-24 11:09:09 --> UTF-8 Support Enabled
INFO - 2022-11-24 11:09:09 --> URI Class Initialized
INFO - 2022-11-24 11:09:09 --> Utf8 Class Initialized
INFO - 2022-11-24 11:09:10 --> URI Class Initialized
INFO - 2022-11-24 11:09:10 --> Router Class Initialized
INFO - 2022-11-24 11:09:10 --> Router Class Initialized
INFO - 2022-11-24 11:09:10 --> Output Class Initialized
INFO - 2022-11-24 11:09:10 --> Output Class Initialized
INFO - 2022-11-24 11:09:10 --> Security Class Initialized
INFO - 2022-11-24 11:09:10 --> Security Class Initialized
DEBUG - 2022-11-24 11:09:10 --> Global POST, GET and COOKIE data sanitized
INFO - 2022-11-24 11:09:10 --> Input Class Initialized
DEBUG - 2022-11-24 11:09:10 --> Global POST, GET and COOKIE data sanitized
INFO - 2022-11-24 11:09:10 --> Language Class Initialized
INFO - 2022-11-24 11:09:10 --> Input Class Initialized
INFO - 2022-11-24 11:09:10 --> Language Class Initialized
ERROR - 2022-11-24 11:09:10 --> 404 Page Not Found: Static/fonts
ERROR - 2022-11-24 11:09:10 --> 404 Page Not Found: Static/fonts
INFO - 2022-11-24 11:09:10 --> Config Class Initialized
INFO - 2022-11-24 11:09:10 --> Hooks Class Initialized
DEBUG - 2022-11-24 11:09:10 --> UTF-8 Support Enabled
INFO - 2022-11-24 11:09:10 --> Utf8 Class Initialized
INFO - 2022-11-24 11:09:10 --> URI Class Initialized
DEBUG - 2022-11-24 11:09:10 --> No URI present. Default controller set.
INFO - 2022-11-24 11:09:10 --> Router Class Initialized
INFO - 2022-11-24 11:09:10 --> Output Class Initialized
INFO - 2022-11-24 11:09:10 --> Security Class Initialized
DEBUG - 2022-11-24 11:09:10 --> Global POST, GET and COOKIE data sanitized
INFO - 2022-11-24 11:09:10 --> Input Class Initialized
INFO - 2022-11-24 11:09:10 --> Language Class Initialized
INFO - 2022-11-24 11:09:10 --> Loader Class Initialized
INFO - 2022-11-24 11:09:10 --> Helper loaded: url_helper
INFO - 2022-11-24 11:09:10 --> Helper loaded: form_helper
INFO - 2022-11-24 11:09:10 --> Helper loaded: cookie_helper
INFO - 2022-11-24 11:09:10 --> Helper loaded: file_helper
INFO - 2022-11-24 11:09:10 --> Helper loaded: html_helper
INFO - 2022-11-24 11:09:10 --> Database Driver Class Initialized
INFO - 2022-11-24 11:09:10 --> Session: Class initialized using 'files' driver.
INFO - 2022-11-24 11:09:10 --> Form Validation Class Initialized
DEBUG - 2022-11-24 11:09:10 --> Encryption: Auto-configured driver 'openssl'.
INFO - 2022-11-24 11:09:10 --> Encryption: OpenSSL initialized with method AES-128-CBC.
INFO - 2022-11-24 11:09:10 --> Encryption Class Initialized
INFO - 2022-11-24 11:09:10 --> Email Class Initialized
INFO - 2022-11-24 11:09:10 --> Upload Class Initialized
INFO - 2022-11-24 11:09:10 --> Model "UserModel" initialized
INFO - 2022-11-24 11:09:10 --> Model "UtilView" initialized
INFO - 2022-11-24 11:09:10 --> Model "LoaderView" initialized
INFO - 2022-11-24 11:09:10 --> Controller Class Initialized
INFO - 2022-11-24 11:09:10 --> File loaded: /home/mrmaxpomme/Domo/equipe1-1/Casporama/application/views/home/head.php
INFO - 2022-11-24 11:09:10 --> File loaded: /home/mrmaxpomme/Domo/equipe1-1/Casporama/application/views/templates/blank.php
INFO - 2022-11-24 11:09:10 --> File loaded: /home/mrmaxpomme/Domo/equipe1-1/Casporama/application/views/home/home.php
INFO - 2022-11-24 11:09:10 --> File loaded: /home/mrmaxpomme/Domo/equipe1-1/Casporama/application/views/templates/blank.php
INFO - 2022-11-24 11:09:10 --> File loaded: /home/mrmaxpomme/Domo/equipe1-1/Casporama/application/views/templates/base.php
INFO - 2022-11-24 11:09:10 --> Final output sent to browser
DEBUG - 2022-11-24 11:09:10 --> Total execution time: 0.2665
INFO - 2022-11-24 11:09:11 --> Config Class Initialized
INFO - 2022-11-24 11:09:11 --> Hooks Class Initialized
DEBUG - 2022-11-24 11:09:11 --> UTF-8 Support Enabled
INFO - 2022-11-24 11:09:11 --> Utf8 Class Initialized
INFO - 2022-11-24 11:09:11 --> URI Class Initialized
INFO - 2022-11-24 11:09:11 --> Router Class Initialized
INFO - 2022-11-24 11:09:11 --> Output Class Initialized
INFO - 2022-11-24 11:09:11 --> Security Class Initialized
DEBUG - 2022-11-24 11:09:11 --> Global POST, GET and COOKIE data sanitized
INFO - 2022-11-24 11:09:11 --> Input Class Initialized
INFO - 2022-11-24 11:09:11 --> Language Class Initialized
INFO - 2022-11-24 11:09:11 --> Loader Class Initialized
INFO - 2022-11-24 11:09:11 --> Helper loaded: url_helper
INFO - 2022-11-24 11:09:11 --> Helper loaded: form_helper
INFO - 2022-11-24 11:09:11 --> Helper loaded: cookie_helper
INFO - 2022-11-24 11:09:11 --> Helper loaded: file_helper
INFO - 2022-11-24 11:09:11 --> Helper loaded: html_helper
INFO - 2022-11-24 11:09:11 --> Database Driver Class Initialized
INFO - 2022-11-24 11:09:11 --> Session: Class initialized using 'files' driver.
INFO - 2022-11-24 11:09:11 --> Form Validation Class Initialized
DEBUG - 2022-11-24 11:09:11 --> Encryption: Auto-configured driver 'openssl'.
INFO - 2022-11-24 11:09:11 --> Encryption: OpenSSL initialized with method AES-128-CBC.
INFO - 2022-11-24 11:09:11 --> Encryption Class Initialized
INFO - 2022-11-24 11:09:11 --> Email Class Initialized
INFO - 2022-11-24 11:09:11 --> Upload Class Initialized
INFO - 2022-11-24 11:09:11 --> Model "UserModel" initialized
INFO - 2022-11-24 11:09:11 --> Model "UtilView" initialized
INFO - 2022-11-24 11:09:11 --> Model "LoaderView" initialized
INFO - 2022-11-24 11:09:11 --> Controller Class Initialized
INFO - 2022-11-24 11:09:11 --> File loaded: /home/mrmaxpomme/Domo/equipe1-1/Casporama/application/views/templates/head.php
INFO - 2022-11-24 11:09:11 --> File loaded: /home/mrmaxpomme/Domo/equipe1-1/Casporama/application/views/templates/header.php
INFO - 2022-11-24 11:09:11 --> File loaded: /home/mrmaxpomme/Domo/equipe1-1/Casporama/application/views/templates/content.php
INFO - 2022-11-24 11:09:11 --> File loaded: /home/mrmaxpomme/Domo/equipe1-1/Casporama/application/views/templates/footer.php
INFO - 2022-11-24 11:09:11 --> Model "ProductModel" initialized
INFO - 2022-11-24 11:09:11 --> File loaded: /home/mrmaxpomme/Domo/equipe1-1/Casporama/application/views/shop/home/head.php
INFO - 2022-11-24 11:09:11 --> File loaded: /home/mrmaxpomme/Domo/equipe1-1/Casporama/application/views/shop/Football/homeHead.php
INFO - 2022-11-24 11:09:11 --> File loaded: /home/mrmaxpomme/Domo/equipe1-1/Casporama/application/views/shop/global/header.php
INFO - 2022-11-24 11:09:11 --> File loaded: /home/mrmaxpomme/Domo/equipe1-1/Casporama/application/views/shop/Football/homeContent.php
INFO - 2022-11-24 11:09:11 --> File loaded: /home/mrmaxpomme/Domo/equipe1-1/Casporama/application/views/templates/blank.php
INFO - 2022-11-24 11:09:12 --> File loaded: /home/mrmaxpomme/Domo/equipe1-1/Casporama/application/views/shop/global/homeTemplate.php
INFO - 2022-11-24 11:09:12 --> Final output sent to browser
DEBUG - 2022-11-24 11:09:12 --> Total execution time: 0.3893
INFO - 2022-11-24 11:09:12 --> Config Class Initialized
INFO - 2022-11-24 11:09:12 --> Hooks Class Initialized
DEBUG - 2022-11-24 11:09:12 --> UTF-8 Support Enabled
INFO - 2022-11-24 11:09:12 --> Utf8 Class Initialized
INFO - 2022-11-24 11:09:12 --> URI Class Initialized
INFO - 2022-11-24 11:09:12 --> Router Class Initialized
INFO - 2022-11-24 11:09:12 --> Output Class Initialized
INFO - 2022-11-24 11:09:12 --> Security Class Initialized
DEBUG - 2022-11-24 11:09:12 --> Global POST, GET and COOKIE data sanitized
INFO - 2022-11-24 11:09:12 --> Input Class Initialized
INFO - 2022-11-24 11:09:12 --> Language Class Initialized
ERROR - 2022-11-24 11:09:12 --> 404 Page Not Found: Static/css
INFO - 2022-11-24 11:09:12 --> Config Class Initialized
INFO - 2022-11-24 11:09:12 --> Hooks Class Initialized
DEBUG - 2022-11-24 11:09:12 --> UTF-8 Support Enabled
INFO - 2022-11-24 11:09:12 --> Utf8 Class Initialized
INFO - 2022-11-24 11:09:12 --> URI Class Initialized
INFO - 2022-11-24 11:09:12 --> Router Class Initialized
INFO - 2022-11-24 11:09:12 --> Output Class Initialized
INFO - 2022-11-24 11:09:12 --> Security Class Initialized
DEBUG - 2022-11-24 11:09:12 --> Global POST, GET and COOKIE data sanitized
INFO - 2022-11-24 11:09:12 --> Config Class Initialized
INFO - 2022-11-24 11:09:12 --> Input Class Initialized
INFO - 2022-11-24 11:09:12 --> Hooks Class Initialized
INFO - 2022-11-24 11:09:12 --> Language Class Initialized
DEBUG - 2022-11-24 11:09:12 --> UTF-8 Support Enabled
ERROR - 2022-11-24 11:09:12 --> 404 Page Not Found: Static/fonts
INFO - 2022-11-24 11:09:12 --> Utf8 Class Initialized
INFO - 2022-11-24 11:09:12 --> URI Class Initialized
INFO - 2022-11-24 11:09:12 --> Router Class Initialized
INFO - 2022-11-24 11:09:12 --> Output Class Initialized
INFO - 2022-11-24 11:09:12 --> Security Class Initialized
DEBUG - 2022-11-24 11:09:12 --> Global POST, GET and COOKIE data sanitized
INFO - 2022-11-24 11:09:12 --> Input Class Initialized
INFO - 2022-11-24 11:09:12 --> Language Class Initialized
ERROR - 2022-11-24 11:09:12 --> 404 Page Not Found: Static/fonts
INFO - 2022-11-24 11:09:14 --> Config Class Initialized
INFO - 2022-11-24 11:09:14 --> Hooks Class Initialized
DEBUG - 2022-11-24 11:09:14 --> UTF-8 Support Enabled
INFO - 2022-11-24 11:09:14 --> Utf8 Class Initialized
INFO - 2022-11-24 11:09:14 --> URI Class Initialized
INFO - 2022-11-24 11:09:14 --> Router Class Initialized
INFO - 2022-11-24 11:09:14 --> Output Class Initialized
INFO - 2022-11-24 11:09:14 --> Security Class Initialized
DEBUG - 2022-11-24 11:09:14 --> Global POST, GET and COOKIE data sanitized
INFO - 2022-11-24 11:09:14 --> Input Class Initialized
INFO - 2022-11-24 11:09:14 --> Language Class Initialized
INFO - 2022-11-24 11:09:14 --> Loader Class Initialized
INFO - 2022-11-24 11:09:14 --> Helper loaded: url_helper
INFO - 2022-11-24 11:09:14 --> Helper loaded: form_helper
INFO - 2022-11-24 11:09:14 --> Helper loaded: cookie_helper
INFO - 2022-11-24 11:09:14 --> Helper loaded: file_helper
INFO - 2022-11-24 11:09:14 --> Helper loaded: html_helper
INFO - 2022-11-24 11:09:14 --> Database Driver Class Initialized
INFO - 2022-11-24 11:09:14 --> Session: Class initialized using 'files' driver.
INFO - 2022-11-24 11:09:14 --> Form Validation Class Initialized
DEBUG - 2022-11-24 11:09:14 --> Encryption: Auto-configured driver 'openssl'.
INFO - 2022-11-24 11:09:14 --> Encryption: OpenSSL initialized with method AES-128-CBC.
INFO - 2022-11-24 11:09:14 --> Encryption Class Initialized
INFO - 2022-11-24 11:09:14 --> Email Class Initialized
INFO - 2022-11-24 11:09:14 --> Upload Class Initialized
INFO - 2022-11-24 11:09:14 --> Model "UserModel" initialized
INFO - 2022-11-24 11:09:14 --> Model "UtilView" initialized
INFO - 2022-11-24 11:09:14 --> Model "LoaderView" initialized
INFO - 2022-11-24 11:09:14 --> Controller Class Initialized
INFO - 2022-11-24 11:09:14 --> File loaded: /home/mrmaxpomme/Domo/equipe1-1/Casporama/application/views/templates/head.php
INFO - 2022-11-24 11:09:14 --> File loaded: /home/mrmaxpomme/Domo/equipe1-1/Casporama/application/views/templates/header.php
INFO - 2022-11-24 11:09:14 --> File loaded: /home/mrmaxpomme/Domo/equipe1-1/Casporama/application/views/templates/content.php
INFO - 2022-11-24 11:09:14 --> File loaded: /home/mrmaxpomme/Domo/equipe1-1/Casporama/application/views/templates/footer.php
INFO - 2022-11-24 11:09:14 --> Model "ProductModel" initialized
INFO - 2022-11-24 11:09:14 --> File loaded: /home/mrmaxpomme/Domo/equipe1-1/Casporama/application/views/shop/view/head.php
INFO - 2022-11-24 11:09:14 --> File loaded: /home/mrmaxpomme/Domo/equipe1-1/Casporama/application/views/shop/global/header.php
INFO - 2022-11-24 11:09:14 --> File loaded: /home/mrmaxpomme/Domo/equipe1-1/Casporama/application/views/shop/global/viewContent.php
INFO - 2022-11-24 11:09:14 --> File loaded: /home/mrmaxpomme/Domo/equipe1-1/Casporama/application/views/templates/blank.php
INFO - 2022-11-24 11:09:14 --> File loaded: /home/mrmaxpomme/Domo/equipe1-1/Casporama/application/views/templates/base.php
INFO - 2022-11-24 11:09:14 --> Final output sent to browser
DEBUG - 2022-11-24 11:09:14 --> Total execution time: 0.3668
INFO - 2022-11-24 11:09:15 --> Config Class Initialized
INFO - 2022-11-24 11:09:15 --> Hooks Class Initialized
DEBUG - 2022-11-24 11:09:15 --> UTF-8 Support Enabled
INFO - 2022-11-24 11:09:15 --> Utf8 Class Initialized
INFO - 2022-11-24 11:09:15 --> URI Class Initialized
INFO - 2022-11-24 11:09:15 --> Router Class Initialized
INFO - 2022-11-24 11:09:15 --> Output Class Initialized
INFO - 2022-11-24 11:09:15 --> Security Class Initialized
DEBUG - 2022-11-24 11:09:15 --> Global POST, GET and COOKIE data sanitized
INFO - 2022-11-24 11:09:15 --> Input Class Initialized
INFO - 2022-11-24 11:09:15 --> Language Class Initialized
INFO - 2022-11-24 11:09:15 --> Loader Class Initialized
INFO - 2022-11-24 11:09:15 --> Helper loaded: url_helper
INFO - 2022-11-24 11:09:15 --> Helper loaded: form_helper
INFO - 2022-11-24 11:09:15 --> Helper loaded: cookie_helper
INFO - 2022-11-24 11:09:15 --> Helper loaded: file_helper
INFO - 2022-11-24 11:09:15 --> Helper loaded: html_helper
INFO - 2022-11-24 11:09:15 --> Database Driver Class Initialized
INFO - 2022-11-24 11:09:15 --> Session: Class initialized using 'files' driver.
INFO - 2022-11-24 11:09:15 --> Form Validation Class Initialized
DEBUG - 2022-11-24 11:09:15 --> Encryption: Auto-configured driver 'openssl'.
INFO - 2022-11-24 11:09:15 --> Encryption: OpenSSL initialized with method AES-128-CBC.
INFO - 2022-11-24 11:09:15 --> Encryption Class Initialized
INFO - 2022-11-24 11:09:15 --> Email Class Initialized
INFO - 2022-11-24 11:09:15 --> Upload Class Initialized
INFO - 2022-11-24 11:09:15 --> Model "UserModel" initialized
INFO - 2022-11-24 11:09:15 --> Model "UtilView" initialized
INFO - 2022-11-24 11:09:15 --> Model "LoaderView" initialized
INFO - 2022-11-24 11:09:15 --> Controller Class Initialized
INFO - 2022-11-24 11:09:15 --> File loaded: /home/mrmaxpomme/Domo/equipe1-1/Casporama/application/views/templates/head.php
INFO - 2022-11-24 11:09:15 --> File loaded: /home/mrmaxpomme/Domo/equipe1-1/Casporama/application/views/templates/header.php
INFO - 2022-11-24 11:09:15 --> File loaded: /home/mrmaxpomme/Domo/equipe1-1/Casporama/application/views/templates/content.php
INFO - 2022-11-24 11:09:15 --> File loaded: /home/mrmaxpomme/Domo/equipe1-1/Casporama/application/views/templates/footer.php
INFO - 2022-11-24 11:09:15 --> Model "ProductModel" initialized
INFO - 2022-11-24 11:09:15 --> File loaded: /home/mrmaxpomme/Domo/equipe1-1/Casporama/application/views/shop/product/head.php
INFO - 2022-11-24 11:09:15 --> File loaded: /home/mrmaxpomme/Domo/equipe1-1/Casporama/application/views/shop/global/header.php
INFO - 2022-11-24 11:09:15 --> File loaded: /home/mrmaxpomme/Domo/equipe1-1/Casporama/application/views/shop/product/productContent.php
INFO - 2022-11-24 11:09:15 --> File loaded: /home/mrmaxpomme/Domo/equipe1-1/Casporama/application/views/templates/blank.php
INFO - 2022-11-24 11:09:15 --> File loaded: /home/mrmaxpomme/Domo/equipe1-1/Casporama/application/views/templates/base.php
INFO - 2022-11-24 11:09:15 --> Final output sent to browser
DEBUG - 2022-11-24 11:09:15 --> Total execution time: 0.4146
INFO - 2022-11-24 11:09:19 --> Config Class Initialized
INFO - 2022-11-24 11:09:19 --> Hooks Class Initialized
DEBUG - 2022-11-24 11:09:19 --> UTF-8 Support Enabled
INFO - 2022-11-24 11:09:19 --> Utf8 Class Initialized
INFO - 2022-11-24 11:09:19 --> URI Class Initialized
INFO - 2022-11-24 11:09:19 --> Router Class Initialized
INFO - 2022-11-24 11:09:19 --> Output Class Initialized
INFO - 2022-11-24 11:09:19 --> Security Class Initialized
DEBUG - 2022-11-24 11:09:19 --> Global POST, GET and COOKIE data sanitized
INFO - 2022-11-24 11:09:19 --> Input Class Initialized
INFO - 2022-11-24 11:09:19 --> Language Class Initialized
INFO - 2022-11-24 11:09:19 --> Loader Class Initialized
INFO - 2022-11-24 11:09:19 --> Helper loaded: url_helper
INFO - 2022-11-24 11:09:19 --> Helper loaded: form_helper
INFO - 2022-11-24 11:09:19 --> Helper loaded: cookie_helper
INFO - 2022-11-24 11:09:19 --> Helper loaded: file_helper
INFO - 2022-11-24 11:09:19 --> Helper loaded: html_helper
INFO - 2022-11-24 11:09:19 --> Database Driver Class Initialized
INFO - 2022-11-24 11:09:19 --> Session: Class initialized using 'files' driver.
INFO - 2022-11-24 11:09:19 --> Form Validation Class Initialized
DEBUG - 2022-11-24 11:09:19 --> Encryption: Auto-configured driver 'openssl'.
INFO - 2022-11-24 11:09:19 --> Encryption: OpenSSL initialized with method AES-128-CBC.
INFO - 2022-11-24 11:09:19 --> Encryption Class Initialized
INFO - 2022-11-24 11:09:19 --> Email Class Initialized
INFO - 2022-11-24 11:09:19 --> Upload Class Initialized
INFO - 2022-11-24 11:09:19 --> Model "UserModel" initialized
INFO - 2022-11-24 11:09:19 --> Model "UtilView" initialized
INFO - 2022-11-24 11:09:19 --> Model "LoaderView" initialized
INFO - 2022-11-24 11:09:19 --> Controller Class Initialized
INFO - 2022-11-24 11:09:19 --> Model "CaptchaModel" initialized
INFO - 2022-11-24 11:09:19 --> Helper loaded: captcha_helper
INFO - 2022-11-24 11:09:19 --> File loaded: /home/mrmaxpomme/Domo/equipe1-1/Casporama/application/views/user/login/error/head.php
INFO - 2022-11-24 11:09:19 --> File loaded: /home/mrmaxpomme/Domo/equipe1-1/Casporama/application/views/templates/blank.php
INFO - 2022-11-24 11:09:19 --> File loaded: /home/mrmaxpomme/Domo/equipe1-1/Casporama/application/views/user/login/loginContent.php
INFO - 2022-11-24 11:09:19 --> File loaded: /home/mrmaxpomme/Domo/equipe1-1/Casporama/application/views/templates/blank.php
INFO - 2022-11-24 11:09:19 --> File loaded: /home/mrmaxpomme/Domo/equipe1-1/Casporama/application/views/templates/base.php
INFO - 2022-11-24 11:09:19 --> Final output sent to browser
DEBUG - 2022-11-24 11:09:19 --> Total execution time: 0.2885
INFO - 2022-11-24 11:09:24 --> Config Class Initialized
INFO - 2022-11-24 11:09:24 --> Hooks Class Initialized
DEBUG - 2022-11-24 11:09:24 --> UTF-8 Support Enabled
INFO - 2022-11-24 11:09:24 --> Utf8 Class Initialized
INFO - 2022-11-24 11:09:24 --> URI Class Initialized
INFO - 2022-11-24 11:09:24 --> Router Class Initialized
INFO - 2022-11-24 11:09:24 --> Output Class Initialized
INFO - 2022-11-24 11:09:24 --> Security Class Initialized
DEBUG - 2022-11-24 11:09:24 --> Global POST, GET and COOKIE data sanitized
INFO - 2022-11-24 11:09:24 --> Input Class Initialized
INFO - 2022-11-24 11:09:24 --> Language Class Initialized
INFO - 2022-11-24 11:09:24 --> Loader Class Initialized
INFO - 2022-11-24 11:09:24 --> Helper loaded: url_helper
INFO - 2022-11-24 11:09:24 --> Helper loaded: form_helper
INFO - 2022-11-24 11:09:24 --> Helper loaded: cookie_helper
INFO - 2022-11-24 11:09:24 --> Helper loaded: file_helper
INFO - 2022-11-24 11:09:24 --> Helper loaded: html_helper
INFO - 2022-11-24 11:09:24 --> Database Driver Class Initialized
INFO - 2022-11-24 11:09:24 --> Session: Class initialized using 'files' driver.
INFO - 2022-11-24 11:09:24 --> Form Validation Class Initialized
DEBUG - 2022-11-24 11:09:24 --> Encryption: Auto-configured driver 'openssl'.
INFO - 2022-11-24 11:09:24 --> Encryption: OpenSSL initialized with method AES-128-CBC.
INFO - 2022-11-24 11:09:24 --> Encryption Class Initialized
INFO - 2022-11-24 11:09:24 --> Email Class Initialized
INFO - 2022-11-24 11:09:24 --> Upload Class Initialized
INFO - 2022-11-24 11:09:24 --> Model "UserModel" initialized
INFO - 2022-11-24 11:09:24 --> Model "UtilView" initialized
INFO - 2022-11-24 11:09:24 --> Model "LoaderView" initialized
INFO - 2022-11-24 11:09:24 --> Controller Class Initialized
INFO - 2022-11-24 11:09:24 --> Model "CaptchaModel" initialized
INFO - 2022-11-24 11:09:24 --> Helper loaded: captcha_helper
INFO - 2022-11-24 11:09:24 --> Language file loaded: language/english/form_validation_lang.php
ERROR - 2022-11-24 11:09:24 --> Query error: PROCEDURE Casporama.user.verifyLogin does not exist - Invalid query: Call user.verifyLogin('arthur')
INFO - 2022-11-24 11:09:24 --> Language file loaded: language/english/db_lang.php
