INFO - 2022-10-21 23:49:09 --> Config Class Initialized
INFO - 2022-10-21 23:49:09 --> Hooks Class Initialized
DEBUG - 2022-10-21 23:49:09 --> UTF-8 Support Enabled
INFO - 2022-10-21 23:49:09 --> Utf8 Class Initialized
INFO - 2022-10-21 23:49:09 --> URI Class Initialized
INFO - 2022-10-21 23:49:09 --> Router Class Initialized
INFO - 2022-10-21 23:49:09 --> Output Class Initialized
INFO - 2022-10-21 23:49:09 --> Security Class Initialized
DEBUG - 2022-10-21 23:49:09 --> Global POST, GET and COOKIE data sanitized
INFO - 2022-10-21 23:49:09 --> Input Class Initialized
INFO - 2022-10-21 23:49:09 --> Language Class Initialized
INFO - 2022-10-21 23:49:09 --> Loader Class Initialized
INFO - 2022-10-21 23:49:09 --> Helper loaded: url_helper
INFO - 2022-10-21 23:49:09 --> Helper loaded: form_helper
INFO - 2022-10-21 23:49:09 --> Helper loaded: cookie_helper
INFO - 2022-10-21 23:49:09 --> Database Driver Class Initialized
DEBUG - 2022-10-21 23:49:09 --> Session: "sess_save_path" is empty; using "session.save_path" value from php.ini.
INFO - 2022-10-21 23:49:09 --> Session: Class initialized using 'files' driver.
INFO - 2022-10-21 23:49:09 --> Form Validation Class Initialized
INFO - 2022-10-21 23:49:09 --> Controller Class Initialized
INFO - 2022-10-21 23:49:09 --> Model "UserModel" initialized
INFO - 2022-10-21 23:49:09 --> File loaded: /var/www/html/sae_3/Casporama/application/views/templates/head.php
INFO - 2022-10-21 23:49:09 --> File loaded: /var/www/html/sae_3/Casporama/application/views/templates/header.php
INFO - 2022-10-21 23:49:09 --> File loaded: /var/www/html/sae_3/Casporama/application/views/templates/content.php
INFO - 2022-10-21 23:49:09 --> File loaded: /var/www/html/sae_3/Casporama/application/views/templates/footer.php
INFO - 2022-10-21 23:49:09 --> File loaded: /var/www/html/sae_3/Casporama/application/views/templates/blank.php
INFO - 2022-10-21 23:49:09 --> File loaded: /var/www/html/sae_3/Casporama/application/views/templates/blank.php
ERROR - 2022-10-21 23:49:09 --> Severity: Warning --> Undefined variable $error /var/www/html/sae_3/Casporama/application/views/user/login/loginContent.php 5
INFO - 2022-10-21 23:49:09 --> File loaded: /var/www/html/sae_3/Casporama/application/views/user/login/loginContent.php
INFO - 2022-10-21 23:49:09 --> File loaded: /var/www/html/sae_3/Casporama/application/views/templates/blank.php
INFO - 2022-10-21 23:49:09 --> Language file loaded: language/english/form_validation_lang.php
INFO - 2022-10-21 23:49:09 --> Helper loaded: file_helper
DEBUG - 2022-10-21 23:49:09 --> DB cache path error: http://localhost/application/cache/
DEBUG - 2022-10-21 23:49:09 --> form validate ok
INFO - 2022-10-21 23:49:09 --> Final output sent to browser
DEBUG - 2022-10-21 23:49:09 --> Total execution time: 0.2110
